<?xml version="1.0" encoding="UTF-8"?>
<coverage generated="1701011232228" clover="3.2.0">
  <project timestamp="1701011232228" name="All files">
    <metrics statements="384" coveredstatements="263" conditionals="177" coveredconditionals="88" methods="97" coveredmethods="66" elements="658" coveredelements="417" complexity="0" loc="384" ncloc="384" packages="10" files="15" classes="15"/>
    <package name="src">
      <metrics statements="137" coveredstatements="132" conditionals="63" coveredconditionals="52" methods="33" coveredmethods="33"/>
      <file name="fluent.js" path="/home/darren/Dev/HomeIot/ApiV2/FluentIot/src/fluent.js">
        <metrics statements="62" coveredstatements="60" conditionals="24" coveredconditionals="20" methods="15" coveredmethods="15"/>
        <line num="1" count="1" type="stmt"/>
        <line num="2" count="1" type="stmt"/>
        <line num="3" count="1" type="stmt"/>
        <line num="5" count="1" type="stmt"/>
        <line num="6" count="1" type="stmt"/>
        <line num="7" count="1" type="stmt"/>
        <line num="15" count="1" type="stmt"/>
        <line num="16" count="1" type="stmt"/>
        <line num="17" count="1" type="stmt"/>
        <line num="18" count="1" type="stmt"/>
        <line num="21" count="1" type="cond" truecount="2" falsecount="0"/>
        <line num="22" count="1" type="stmt"/>
        <line num="25" count="1" type="stmt"/>
        <line num="26" count="0" type="cond" truecount="0" falsecount="2"/>
        <line num="27" count="0" type="stmt"/>
        <line num="38" count="2" type="stmt"/>
        <line num="41" count="2" type="stmt"/>
        <line num="42" count="1" type="stmt"/>
        <line num="43" count="1" type="cond" truecount="1" falsecount="1"/>
        <line num="45" count="1" type="stmt"/>
        <line num="47" count="1" type="stmt"/>
        <line num="48" count="1" type="stmt"/>
        <line num="49" count="1" type="cond" truecount="1" falsecount="1"/>
        <line num="50" count="1" type="stmt"/>
        <line num="51" count="1" type="stmt"/>
        <line num="63" count="9" type="stmt"/>
        <line num="64" count="3" type="stmt"/>
        <line num="66" count="3" type="cond" truecount="2" falsecount="0"/>
        <line num="67" count="1" type="stmt"/>
        <line num="70" count="2" type="stmt"/>
        <line num="71" count="2" type="stmt"/>
        <line num="72" count="2" type="stmt"/>
        <line num="74" count="2" type="stmt"/>
        <line num="76" count="2" type="stmt"/>
        <line num="79" count="9" type="stmt"/>
        <line num="81" count="3" type="stmt"/>
        <line num="84" count="3" type="cond" truecount="2" falsecount="0"/>
        <line num="85" count="1" type="stmt"/>
        <line num="87" count="2" type="stmt"/>
        <line num="90" count="3" type="stmt"/>
        <line num="101" count="15" type="stmt"/>
        <line num="103" count="13" type="cond" truecount="2" falsecount="0"/>
        <line num="104" count="1" type="stmt"/>
        <line num="108" count="12" type="stmt"/>
        <line num="109" count="11" type="cond" truecount="2" falsecount="0"/>
        <line num="110" count="1" type="stmt"/>
        <line num="114" count="11" type="stmt"/>
        <line num="115" count="11" type="stmt"/>
        <line num="118" count="11" type="stmt"/>
        <line num="120" count="11" type="stmt"/>
        <line num="123" count="15" type="stmt"/>
        <line num="125" count="13" type="stmt"/>
        <line num="128" count="2" type="stmt"/>
        <line num="140" count="13" type="cond" truecount="2" falsecount="0"/>
        <line num="141" count="2" type="stmt"/>
        <line num="142" count="2" type="stmt"/>
        <line num="145" count="13" type="cond" truecount="4" falsecount="0"/>
        <line num="146" count="9" type="stmt"/>
        <line num="149" count="4" type="stmt"/>
        <line num="150" count="8" type="cond" truecount="2" falsecount="0"/>
        <line num="156" count="1" type="stmt"/>
        <line num="158" count="1" type="stmt"/>
      </file>
      <file name="scenario.js" path="/home/darren/Dev/HomeIot/ApiV2/FluentIot/src/scenario.js">
        <metrics statements="75" coveredstatements="72" conditionals="39" coveredconditionals="32" methods="18" coveredmethods="18"/>
        <line num="2" count="1" type="stmt"/>
        <line num="13" count="22" type="cond" truecount="2" falsecount="0"/>
        <line num="14" count="3" type="stmt"/>
        <line num="16" count="19" type="cond" truecount="2" falsecount="0"/>
        <line num="17" count="1" type="stmt"/>
        <line num="20" count="18" type="stmt"/>
        <line num="21" count="18" type="stmt"/>
        <line num="23" count="18" type="stmt"/>
        <line num="24" count="18" type="stmt"/>
        <line num="25" count="18" type="stmt"/>
        <line num="26" count="18" type="stmt"/>
        <line num="27" count="18" type="stmt"/>
        <line num="29" count="18" type="stmt"/>
        <line num="31" count="18" type="stmt"/>
        <line num="33" count="18" type="stmt"/>
        <line num="43" count="18" type="stmt"/>
        <line num="44" count="12" type="stmt"/>
        <line num="46" count="18" type="stmt"/>
        <line num="47" count="7" type="stmt"/>
        <line num="49" count="18" type="stmt"/>
        <line num="50" count="9" type="stmt"/>
        <line num="54" count="18" type="stmt"/>
        <line num="55" count="18" type="stmt"/>
        <line num="56" count="18" type="cond" truecount="1" falsecount="1"/>
        <line num="57" count="18" type="stmt"/>
        <line num="69" count="28" type="cond" truecount="2" falsecount="0"/>
        <line num="70" count="1" type="stmt"/>
        <line num="72" count="27" type="stmt"/>
        <line num="84" count="27" type="cond" truecount="2" falsecount="0"/>
        <line num="87" count="27" type="stmt"/>
        <line num="88" count="27" type="stmt"/>
        <line num="89" count="13" type="stmt"/>
        <line num="92" count="27" type="stmt"/>
        <line num="93" count="27" type="stmt"/>
        <line num="94" count="27" type="cond" truecount="1" falsecount="1"/>
        <line num="96" count="27" type="stmt"/>
        <line num="97" count="27" type="stmt"/>
        <line num="101" count="27" type="stmt"/>
        <line num="103" count="27" type="stmt"/>
        <line num="113" count="22" type="stmt"/>
        <line num="114" count="94" type="stmt"/>
        <line num="116" count="138" type="cond" truecount="1" falsecount="1"/>
        <line num="117" count="138" type="stmt"/>
        <line num="118" count="94" type="stmt"/>
        <line num="121" count="94" type="cond" truecount="5" falsecount="0"/>
        <line num="123" count="67" type="stmt"/>
        <line num="127" count="27" type="cond" truecount="2" falsecount="0"/>
        <line num="129" count="14" type="stmt"/>
        <line num="130" count="14" type="stmt"/>
        <line num="133" count="13" type="stmt"/>
        <line num="135" count="0" type="cond" truecount="0" falsecount="4"/>
        <line num="137" count="0" type="stmt"/>
        <line num="140" count="0" type="stmt"/>
        <line num="151" count="2" type="stmt"/>
        <line num="153" count="2" type="stmt"/>
        <line num="165" count="24" type="stmt"/>
        <line num="169" count="24" type="stmt"/>
        <line num="176" count="1" type="stmt"/>
        <line num="177" count="1" type="stmt"/>
        <line num="178" count="1" type="stmt"/>
        <line num="188" count="19" type="cond" truecount="2" falsecount="0"/>
        <line num="189" count="1" type="stmt"/>
        <line num="193" count="18" type="stmt"/>
        <line num="194" count="18" type="stmt"/>
        <line num="196" count="18" type="stmt"/>
        <line num="197" count="25" type="cond" truecount="2" falsecount="0"/>
        <line num="198" count="25" type="cond" truecount="2" falsecount="0"/>
        <line num="202" count="25" type="cond" truecount="4" falsecount="0"/>
        <line num="203" count="1" type="stmt"/>
        <line num="207" count="24" type="cond" truecount="2" falsecount="0"/>
        <line num="208" count="17" type="stmt"/>
        <line num="209" count="17" type="stmt"/>
        <line num="210" count="17" type="cond" truecount="2" falsecount="0"/>
        <line num="214" count="18" type="stmt"/>
        <line num="219" count="1" type="stmt"/>
      </file>
    </package>
    <package name="src.components">
      <metrics statements="4" coveredstatements="4" conditionals="0" coveredconditionals="0" methods="3" coveredmethods="3"/>
      <file name="component.js" path="/home/darren/Dev/HomeIot/ApiV2/FluentIot/src/components/component.js">
        <metrics statements="4" coveredstatements="4" conditionals="0" coveredconditionals="0" methods="3" coveredmethods="3"/>
        <line num="5" count="14" type="stmt"/>
        <line num="9" count="2" type="stmt"/>
        <line num="13" count="1" type="stmt"/>
        <line num="18" count="3" type="stmt"/>
      </file>
    </package>
    <package name="src.components.room">
      <metrics statements="106" coveredstatements="31" conditionals="61" coveredconditionals="8" methods="26" coveredmethods="5"/>
      <file name="room.js" path="/home/darren/Dev/HomeIot/ApiV2/FluentIot/src/components/room/room.js">
        <metrics statements="33" coveredstatements="13" conditionals="14" coveredconditionals="4" methods="8" coveredmethods="2"/>
        <line num="1" count="1" type="stmt"/>
        <line num="2" count="1" type="stmt"/>
        <line num="6" count="2" type="stmt"/>
        <line num="7" count="2" type="stmt"/>
        <line num="10" count="2" type="stmt"/>
        <line num="17" count="2" type="cond" truecount="3" falsecount="1"/>
        <line num="21" count="2" type="stmt"/>
        <line num="24" count="2" type="stmt"/>
        <line num="25" count="2" type="stmt"/>
        <line num="29" count="0" type="stmt"/>
        <line num="31" count="0" type="cond" truecount="0" falsecount="2"/>
        <line num="33" count="0" type="stmt"/>
        <line num="34" count="0" type="stmt"/>
        <line num="38" count="0" type="stmt"/>
        <line num="42" count="2" type="stmt"/>
        <line num="45" count="2" type="cond" truecount="1" falsecount="1"/>
        <line num="46" count="2" type="stmt"/>
        <line num="50" count="0" type="cond" truecount="0" falsecount="2"/>
        <line num="51" count="0" type="stmt"/>
        <line num="55" count="0" type="cond" truecount="0" falsecount="2"/>
        <line num="57" count="0" type="stmt"/>
        <line num="58" count="0" type="stmt"/>
        <line num="59" count="0" type="stmt"/>
        <line num="61" count="0" type="stmt"/>
        <line num="66" count="0" type="stmt"/>
        <line num="70" count="0" type="stmt"/>
        <line num="74" count="0" type="cond" truecount="0" falsecount="2"/>
        <line num="75" count="0" type="stmt"/>
        <line num="78" count="0" type="stmt"/>
        <line num="79" count="0" type="stmt"/>
        <line num="80" count="0" type="stmt"/>
        <line num="84" count="0" type="stmt"/>
        <line num="89" count="1" type="stmt"/>
      </file>
      <file name="room_component.js" path="/home/darren/Dev/HomeIot/ApiV2/FluentIot/src/components/room/room_component.js">
        <metrics statements="29" coveredstatements="17" conditionals="4" coveredconditionals="4" methods="9" coveredmethods="3"/>
        <line num="1" count="1" type="stmt"/>
        <line num="2" count="1" type="stmt"/>
        <line num="3" count="1" type="stmt"/>
        <line num="4" count="1" type="stmt"/>
        <line num="18" count="3" type="stmt"/>
        <line num="19" count="3" type="stmt"/>
        <line num="29" count="3" type="cond" truecount="2" falsecount="0"/>
        <line num="30" count="1" type="stmt"/>
        <line num="31" count="1" type="stmt"/>
        <line num="33" count="2" type="stmt"/>
        <line num="34" count="2" type="stmt"/>
        <line num="35" count="2" type="stmt"/>
        <line num="44" count="2" type="cond" truecount="2" falsecount="0"/>
        <line num="45" count="1" type="stmt"/>
        <line num="47" count="1" type="stmt"/>
        <line num="48" count="1" type="stmt"/>
        <line num="52" count="0" type="stmt"/>
        <line num="54" count="0" type="stmt"/>
        <line num="56" count="0" type="stmt"/>
        <line num="57" count="0" type="stmt"/>
        <line num="58" count="0" type="stmt"/>
        <line num="61" count="0" type="stmt"/>
        <line num="62" count="0" type="stmt"/>
        <line num="63" count="0" type="stmt"/>
        <line num="66" count="0" type="stmt"/>
        <line num="68" count="0" type="stmt"/>
        <line num="69" count="0" type="stmt"/>
        <line num="70" count="0" type="stmt"/>
        <line num="81" count="1" type="stmt"/>
      </file>
      <file name="room_triggers.js" path="/home/darren/Dev/HomeIot/ApiV2/FluentIot/src/components/room/room_triggers.js">
        <metrics statements="44" coveredstatements="1" conditionals="43" coveredconditionals="0" methods="9" coveredmethods="0"/>
        <line num="4" count="0" type="stmt"/>
        <line num="5" count="0" type="stmt"/>
        <line num="8" count="0" type="stmt"/>
        <line num="11" count="0" type="stmt"/>
        <line num="19" count="0" type="stmt"/>
        <line num="20" count="0" type="cond" truecount="0" falsecount="4"/>
        <line num="21" count="0" type="stmt"/>
        <line num="24" count="0" type="stmt"/>
        <line num="28" count="0" type="stmt"/>
        <line num="29" count="0" type="cond" truecount="0" falsecount="4"/>
        <line num="30" count="0" type="stmt"/>
        <line num="33" count="0" type="stmt"/>
        <line num="44" count="0" type="cond" truecount="0" falsecount="2"/>
        <line num="45" count="0" type="cond" truecount="0" falsecount="2"/>
        <line num="46" count="0" type="cond" truecount="0" falsecount="2"/>
        <line num="49" count="0" type="cond" truecount="0" falsecount="2"/>
        <line num="50" count="0" type="stmt"/>
        <line num="54" count="0" type="cond" truecount="0" falsecount="2"/>
        <line num="55" count="0" type="stmt"/>
        <line num="59" count="0" type="cond" truecount="0" falsecount="2"/>
        <line num="60" count="0" type="stmt"/>
        <line num="64" count="0" type="stmt"/>
        <line num="67" count="0" type="stmt"/>
        <line num="68" count="0" type="stmt"/>
        <line num="69" count="0" type="cond" truecount="0" falsecount="2"/>
        <line num="70" count="0" type="stmt"/>
        <line num="74" count="0" type="stmt"/>
        <line num="79" count="0" type="cond" truecount="0" falsecount="4"/>
        <line num="80" count="0" type="stmt"/>
        <line num="83" count="0" type="stmt"/>
        <line num="84" count="0" type="stmt"/>
        <line num="85" count="0" type="stmt"/>
        <line num="87" count="0" type="cond" truecount="0" falsecount="6"/>
        <line num="89" count="0" type="stmt"/>
        <line num="91" count="0" type="stmt"/>
        <line num="93" count="0" type="stmt"/>
        <line num="95" count="0" type="stmt"/>
        <line num="97" count="0" type="stmt"/>
        <line num="99" count="0" type="stmt"/>
        <line num="104" count="0" type="cond" truecount="0" falsecount="11"/>
        <line num="110" count="0" type="stmt"/>
        <line num="116" count="0" type="stmt"/>
        <line num="118" count="0" type="stmt"/>
        <line num="125" count="1" type="stmt"/>
      </file>
    </package>
    <package name="src.components.scene">
      <metrics statements="22" coveredstatements="22" conditionals="4" coveredconditionals="4" methods="5" coveredmethods="5"/>
      <file name="scene.js" path="/home/darren/Dev/HomeIot/ApiV2/FluentIot/src/components/scene/scene.js">
        <metrics statements="8" coveredstatements="8" conditionals="0" coveredconditionals="0" methods="2" coveredmethods="2"/>
        <line num="1" count="1" type="stmt"/>
        <line num="6" count="3" type="stmt"/>
        <line num="7" count="3" type="stmt"/>
        <line num="8" count="3" type="stmt"/>
        <line num="12" count="1" type="stmt"/>
        <line num="13" count="1" type="stmt"/>
        <line num="14" count="1" type="stmt"/>
        <line num="19" count="1" type="stmt"/>
      </file>
      <file name="scene_component.js" path="/home/darren/Dev/HomeIot/ApiV2/FluentIot/src/components/scene/scene_component.js">
        <metrics statements="14" coveredstatements="14" conditionals="4" coveredconditionals="4" methods="3" coveredmethods="3"/>
        <line num="1" count="1" type="stmt"/>
        <line num="2" count="1" type="stmt"/>
        <line num="11" count="5" type="stmt"/>
        <line num="12" count="5" type="stmt"/>
        <line num="22" count="4" type="cond" truecount="2" falsecount="0"/>
        <line num="23" count="1" type="stmt"/>
        <line num="25" count="3" type="stmt"/>
        <line num="26" count="3" type="stmt"/>
        <line num="27" count="3" type="stmt"/>
        <line num="36" count="3" type="cond" truecount="2" falsecount="0"/>
        <line num="37" count="1" type="stmt"/>
        <line num="39" count="2" type="stmt"/>
        <line num="40" count="2" type="stmt"/>
        <line num="45" count="1" type="stmt"/>
      </file>
    </package>
    <package name="src.components.variable">
      <metrics statements="50" coveredstatements="16" conditionals="27" coveredconditionals="6" methods="15" coveredmethods="7"/>
      <file name="variable_component.js" path="/home/darren/Dev/HomeIot/ApiV2/FluentIot/src/components/variable/variable_component.js">
        <metrics statements="50" coveredstatements="16" conditionals="27" coveredconditionals="6" methods="15" coveredmethods="7"/>
        <line num="1" count="1" type="stmt"/>
        <line num="2" count="1" type="stmt"/>
        <line num="3" count="1" type="stmt"/>
        <line num="17" count="6" type="stmt"/>
        <line num="18" count="6" type="stmt"/>
        <line num="31" count="0" type="stmt"/>
        <line num="32" count="0" type="stmt"/>
        <line num="35" count="0" type="cond" truecount="0" falsecount="2"/>
        <line num="36" count="0" type="stmt"/>
        <line num="37" count="0" type="cond" truecount="0" falsecount="2"/>
        <line num="38" count="0" type="stmt"/>
        <line num="40" count="0" type="stmt"/>
        <line num="41" count="0" type="stmt"/>
        <line num="45" count="0" type="stmt"/>
        <line num="55" count="0" type="cond" truecount="0" falsecount="2"/>
        <line num="56" count="0" type="stmt"/>
        <line num="58" count="0" type="stmt"/>
        <line num="59" count="0" type="stmt"/>
        <line num="60" count="0" type="stmt"/>
        <line num="70" count="0" type="cond" truecount="0" falsecount="2"/>
        <line num="71" count="0" type="stmt"/>
        <line num="74" count="0" type="cond" truecount="0" falsecount="2"/>
        <line num="75" count="0" type="stmt"/>
        <line num="76" count="0" type="stmt"/>
        <line num="79" count="0" type="stmt"/>
        <line num="90" count="0" type="stmt"/>
        <line num="92" count="0" type="cond" truecount="0" falsecount="5"/>
        <line num="93" count="0" type="stmt"/>
        <line num="94" count="0" type="stmt"/>
        <line num="95" count="0" type="stmt"/>
        <line num="98" count="0" type="stmt"/>
        <line num="109" count="0" type="stmt"/>
        <line num="111" count="0" type="cond" truecount="0" falsecount="5"/>
        <line num="112" count="0" type="stmt"/>
        <line num="115" count="0" type="stmt"/>
        <line num="125" count="10" type="stmt"/>
        <line num="127" count="10" type="stmt"/>
        <line num="129" count="8" type="stmt"/>
        <line num="130" count="28" type="cond" truecount="4" falsecount="0"/>
        <line num="131" count="6" type="stmt"/>
        <line num="134" count="8" type="stmt"/>
        <line num="137" count="2" type="stmt"/>
        <line num="138" count="7" type="cond" truecount="2" falsecount="0"/>
        <line num="139" count="6" type="stmt"/>
        <line num="142" count="2" type="stmt"/>
        <line num="155" count="0" type="stmt"/>
        <line num="157" count="0" type="stmt"/>
        <line num="159" count="0" type="stmt"/>
        <line num="160" count="0" type="stmt"/>
        <line num="170" count="1" type="stmt"/>
      </file>
    </package>
    <package name="src.config">
      <metrics statements="26" coveredstatements="19" conditionals="9" coveredconditionals="6" methods="5" coveredmethods="5"/>
      <file name="fluent.config.js" path="/home/darren/Dev/HomeIot/ApiV2/FluentIot/src/config/fluent.config.js">
        <metrics statements="2" coveredstatements="2" conditionals="0" coveredconditionals="0" methods="0" coveredmethods="0"/>
        <line num="3" count="6" type="stmt"/>
        <line num="20" count="6" type="stmt"/>
      </file>
      <file name="index.js" path="/home/darren/Dev/HomeIot/ApiV2/FluentIot/src/config/index.js">
        <metrics statements="24" coveredstatements="17" conditionals="9" coveredconditionals="6" methods="5" coveredmethods="5"/>
        <line num="1" count="6" type="stmt"/>
        <line num="2" count="6" type="stmt"/>
        <line num="6" count="6" type="stmt"/>
        <line num="11" count="6" type="stmt"/>
        <line num="13" count="6" type="stmt"/>
        <line num="15" count="0" type="stmt"/>
        <line num="16" count="0" type="stmt"/>
        <line num="23" count="6" type="stmt"/>
        <line num="29" count="6" type="stmt"/>
        <line num="30" count="6" type="cond" truecount="1" falsecount="1"/>
        <line num="31" count="0" type="stmt"/>
        <line num="35" count="6" type="stmt"/>
        <line num="40" count="4" type="cond" truecount="1" falsecount="1"/>
        <line num="41" count="0" type="stmt"/>
        <line num="42" count="0" type="stmt"/>
        <line num="45" count="4" type="stmt"/>
        <line num="46" count="4" type="stmt"/>
        <line num="48" count="4" type="stmt"/>
        <line num="49" count="4" type="cond" truecount="4" falsecount="1"/>
        <line num="50" count="4" type="stmt"/>
        <line num="52" count="0" type="stmt"/>
        <line num="53" count="0" type="stmt"/>
        <line num="57" count="4" type="stmt"/>
        <line num="61" count="6" type="stmt"/>
      </file>
    </package>
    <package name="src.utils">
      <metrics statements="27" coveredstatements="27" conditionals="13" coveredconditionals="12" methods="6" coveredmethods="6"/>
      <file name="logger.js" path="/home/darren/Dev/HomeIot/ApiV2/FluentIot/src/utils/logger.js">
        <metrics statements="27" coveredstatements="27" conditionals="13" coveredconditionals="12" methods="6" coveredmethods="6"/>
        <line num="1" count="6" type="stmt"/>
        <line num="5" count="6" type="stmt"/>
        <line num="13" count="6" type="stmt"/>
        <line num="14" count="31" type="stmt"/>
        <line num="18" count="6" type="cond" truecount="2" falsecount="0"/>
        <line num="22" count="33" type="stmt"/>
        <line num="23" count="33" type="stmt"/>
        <line num="24" count="33" type="stmt"/>
        <line num="25" count="33" type="stmt"/>
        <line num="26" count="33" type="stmt"/>
        <line num="30" count="36" type="stmt"/>
        <line num="31" count="36" type="cond" truecount="2" falsecount="0"/>
        <line num="34" count="36" type="cond" truecount="2" falsecount="0"/>
        <line num="35" count="1" type="stmt"/>
        <line num="36" count="1" type="stmt"/>
        <line num="37" count="1" type="stmt"/>
        <line num="38" count="1" type="stmt"/>
        <line num="41" count="35" type="stmt"/>
        <line num="45" count="31" type="stmt"/>
        <line num="46" count="31" type="stmt"/>
        <line num="47" count="31" type="stmt"/>
        <line num="49" count="31" type="cond" truecount="2" falsecount="0"/>
        <line num="50" count="21" type="cond" truecount="1" falsecount="1"/>
        <line num="51" count="21" type="cond" truecount="2" falsecount="0"/>
        <line num="52" count="5" type="stmt"/>
        <line num="55" count="16" type="stmt"/>
        <line num="61" count="6" type="stmt"/>
      </file>
    </package>
    <package name="tests.components.foobar">
      <metrics statements="1" coveredstatements="1" conditionals="0" coveredconditionals="0" methods="1" coveredmethods="0"/>
      <file name="foobar_component.js" path="/home/darren/Dev/HomeIot/ApiV2/FluentIot/tests/components/foobar/foobar_component.js">
        <metrics statements="1" coveredstatements="1" conditionals="0" coveredconditionals="0" methods="1" coveredmethods="0"/>
        <line num="9" count="1" type="stmt"/>
      </file>
    </package>
    <package name="tests.components.popcorn">
      <metrics statements="1" coveredstatements="1" conditionals="0" coveredconditionals="0" methods="1" coveredmethods="0"/>
      <file name="popcorn_component.js" path="/home/darren/Dev/HomeIot/ApiV2/FluentIot/tests/components/popcorn/popcorn_component.js">
        <metrics statements="1" coveredstatements="1" conditionals="0" coveredconditionals="0" methods="1" coveredmethods="0"/>
        <line num="9" count="1" type="stmt"/>
      </file>
    </package>
    <package name="tests.helpers">
      <metrics statements="10" coveredstatements="10" conditionals="0" coveredconditionals="0" methods="2" coveredmethods="2"/>
      <file name="component_helper.js" path="/home/darren/Dev/HomeIot/ApiV2/FluentIot/tests/helpers/component_helper.js">
        <metrics statements="10" coveredstatements="10" conditionals="0" coveredconditionals="0" methods="2" coveredmethods="2"/>
        <line num="2" count="1" type="stmt"/>
        <line num="4" count="1" type="stmt"/>
        <line num="5" count="6" type="stmt"/>
        <line num="6" count="6" type="stmt"/>
        <line num="7" count="6" type="stmt"/>
        <line num="10" count="6" type="stmt"/>
        <line num="12" count="6" type="stmt"/>
        <line num="13" count="25" type="stmt"/>
        <line num="16" count="6" type="stmt"/>
        <line num="20" count="1" type="stmt"/>
      </file>
    </package>
  </project>
</coverage>
