{"/home/darren/Dev/HomeIot/ApiV2/FluentIot/src/fluent.js": {"path":"/home/darren/Dev/HomeIot/ApiV2/FluentIot/src/fluent.js","statementMap":{"0":{"start":{"line":1,"column":11},"end":{"line":1,"column":24}},"1":{"start":{"line":2,"column":13},"end":{"line":2,"column":28}},"2":{"start":{"line":3,"column":16},"end":{"line":3,"column":40}},"3":{"start":{"line":5,"column":17},"end":{"line":5,"column":38}},"4":{"start":{"line":6,"column":15},"end":{"line":6,"column":40}},"5":{"start":{"line":7,"column":15},"end":{"line":7,"column":34}},"6":{"start":{"line":15,"column":8},"end":{"line":15,"column":27}},"7":{"start":{"line":16,"column":8},"end":{"line":16,"column":31}},"8":{"start":{"line":17,"column":8},"end":{"line":17,"column":30}},"9":{"start":{"line":18,"column":8},"end":{"line":18,"column":34}},"10":{"start":{"line":21,"column":25},"end":{"line":21,"column":55}},"11":{"start":{"line":22,"column":8},"end":{"line":22,"column":47}},"12":{"start":{"line":25,"column":8},"end":{"line":29,"column":9}},"13":{"start":{"line":26,"column":12},"end":{"line":28,"column":13}},"14":{"start":{"line":27,"column":16},"end":{"line":27,"column":51}},"15":{"start":{"line":38,"column":28},"end":{"line":38,"column":40}},"16":{"start":{"line":41,"column":8},"end":{"line":55,"column":11}},"17":{"start":{"line":42,"column":34},"end":{"line":42,"column":48}},"18":{"start":{"line":43,"column":32},"end":{"line":43,"column":99}},"19":{"start":{"line":45,"column":12},"end":{"line":45,"column":73}},"20":{"start":{"line":47,"column":26},"end":{"line":47,"column":55}},"21":{"start":{"line":48,"column":12},"end":{"line":53,"column":15}},"22":{"start":{"line":49,"column":16},"end":{"line":52,"column":17}},"23":{"start":{"line":50,"column":33},"end":{"line":50,"column":69}},"24":{"start":{"line":51,"column":20},"end":{"line":51,"column":64}},"25":{"start":{"line":63,"column":21},"end":{"line":77,"column":9}},"26":{"start":{"line":64,"column":25},"end":{"line":64,"column":64}},"27":{"start":{"line":66,"column":12},"end":{"line":68,"column":13}},"28":{"start":{"line":67,"column":16},"end":{"line":67,"column":76}},"29":{"start":{"line":70,"column":35},"end":{"line":70,"column":48}},"30":{"start":{"line":71,"column":38},"end":{"line":71,"column":62}},"31":{"start":{"line":72,"column":12},"end":{"line":72,"column":56}},"32":{"start":{"line":74,"column":12},"end":{"line":74,"column":54}},"33":{"start":{"line":76,"column":12},"end":{"line":76,"column":37}},"34":{"start":{"line":79,"column":8},"end":{"line":92,"column":9}},"35":{"start":{"line":81,"column":16},"end":{"line":81,"column":49}},"36":{"start":{"line":84,"column":16},"end":{"line":86,"column":17}},"37":{"start":{"line":85,"column":20},"end":{"line":85,"column":69}},"38":{"start":{"line":87,"column":16},"end":{"line":87,"column":47}},"39":{"start":{"line":90,"column":16},"end":{"line":90,"column":41}},"40":{"start":{"line":101,"column":23},"end":{"line":121,"column":9}},"41":{"start":{"line":103,"column":12},"end":{"line":105,"column":13}},"42":{"start":{"line":104,"column":16},"end":{"line":104,"column":72}},"43":{"start":{"line":108,"column":12},"end":{"line":112,"column":13}},"44":{"start":{"line":109,"column":16},"end":{"line":111,"column":17}},"45":{"start":{"line":110,"column":20},"end":{"line":110,"column":97}},"46":{"start":{"line":114,"column":29},"end":{"line":114,"column":60}},"47":{"start":{"line":115,"column":12},"end":{"line":115,"column":44}},"48":{"start":{"line":118,"column":12},"end":{"line":118,"column":36}},"49":{"start":{"line":120,"column":12},"end":{"line":120,"column":28}},"50":{"start":{"line":123,"column":8},"end":{"line":130,"column":9}},"51":{"start":{"line":125,"column":16},"end":{"line":125,"column":43}},"52":{"start":{"line":128,"column":16},"end":{"line":128,"column":40}},"53":{"start":{"line":140,"column":8},"end":{"line":143,"column":9}},"54":{"start":{"line":141,"column":12},"end":{"line":141,"column":37}},"55":{"start":{"line":142,"column":12},"end":{"line":142,"column":69}},"56":{"start":{"line":145,"column":8},"end":{"line":147,"column":9}},"57":{"start":{"line":146,"column":12},"end":{"line":146,"column":19}},"58":{"start":{"line":149,"column":8},"end":{"line":151,"column":11}},"59":{"start":{"line":150,"column":12},"end":{"line":150,"column":65}},"60":{"start":{"line":156,"column":0},"end":{"line":156,"column":15}},"61":{"start":{"line":158,"column":0},"end":{"line":158,"column":24}}},"fnMap":{"0":{"name":"(anonymous_0)","decl":{"start":{"line":14,"column":4},"end":{"line":14,"column":5}},"loc":{"start":{"line":14,"column":19},"end":{"line":30,"column":5}},"line":14},"1":{"name":"(anonymous_1)","decl":{"start":{"line":36,"column":4},"end":{"line":36,"column":5}},"loc":{"start":{"line":36,"column":43},"end":{"line":56,"column":5}},"line":36},"2":{"name":"(anonymous_2)","decl":{"start":{"line":41,"column":27},"end":{"line":41,"column":28}},"loc":{"start":{"line":41,"column":42},"end":{"line":55,"column":9}},"line":41},"3":{"name":"(anonymous_3)","decl":{"start":{"line":48,"column":26},"end":{"line":48,"column":27}},"loc":{"start":{"line":48,"column":34},"end":{"line":53,"column":13}},"line":48},"4":{"name":"(anonymous_4)","decl":{"start":{"line":62,"column":4},"end":{"line":62,"column":5}},"loc":{"start":{"line":62,"column":23},"end":{"line":93,"column":5}},"line":62},"5":{"name":"(anonymous_5)","decl":{"start":{"line":63,"column":21},"end":{"line":63,"column":22}},"loc":{"start":{"line":63,"column":46},"end":{"line":77,"column":9}},"line":63},"6":{"name":"(anonymous_6)","decl":{"start":{"line":80,"column":17},"end":{"line":80,"column":18}},"loc":{"start":{"line":80,"column":42},"end":{"line":82,"column":13}},"line":80},"7":{"name":"(anonymous_7)","decl":{"start":{"line":83,"column":17},"end":{"line":83,"column":18}},"loc":{"start":{"line":83,"column":27},"end":{"line":88,"column":13}},"line":83},"8":{"name":"(anonymous_8)","decl":{"start":{"line":89,"column":17},"end":{"line":89,"column":18}},"loc":{"start":{"line":89,"column":23},"end":{"line":91,"column":13}},"line":89},"9":{"name":"(anonymous_9)","decl":{"start":{"line":100,"column":4},"end":{"line":100,"column":5}},"loc":{"start":{"line":100,"column":22},"end":{"line":131,"column":5}},"line":100},"10":{"name":"(anonymous_10)","decl":{"start":{"line":101,"column":23},"end":{"line":101,"column":24}},"loc":{"start":{"line":101,"column":40},"end":{"line":121,"column":9}},"line":101},"11":{"name":"(anonymous_11)","decl":{"start":{"line":124,"column":20},"end":{"line":124,"column":21}},"loc":{"start":{"line":124,"column":37},"end":{"line":126,"column":13}},"line":124},"12":{"name":"(anonymous_12)","decl":{"start":{"line":127,"column":17},"end":{"line":127,"column":18}},"loc":{"start":{"line":127,"column":23},"end":{"line":129,"column":13}},"line":127},"13":{"name":"(anonymous_13)","decl":{"start":{"line":139,"column":4},"end":{"line":139,"column":5}},"loc":{"start":{"line":139,"column":36},"end":{"line":152,"column":5}},"line":139},"14":{"name":"(anonymous_14)","decl":{"start":{"line":149,"column":33},"end":{"line":149,"column":34}},"loc":{"start":{"line":149,"column":47},"end":{"line":151,"column":9}},"line":149}},"branchMap":{"0":{"loc":{"start":{"line":21,"column":25},"end":{"line":21,"column":55}},"type":"binary-expr","locations":[{"start":{"line":21,"column":25},"end":{"line":21,"column":49}},{"start":{"line":21,"column":53},"end":{"line":21,"column":55}}],"line":21},"1":{"loc":{"start":{"line":26,"column":12},"end":{"line":28,"column":13}},"type":"if","locations":[{"start":{"line":26,"column":12},"end":{"line":28,"column":13}},{"start":{},"end":{}}],"line":26},"2":{"loc":{"start":{"line":43,"column":32},"end":{"line":43,"column":99}},"type":"binary-expr","locations":[{"start":{"line":43,"column":32},"end":{"line":43,"column":46}},{"start":{"line":43,"column":50},"end":{"line":43,"column":99}}],"line":43},"3":{"loc":{"start":{"line":49,"column":16},"end":{"line":52,"column":17}},"type":"if","locations":[{"start":{"line":49,"column":16},"end":{"line":52,"column":17}},{"start":{},"end":{}}],"line":49},"4":{"loc":{"start":{"line":66,"column":12},"end":{"line":68,"column":13}},"type":"if","locations":[{"start":{"line":66,"column":12},"end":{"line":68,"column":13}},{"start":{},"end":{}}],"line":66},"5":{"loc":{"start":{"line":84,"column":16},"end":{"line":86,"column":17}},"type":"if","locations":[{"start":{"line":84,"column":16},"end":{"line":86,"column":17}},{"start":{},"end":{}}],"line":84},"6":{"loc":{"start":{"line":103,"column":12},"end":{"line":105,"column":13}},"type":"if","locations":[{"start":{"line":103,"column":12},"end":{"line":105,"column":13}},{"start":{},"end":{}}],"line":103},"7":{"loc":{"start":{"line":109,"column":16},"end":{"line":111,"column":17}},"type":"if","locations":[{"start":{"line":109,"column":16},"end":{"line":111,"column":17}},{"start":{},"end":{}}],"line":109},"8":{"loc":{"start":{"line":140,"column":8},"end":{"line":143,"column":9}},"type":"if","locations":[{"start":{"line":140,"column":8},"end":{"line":143,"column":9}},{"start":{},"end":{}}],"line":140},"9":{"loc":{"start":{"line":145,"column":8},"end":{"line":147,"column":9}},"type":"if","locations":[{"start":{"line":145,"column":8},"end":{"line":147,"column":9}},{"start":{},"end":{}}],"line":145},"10":{"loc":{"start":{"line":145,"column":11},"end":{"line":145,"column":42}},"type":"binary-expr","locations":[{"start":{"line":145,"column":11},"end":{"line":145,"column":20}},{"start":{"line":145,"column":24},"end":{"line":145,"column":42}}],"line":145},"11":{"loc":{"start":{"line":150,"column":32},"end":{"line":150,"column":64}},"type":"cond-expr","locations":[{"start":{"line":150,"column":52},"end":{"line":150,"column":56}},{"start":{"line":150,"column":59},"end":{"line":150,"column":64}}],"line":150}},"s":{"0":1,"1":1,"2":1,"3":1,"4":1,"5":1,"6":1,"7":1,"8":1,"9":1,"10":1,"11":1,"12":1,"13":0,"14":0,"15":2,"16":2,"17":1,"18":1,"19":1,"20":1,"21":1,"22":1,"23":1,"24":1,"25":9,"26":3,"27":3,"28":1,"29":2,"30":2,"31":2,"32":2,"33":2,"34":9,"35":3,"36":3,"37":1,"38":2,"39":3,"40":15,"41":13,"42":1,"43":12,"44":11,"45":1,"46":11,"47":11,"48":11,"49":11,"50":15,"51":13,"52":2,"53":13,"54":2,"55":2,"56":13,"57":9,"58":4,"59":8,"60":1,"61":1},"f":{"0":1,"1":2,"2":1,"3":1,"4":9,"5":3,"6":3,"7":3,"8":3,"9":15,"10":13,"11":13,"12":2,"13":13,"14":8},"b":{"0":[1,1],"1":[0,0],"2":[1,0],"3":[1,0],"4":[1,2],"5":[1,2],"6":[1,12],"7":[1,10],"8":[2,11],"9":[9,4],"10":[13,11],"11":[4,4]},"_coverageSchema":"1a1c01bbd47fc00a2c39e90264f33305004495a9","hash":"bf3cada941be3a4cee4b39138e911f46f71bf769"}
,"/home/darren/Dev/HomeIot/ApiV2/FluentIot/src/scenario.js": {"path":"/home/darren/Dev/HomeIot/ApiV2/FluentIot/src/scenario.js","statementMap":{"0":{"start":{"line":2,"column":15},"end":{"line":2,"column":40}},"1":{"start":{"line":13,"column":8},"end":{"line":15,"column":9}},"2":{"start":{"line":14,"column":12},"end":{"line":14,"column":93}},"3":{"start":{"line":16,"column":8},"end":{"line":18,"column":9}},"4":{"start":{"line":17,"column":12},"end":{"line":17,"column":70}},"5":{"start":{"line":20,"column":8},"end":{"line":20,"column":29}},"6":{"start":{"line":21,"column":8},"end":{"line":21,"column":39}},"7":{"start":{"line":23,"column":8},"end":{"line":23,"column":30}},"8":{"start":{"line":24,"column":8},"end":{"line":24,"column":29}},"9":{"start":{"line":25,"column":8},"end":{"line":25,"column":27}},"10":{"start":{"line":26,"column":8},"end":{"line":26,"column":28}},"11":{"start":{"line":27,"column":8},"end":{"line":27,"column":24}},"12":{"start":{"line":29,"column":8},"end":{"line":29,"column":56}},"13":{"start":{"line":31,"column":8},"end":{"line":31,"column":30}},"14":{"start":{"line":33,"column":8},"end":{"line":33,"column":56}},"15":{"start":{"line":43,"column":8},"end":{"line":45,"column":10}},"16":{"start":{"line":44,"column":12},"end":{"line":44,"column":31}},"17":{"start":{"line":46,"column":8},"end":{"line":48,"column":10}},"18":{"start":{"line":47,"column":12},"end":{"line":47,"column":44}},"19":{"start":{"line":49,"column":8},"end":{"line":51,"column":10}},"20":{"start":{"line":50,"column":12},"end":{"line":50,"column":39}},"21":{"start":{"line":54,"column":8},"end":{"line":59,"column":9}},"22":{"start":{"line":55,"column":30},"end":{"line":55,"column":60}},"23":{"start":{"line":56,"column":12},"end":{"line":58,"column":13}},"24":{"start":{"line":57,"column":16},"end":{"line":57,"column":71}},"25":{"start":{"line":69,"column":8},"end":{"line":71,"column":9}},"26":{"start":{"line":70,"column":12},"end":{"line":70,"column":34}},"27":{"start":{"line":72,"column":8},"end":{"line":72,"column":29}},"28":{"start":{"line":84,"column":8},"end":{"line":84,"column":46}},"29":{"start":{"line":84,"column":27},"end":{"line":84,"column":44}},"30":{"start":{"line":87,"column":24},"end":{"line":87,"column":26}},"31":{"start":{"line":88,"column":8},"end":{"line":90,"column":10}},"32":{"start":{"line":89,"column":12},"end":{"line":89,"column":52}},"33":{"start":{"line":92,"column":8},"end":{"line":98,"column":9}},"34":{"start":{"line":93,"column":30},"end":{"line":93,"column":60}},"35":{"start":{"line":94,"column":12},"end":{"line":94,"column":72}},"36":{"start":{"line":94,"column":63},"end":{"line":94,"column":70}},"37":{"start":{"line":96,"column":41},"end":{"line":96,"column":81}},"38":{"start":{"line":97,"column":12},"end":{"line":97,"column":57}},"39":{"start":{"line":101,"column":29},"end":{"line":101,"column":81}},"40":{"start":{"line":103,"column":8},"end":{"line":103,"column":28}},"41":{"start":{"line":113,"column":32},"end":{"line":143,"column":5}},"42":{"start":{"line":114,"column":8},"end":{"line":142,"column":11}},"43":{"start":{"line":116,"column":12},"end":{"line":138,"column":13}},"44":{"start":{"line":117,"column":14},"end":{"line":134,"column":16}},"45":{"start":{"line":118,"column":31},"end":{"line":118,"column":63}},"46":{"start":{"line":121,"column":16},"end":{"line":124,"column":17}},"47":{"start":{"line":123,"column":20},"end":{"line":123,"column":79}},"48":{"start":{"line":127,"column":16},"end":{"line":131,"column":17}},"49":{"start":{"line":129,"column":20},"end":{"line":129,"column":45}},"50":{"start":{"line":130,"column":20},"end":{"line":130,"column":56}},"51":{"start":{"line":133,"column":16},"end":{"line":133,"column":30}},"52":{"start":{"line":135,"column":19},"end":{"line":138,"column":13}},"53":{"start":{"line":137,"column":16},"end":{"line":137,"column":81}},"54":{"start":{"line":140,"column":12},"end":{"line":140,"column":32}},"55":{"start":{"line":151,"column":8},"end":{"line":155,"column":9}},"56":{"start":{"line":153,"column":16},"end":{"line":153,"column":43}},"57":{"start":{"line":165,"column":8},"end":{"line":168,"column":11}},"58":{"start":{"line":169,"column":8},"end":{"line":169,"column":20}},"59":{"start":{"line":176,"column":8},"end":{"line":176,"column":29}},"60":{"start":{"line":177,"column":8},"end":{"line":177,"column":41}},"61":{"start":{"line":178,"column":8},"end":{"line":178,"column":20}},"62":{"start":{"line":188,"column":8},"end":{"line":190,"column":9}},"63":{"start":{"line":189,"column":12},"end":{"line":189,"column":25}},"64":{"start":{"line":193,"column":26},"end":{"line":193,"column":31}},"65":{"start":{"line":194,"column":40},"end":{"line":194,"column":41}},"66":{"start":{"line":196,"column":8},"end":{"line":212,"column":11}},"67":{"start":{"line":197,"column":32},"end":{"line":197,"column":62}},"68":{"start":{"line":198,"column":35},"end":{"line":198,"column":108}},"69":{"start":{"line":198,"column":95},"end":{"line":198,"column":107}},"70":{"start":{"line":202,"column":12},"end":{"line":204,"column":13}},"71":{"start":{"line":203,"column":16},"end":{"line":203,"column":35}},"72":{"start":{"line":207,"column":12},"end":{"line":211,"column":13}},"73":{"start":{"line":208,"column":16},"end":{"line":208,"column":35}},"74":{"start":{"line":209,"column":16},"end":{"line":209,"column":52}},"75":{"start":{"line":210,"column":16},"end":{"line":210,"column":75}},"76":{"start":{"line":210,"column":45},"end":{"line":210,"column":73}},"77":{"start":{"line":214,"column":8},"end":{"line":214,"column":27}},"78":{"start":{"line":219,"column":0},"end":{"line":219,"column":26}}},"fnMap":{"0":{"name":"(anonymous_0)","decl":{"start":{"line":11,"column":4},"end":{"line":11,"column":5}},"loc":{"start":{"line":11,"column":37},"end":{"line":34,"column":5}},"line":11},"1":{"name":"(anonymous_1)","decl":{"start":{"line":41,"column":4},"end":{"line":41,"column":5}},"loc":{"start":{"line":41,"column":21},"end":{"line":60,"column":5}},"line":41},"2":{"name":"(anonymous_2)","decl":{"start":{"line":43,"column":30},"end":{"line":43,"column":31}},"loc":{"start":{"line":43,"column":36},"end":{"line":45,"column":9}},"line":43},"3":{"name":"(anonymous_3)","decl":{"start":{"line":46,"column":35},"end":{"line":46,"column":36}},"loc":{"start":{"line":46,"column":48},"end":{"line":48,"column":9}},"line":46},"4":{"name":"(anonymous_4)","decl":{"start":{"line":49,"column":29},"end":{"line":49,"column":30}},"loc":{"start":{"line":49,"column":43},"end":{"line":51,"column":9}},"line":49},"5":{"name":"(anonymous_5)","decl":{"start":{"line":68,"column":4},"end":{"line":68,"column":5}},"loc":{"start":{"line":68,"column":19},"end":{"line":73,"column":5}},"line":68},"6":{"name":"(anonymous_6)","decl":{"start":{"line":82,"column":4},"end":{"line":82,"column":5}},"loc":{"start":{"line":82,"column":28},"end":{"line":104,"column":5}},"line":82},"7":{"name":"(anonymous_7)","decl":{"start":{"line":88,"column":23},"end":{"line":88,"column":24}},"loc":{"start":{"line":88,"column":37},"end":{"line":90,"column":9}},"line":88},"8":{"name":"(anonymous_8)","decl":{"start":{"line":113,"column":32},"end":{"line":113,"column":33}},"loc":{"start":{"line":113,"column":54},"end":{"line":143,"column":5}},"line":113},"9":{"name":"(anonymous_9)","decl":{"start":{"line":115,"column":15},"end":{"line":115,"column":16}},"loc":{"start":{"line":115,"column":43},"end":{"line":141,"column":11}},"line":115},"10":{"name":"(anonymous_10)","decl":{"start":{"line":117,"column":21},"end":{"line":117,"column":22}},"loc":{"start":{"line":117,"column":34},"end":{"line":134,"column":15}},"line":117},"11":{"name":"(anonymous_11)","decl":{"start":{"line":150,"column":4},"end":{"line":150,"column":5}},"loc":{"start":{"line":150,"column":11},"end":{"line":156,"column":5}},"line":150},"12":{"name":"(anonymous_12)","decl":{"start":{"line":152,"column":18},"end":{"line":152,"column":19}},"loc":{"start":{"line":152,"column":32},"end":{"line":154,"column":13}},"line":152},"13":{"name":"(anonymous_13)","decl":{"start":{"line":164,"column":4},"end":{"line":164,"column":5}},"loc":{"start":{"line":164,"column":32},"end":{"line":170,"column":5}},"line":164},"14":{"name":"(anonymous_14)","decl":{"start":{"line":175,"column":4},"end":{"line":175,"column":5}},"loc":{"start":{"line":175,"column":11},"end":{"line":179,"column":5}},"line":175},"15":{"name":"(anonymous_15)","decl":{"start":{"line":186,"column":4},"end":{"line":186,"column":5}},"loc":{"start":{"line":186,"column":19},"end":{"line":215,"column":5}},"line":186},"16":{"name":"(anonymous_16)","decl":{"start":{"line":196,"column":31},"end":{"line":196,"column":32}},"loc":{"start":{"line":196,"column":47},"end":{"line":212,"column":9}},"line":196},"17":{"name":"(anonymous_17)","decl":{"start":{"line":198,"column":81},"end":{"line":198,"column":82}},"loc":{"start":{"line":198,"column":95},"end":{"line":198,"column":107}},"line":198}},"branchMap":{"0":{"loc":{"start":{"line":13,"column":8},"end":{"line":15,"column":9}},"type":"if","locations":[{"start":{"line":13,"column":8},"end":{"line":15,"column":9}},{"start":{},"end":{}}],"line":13},"1":{"loc":{"start":{"line":16,"column":8},"end":{"line":18,"column":9}},"type":"if","locations":[{"start":{"line":16,"column":8},"end":{"line":18,"column":9}},{"start":{},"end":{}}],"line":16},"2":{"loc":{"start":{"line":56,"column":12},"end":{"line":58,"column":13}},"type":"if","locations":[{"start":{"line":56,"column":12},"end":{"line":58,"column":13}},{"start":{},"end":{}}],"line":56},"3":{"loc":{"start":{"line":69,"column":8},"end":{"line":71,"column":9}},"type":"if","locations":[{"start":{"line":69,"column":8},"end":{"line":71,"column":9}},{"start":{},"end":{}}],"line":69},"4":{"loc":{"start":{"line":84,"column":8},"end":{"line":84,"column":46}},"type":"if","locations":[{"start":{"line":84,"column":8},"end":{"line":84,"column":46}},{"start":{},"end":{}}],"line":84},"5":{"loc":{"start":{"line":94,"column":12},"end":{"line":94,"column":72}},"type":"if","locations":[{"start":{"line":94,"column":12},"end":{"line":94,"column":72}},{"start":{},"end":{}}],"line":94},"6":{"loc":{"start":{"line":116,"column":12},"end":{"line":138,"column":13}},"type":"if","locations":[{"start":{"line":116,"column":12},"end":{"line":138,"column":13}},{"start":{"line":135,"column":19},"end":{"line":138,"column":13}}],"line":116},"7":{"loc":{"start":{"line":121,"column":16},"end":{"line":124,"column":17}},"type":"if","locations":[{"start":{"line":121,"column":16},"end":{"line":124,"column":17}},{"start":{},"end":{}}],"line":121},"8":{"loc":{"start":{"line":121,"column":20},"end":{"line":121,"column":90}},"type":"binary-expr","locations":[{"start":{"line":121,"column":20},"end":{"line":121,"column":26}},{"start":{"line":121,"column":30},"end":{"line":121,"column":56}},{"start":{"line":121,"column":60},"end":{"line":121,"column":90}}],"line":121},"9":{"loc":{"start":{"line":127,"column":16},"end":{"line":131,"column":17}},"type":"if","locations":[{"start":{"line":127,"column":16},"end":{"line":131,"column":17}},{"start":{},"end":{}}],"line":127},"10":{"loc":{"start":{"line":135,"column":19},"end":{"line":138,"column":13}},"type":"if","locations":[{"start":{"line":135,"column":19},"end":{"line":138,"column":13}},{"start":{},"end":{}}],"line":135},"11":{"loc":{"start":{"line":135,"column":23},"end":{"line":135,"column":80}},"type":"binary-expr","locations":[{"start":{"line":135,"column":23},"end":{"line":135,"column":55}},{"start":{"line":135,"column":59},"end":{"line":135,"column":80}}],"line":135},"12":{"loc":{"start":{"line":188,"column":8},"end":{"line":190,"column":9}},"type":"if","locations":[{"start":{"line":188,"column":8},"end":{"line":190,"column":9}},{"start":{},"end":{}}],"line":188},"13":{"loc":{"start":{"line":197,"column":32},"end":{"line":197,"column":62}},"type":"binary-expr","locations":[{"start":{"line":197,"column":32},"end":{"line":197,"column":56}},{"start":{"line":197,"column":60},"end":{"line":197,"column":62}}],"line":197},"14":{"loc":{"start":{"line":198,"column":35},"end":{"line":198,"column":108}},"type":"binary-expr","locations":[{"start":{"line":198,"column":35},"end":{"line":198,"column":59}},{"start":{"line":198,"column":63},"end":{"line":198,"column":108}}],"line":198},"15":{"loc":{"start":{"line":202,"column":12},"end":{"line":204,"column":13}},"type":"if","locations":[{"start":{"line":202,"column":12},"end":{"line":204,"column":13}},{"start":{},"end":{}}],"line":202},"16":{"loc":{"start":{"line":202,"column":15},"end":{"line":202,"column":72}},"type":"binary-expr","locations":[{"start":{"line":202,"column":15},"end":{"line":202,"column":44}},{"start":{"line":202,"column":48},"end":{"line":202,"column":72}}],"line":202},"17":{"loc":{"start":{"line":207,"column":12},"end":{"line":211,"column":13}},"type":"if","locations":[{"start":{"line":207,"column":12},"end":{"line":211,"column":13}},{"start":{},"end":{}}],"line":207},"18":{"loc":{"start":{"line":210,"column":16},"end":{"line":210,"column":75}},"type":"if","locations":[{"start":{"line":210,"column":16},"end":{"line":210,"column":75}},{"start":{},"end":{}}],"line":210}},"s":{"0":1,"1":22,"2":3,"3":19,"4":1,"5":18,"6":18,"7":18,"8":18,"9":18,"10":18,"11":18,"12":18,"13":18,"14":18,"15":18,"16":12,"17":18,"18":7,"19":18,"20":9,"21":18,"22":18,"23":18,"24":18,"25":28,"26":1,"27":27,"28":27,"29":13,"30":27,"31":27,"32":13,"33":27,"34":27,"35":27,"36":0,"37":27,"38":27,"39":27,"40":27,"41":22,"42":94,"43":138,"44":138,"45":94,"46":94,"47":67,"48":27,"49":14,"50":14,"51":13,"52":0,"53":0,"54":0,"55":2,"56":2,"57":24,"58":24,"59":1,"60":1,"61":1,"62":19,"63":1,"64":18,"65":18,"66":18,"67":25,"68":25,"69":14,"70":25,"71":1,"72":24,"73":17,"74":17,"75":17,"76":6,"77":18,"78":1},"f":{"0":22,"1":18,"2":12,"3":7,"4":9,"5":28,"6":27,"7":13,"8":94,"9":138,"10":94,"11":2,"12":2,"13":24,"14":1,"15":19,"16":25,"17":14},"b":{"0":[3,19],"1":[1,18],"2":[18,0],"3":[1,27],"4":[13,14],"5":[0,27],"6":[138,0],"7":[67,27],"8":[94,93,67],"9":[14,13],"10":[0,0],"11":[0,0],"12":[1,18],"13":[25,12],"14":[25,13],"15":[1,24],"16":[25,2],"17":[17,7],"18":[6,11]},"_coverageSchema":"1a1c01bbd47fc00a2c39e90264f33305004495a9","hash":"41918488ed8d5d669c7d712f168470f705927878"}
,"/home/darren/Dev/HomeIot/ApiV2/FluentIot/src/components/component.js": {"path":"/home/darren/Dev/HomeIot/ApiV2/FluentIot/src/components/component.js","statementMap":{"0":{"start":{"line":5,"column":8},"end":{"line":5,"column":29}},"1":{"start":{"line":9,"column":8},"end":{"line":9,"column":52}},"2":{"start":{"line":13,"column":8},"end":{"line":13,"column":59}},"3":{"start":{"line":18,"column":0},"end":{"line":18,"column":27}}},"fnMap":{"0":{"name":"(anonymous_0)","decl":{"start":{"line":4,"column":4},"end":{"line":4,"column":5}},"loc":{"start":{"line":4,"column":24},"end":{"line":6,"column":5}},"line":4},"1":{"name":"(anonymous_1)","decl":{"start":{"line":8,"column":4},"end":{"line":8,"column":5}},"loc":{"start":{"line":8,"column":12},"end":{"line":10,"column":5}},"line":8},"2":{"name":"(anonymous_2)","decl":{"start":{"line":12,"column":4},"end":{"line":12,"column":5}},"loc":{"start":{"line":12,"column":18},"end":{"line":14,"column":5}},"line":12}},"branchMap":{},"s":{"0":14,"1":2,"2":1,"3":3},"f":{"0":14,"1":2,"2":1},"b":{},"_coverageSchema":"1a1c01bbd47fc00a2c39e90264f33305004495a9","hash":"d92114f2e3e9ffcef84c39e86091ef5ed3cc7abe"}
,"/home/darren/Dev/HomeIot/ApiV2/FluentIot/src/components/room/room.js": {"path":"/home/darren/Dev/HomeIot/ApiV2/FluentIot/src/components/room/room.js","statementMap":{"0":{"start":{"line":1,"column":15},"end":{"line":1,"column":32}},"1":{"start":{"line":2,"column":15},"end":{"line":2,"column":46}},"2":{"start":{"line":6,"column":8},"end":{"line":6,"column":27}},"3":{"start":{"line":7,"column":8},"end":{"line":7,"column":25}},"4":{"start":{"line":10,"column":8},"end":{"line":14,"column":10}},"5":{"start":{"line":17,"column":8},"end":{"line":19,"column":44}},"6":{"start":{"line":21,"column":8},"end":{"line":21,"column":26}},"7":{"start":{"line":24,"column":8},"end":{"line":24,"column":88}},"8":{"start":{"line":24,"column":55},"end":{"line":24,"column":75}},"9":{"start":{"line":25,"column":8},"end":{"line":25,"column":29}},"10":{"start":{"line":29,"column":20},"end":{"line":29,"column":28}},"11":{"start":{"line":31,"column":8},"end":{"line":35,"column":9}},"12":{"start":{"line":33,"column":12},"end":{"line":33,"column":52}},"13":{"start":{"line":34,"column":12},"end":{"line":34,"column":51}},"14":{"start":{"line":38,"column":8},"end":{"line":38,"column":50}},"15":{"start":{"line":42,"column":20},"end":{"line":42,"column":28}},"16":{"start":{"line":45,"column":8},"end":{"line":47,"column":9}},"17":{"start":{"line":46,"column":12},"end":{"line":46,"column":19}},"18":{"start":{"line":50,"column":8},"end":{"line":52,"column":9}},"19":{"start":{"line":51,"column":12},"end":{"line":51,"column":19}},"20":{"start":{"line":55,"column":8},"end":{"line":62,"column":9}},"21":{"start":{"line":57,"column":12},"end":{"line":57,"column":54}},"22":{"start":{"line":58,"column":12},"end":{"line":58,"column":64}},"23":{"start":{"line":59,"column":12},"end":{"line":59,"column":52}},"24":{"start":{"line":61,"column":12},"end":{"line":61,"column":68}},"25":{"start":{"line":66,"column":8},"end":{"line":66,"column":40}},"26":{"start":{"line":70,"column":8},"end":{"line":70,"column":38}},"27":{"start":{"line":74,"column":8},"end":{"line":76,"column":9}},"28":{"start":{"line":75,"column":12},"end":{"line":75,"column":19}},"29":{"start":{"line":78,"column":8},"end":{"line":78,"column":38}},"30":{"start":{"line":79,"column":8},"end":{"line":79,"column":71}},"31":{"start":{"line":80,"column":8},"end":{"line":80,"column":62}},"32":{"start":{"line":84,"column":8},"end":{"line":84,"column":34}},"33":{"start":{"line":89,"column":0},"end":{"line":89,"column":22}}},"fnMap":{"0":{"name":"(anonymous_0)","decl":{"start":{"line":5,"column":4},"end":{"line":5,"column":5}},"loc":{"start":{"line":5,"column":41},"end":{"line":26,"column":5}},"line":5},"1":{"name":"(anonymous_1)","decl":{"start":{"line":24,"column":49},"end":{"line":24,"column":50}},"loc":{"start":{"line":24,"column":55},"end":{"line":24,"column":75}},"line":24},"2":{"name":"(anonymous_2)","decl":{"start":{"line":28,"column":4},"end":{"line":28,"column":5}},"loc":{"start":{"line":28,"column":41},"end":{"line":39,"column":5}},"line":28},"3":{"name":"(anonymous_3)","decl":{"start":{"line":41,"column":4},"end":{"line":41,"column":5}},"loc":{"start":{"line":41,"column":20},"end":{"line":63,"column":5}},"line":41},"4":{"name":"(anonymous_4)","decl":{"start":{"line":65,"column":4},"end":{"line":65,"column":5}},"loc":{"start":{"line":65,"column":17},"end":{"line":67,"column":5}},"line":65},"5":{"name":"(anonymous_5)","decl":{"start":{"line":69,"column":4},"end":{"line":69,"column":5}},"loc":{"start":{"line":69,"column":30},"end":{"line":71,"column":5}},"line":69},"6":{"name":"(anonymous_6)","decl":{"start":{"line":73,"column":4},"end":{"line":73,"column":5}},"loc":{"start":{"line":73,"column":33},"end":{"line":81,"column":5}},"line":73},"7":{"name":"(anonymous_7)","decl":{"start":{"line":83,"column":4},"end":{"line":83,"column":5}},"loc":{"start":{"line":83,"column":22},"end":{"line":85,"column":5}},"line":83}},"branchMap":{"0":{"loc":{"start":{"line":17,"column":26},"end":{"line":19,"column":43}},"type":"cond-expr","locations":[{"start":{"line":18,"column":14},"end":{"line":18,"column":58}},{"start":{"line":19,"column":14},"end":{"line":19,"column":43}}],"line":17},"1":{"loc":{"start":{"line":17,"column":26},"end":{"line":17,"column":79}},"type":"binary-expr","locations":[{"start":{"line":17,"column":26},"end":{"line":17,"column":45}},{"start":{"line":17,"column":49},"end":{"line":17,"column":79}}],"line":17},"2":{"loc":{"start":{"line":31,"column":8},"end":{"line":35,"column":9}},"type":"if","locations":[{"start":{"line":31,"column":8},"end":{"line":35,"column":9}},{"start":{},"end":{}}],"line":31},"3":{"loc":{"start":{"line":45,"column":8},"end":{"line":47,"column":9}},"type":"if","locations":[{"start":{"line":45,"column":8},"end":{"line":47,"column":9}},{"start":{},"end":{}}],"line":45},"4":{"loc":{"start":{"line":50,"column":8},"end":{"line":52,"column":9}},"type":"if","locations":[{"start":{"line":50,"column":8},"end":{"line":52,"column":9}},{"start":{},"end":{}}],"line":50},"5":{"loc":{"start":{"line":55,"column":8},"end":{"line":62,"column":9}},"type":"if","locations":[{"start":{"line":55,"column":8},"end":{"line":62,"column":9}},{"start":{"line":60,"column":15},"end":{"line":62,"column":9}}],"line":55},"6":{"loc":{"start":{"line":74,"column":8},"end":{"line":76,"column":9}},"type":"if","locations":[{"start":{"line":74,"column":8},"end":{"line":76,"column":9}},{"start":{},"end":{}}],"line":74}},"s":{"0":1,"1":1,"2":2,"3":2,"4":2,"5":2,"6":2,"7":2,"8":0,"9":2,"10":0,"11":0,"12":0,"13":0,"14":0,"15":2,"16":2,"17":2,"18":0,"19":0,"20":0,"21":0,"22":0,"23":0,"24":0,"25":0,"26":0,"27":0,"28":0,"29":0,"30":0,"31":0,"32":0,"33":1},"f":{"0":2,"1":0,"2":0,"3":2,"4":0,"5":0,"6":0,"7":0},"b":{"0":[0,2],"1":[2,2],"2":[0,0],"3":[2,0],"4":[0,0],"5":[0,0],"6":[0,0]},"_coverageSchema":"1a1c01bbd47fc00a2c39e90264f33305004495a9","hash":"6fed559d8fb0e14744ae075d2d39911c99e14670"}
,"/home/darren/Dev/HomeIot/ApiV2/FluentIot/src/components/room/room_component.js": {"path":"/home/darren/Dev/HomeIot/ApiV2/FluentIot/src/components/room/room_component.js","statementMap":{"0":{"start":{"line":1,"column":18},"end":{"line":1,"column":43}},"1":{"start":{"line":2,"column":21},"end":{"line":2,"column":47}},"2":{"start":{"line":3,"column":13},"end":{"line":3,"column":30}},"3":{"start":{"line":4,"column":15},"end":{"line":4,"column":46}},"4":{"start":{"line":18,"column":8},"end":{"line":18,"column":22}},"5":{"start":{"line":19,"column":8},"end":{"line":19,"column":24}},"6":{"start":{"line":29,"column":8},"end":{"line":32,"column":9}},"7":{"start":{"line":30,"column":12},"end":{"line":30,"column":56}},"8":{"start":{"line":31,"column":12},"end":{"line":31,"column":25}},"9":{"start":{"line":33,"column":24},"end":{"line":33,"column":64}},"10":{"start":{"line":34,"column":8},"end":{"line":34,"column":35}},"11":{"start":{"line":35,"column":8},"end":{"line":35,"column":23}},"12":{"start":{"line":44,"column":8},"end":{"line":46,"column":9}},"13":{"start":{"line":45,"column":12},"end":{"line":45,"column":25}},"14":{"start":{"line":47,"column":21},"end":{"line":47,"column":37}},"15":{"start":{"line":48,"column":8},"end":{"line":48,"column":20}},"16":{"start":{"line":52,"column":8},"end":{"line":76,"column":9}},"17":{"start":{"line":54,"column":16},"end":{"line":74,"column":18}},"18":{"start":{"line":56,"column":37},"end":{"line":56,"column":51}},"19":{"start":{"line":57,"column":24},"end":{"line":57,"column":78}},"20":{"start":{"line":58,"column":24},"end":{"line":58,"column":49}},"21":{"start":{"line":61,"column":37},"end":{"line":61,"column":51}},"22":{"start":{"line":62,"column":24},"end":{"line":62,"column":76}},"23":{"start":{"line":63,"column":24},"end":{"line":63,"column":49}},"24":{"start":{"line":66,"column":24},"end":{"line":72,"column":25}},"25":{"start":{"line":68,"column":45},"end":{"line":68,"column":59}},"26":{"start":{"line":69,"column":32},"end":{"line":69,"column":98}},"27":{"start":{"line":70,"column":32},"end":{"line":70,"column":57}},"28":{"start":{"line":81,"column":0},"end":{"line":81,"column":31}}},"fnMap":{"0":{"name":"(anonymous_0)","decl":{"start":{"line":17,"column":4},"end":{"line":17,"column":5}},"loc":{"start":{"line":17,"column":24},"end":{"line":20,"column":5}},"line":17},"1":{"name":"(anonymous_1)","decl":{"start":{"line":28,"column":4},"end":{"line":28,"column":5}},"loc":{"start":{"line":28,"column":26},"end":{"line":36,"column":5}},"line":28},"2":{"name":"(anonymous_2)","decl":{"start":{"line":43,"column":4},"end":{"line":43,"column":5}},"loc":{"start":{"line":43,"column":14},"end":{"line":49,"column":5}},"line":43},"3":{"name":"(anonymous_3)","decl":{"start":{"line":51,"column":4},"end":{"line":51,"column":5}},"loc":{"start":{"line":51,"column":23},"end":{"line":77,"column":5}},"line":51},"4":{"name":"(anonymous_4)","decl":{"start":{"line":53,"column":18},"end":{"line":53,"column":19}},"loc":{"start":{"line":53,"column":28},"end":{"line":75,"column":13}},"line":53},"5":{"name":"(anonymous_5)","decl":{"start":{"line":55,"column":32},"end":{"line":55,"column":33}},"loc":{"start":{"line":55,"column":38},"end":{"line":59,"column":21}},"line":55},"6":{"name":"(anonymous_6)","decl":{"start":{"line":60,"column":30},"end":{"line":60,"column":31}},"loc":{"start":{"line":60,"column":36},"end":{"line":64,"column":21}},"line":60},"7":{"name":"(anonymous_7)","decl":{"start":{"line":65,"column":30},"end":{"line":65,"column":31}},"loc":{"start":{"line":65,"column":36},"end":{"line":73,"column":21}},"line":65},"8":{"name":"(anonymous_8)","decl":{"start":{"line":67,"column":31},"end":{"line":67,"column":32}},"loc":{"start":{"line":67,"column":44},"end":{"line":71,"column":29}},"line":67}},"branchMap":{"0":{"loc":{"start":{"line":29,"column":8},"end":{"line":32,"column":9}},"type":"if","locations":[{"start":{"line":29,"column":8},"end":{"line":32,"column":9}},{"start":{},"end":{}}],"line":29},"1":{"loc":{"start":{"line":44,"column":8},"end":{"line":46,"column":9}},"type":"if","locations":[{"start":{"line":44,"column":8},"end":{"line":46,"column":9}},{"start":{},"end":{}}],"line":44}},"s":{"0":1,"1":1,"2":1,"3":1,"4":3,"5":3,"6":3,"7":1,"8":1,"9":2,"10":2,"11":2,"12":2,"13":1,"14":1,"15":1,"16":0,"17":0,"18":0,"19":0,"20":0,"21":0,"22":0,"23":0,"24":0,"25":0,"26":0,"27":0,"28":1},"f":{"0":3,"1":3,"2":2,"3":0,"4":0,"5":0,"6":0,"7":0,"8":0},"b":{"0":[1,2],"1":[1,1]},"_coverageSchema":"1a1c01bbd47fc00a2c39e90264f33305004495a9","hash":"a65de21958e28292d0e194f38ad7790dc5c7bee2"}
,"/home/darren/Dev/HomeIot/ApiV2/FluentIot/src/components/room/room_triggers.js": {"path":"/home/darren/Dev/HomeIot/ApiV2/FluentIot/src/components/room/room_triggers.js","statementMap":{"0":{"start":{"line":4,"column":8},"end":{"line":4,"column":33}},"1":{"start":{"line":5,"column":8},"end":{"line":5,"column":27}},"2":{"start":{"line":8,"column":8},"end":{"line":8,"column":41}},"3":{"start":{"line":11,"column":8},"end":{"line":14,"column":9}},"4":{"start":{"line":19,"column":8},"end":{"line":23,"column":11}},"5":{"start":{"line":20,"column":12},"end":{"line":22,"column":13}},"6":{"start":{"line":21,"column":16},"end":{"line":21,"column":39}},"7":{"start":{"line":24,"column":8},"end":{"line":24,"column":20}},"8":{"start":{"line":28,"column":8},"end":{"line":32,"column":11}},"9":{"start":{"line":29,"column":12},"end":{"line":31,"column":13}},"10":{"start":{"line":30,"column":16},"end":{"line":30,"column":39}},"11":{"start":{"line":33,"column":8},"end":{"line":33,"column":20}},"12":{"start":{"line":44,"column":25},"end":{"line":44,"column":56}},"13":{"start":{"line":45,"column":22},"end":{"line":45,"column":57}},"14":{"start":{"line":46,"column":21},"end":{"line":46,"column":56}},"15":{"start":{"line":49,"column":8},"end":{"line":51,"column":9}},"16":{"start":{"line":50,"column":12},"end":{"line":50,"column":125}},"17":{"start":{"line":54,"column":8},"end":{"line":56,"column":9}},"18":{"start":{"line":55,"column":12},"end":{"line":55,"column":109}},"19":{"start":{"line":59,"column":8},"end":{"line":61,"column":9}},"20":{"start":{"line":60,"column":12},"end":{"line":60,"column":63}},"21":{"start":{"line":64,"column":8},"end":{"line":64,"column":62}},"22":{"start":{"line":67,"column":8},"end":{"line":72,"column":11}},"23":{"start":{"line":68,"column":38},"end":{"line":68,"column":71}},"24":{"start":{"line":69,"column":12},"end":{"line":71,"column":13}},"25":{"start":{"line":70,"column":16},"end":{"line":70,"column":64}},"26":{"start":{"line":74,"column":8},"end":{"line":74,"column":20}},"27":{"start":{"line":79,"column":8},"end":{"line":81,"column":9}},"28":{"start":{"line":80,"column":12},"end":{"line":80,"column":25}},"29":{"start":{"line":83,"column":42},"end":{"line":83,"column":67}},"30":{"start":{"line":84,"column":20},"end":{"line":84,"column":30}},"31":{"start":{"line":85,"column":33},"end":{"line":85,"column":72}},"32":{"start":{"line":87,"column":8},"end":{"line":100,"column":9}},"33":{"start":{"line":89,"column":16},"end":{"line":89,"column":67}},"34":{"start":{"line":91,"column":16},"end":{"line":91,"column":66}},"35":{"start":{"line":93,"column":16},"end":{"line":93,"column":67}},"36":{"start":{"line":95,"column":16},"end":{"line":95,"column":66}},"37":{"start":{"line":97,"column":16},"end":{"line":97,"column":67}},"38":{"start":{"line":99,"column":16},"end":{"line":99,"column":29}},"39":{"start":{"line":104,"column":8},"end":{"line":119,"column":9}},"40":{"start":{"line":110,"column":16},"end":{"line":110,"column":41}},"41":{"start":{"line":116,"column":16},"end":{"line":116,"column":46}},"42":{"start":{"line":118,"column":16},"end":{"line":118,"column":25}},"43":{"start":{"line":125,"column":0},"end":{"line":125,"column":30}}},"fnMap":{"0":{"name":"(anonymous_0)","decl":{"start":{"line":3,"column":4},"end":{"line":3,"column":5}},"loc":{"start":{"line":3,"column":33},"end":{"line":15,"column":5}},"line":3},"1":{"name":"(anonymous_1)","decl":{"start":{"line":18,"column":4},"end":{"line":18,"column":5}},"loc":{"start":{"line":18,"column":19},"end":{"line":25,"column":5}},"line":18},"2":{"name":"(anonymous_2)","decl":{"start":{"line":19,"column":43},"end":{"line":19,"column":44}},"loc":{"start":{"line":19,"column":60},"end":{"line":23,"column":9}},"line":19},"3":{"name":"(anonymous_3)","decl":{"start":{"line":27,"column":4},"end":{"line":27,"column":5}},"loc":{"start":{"line":27,"column":17},"end":{"line":34,"column":5}},"line":27},"4":{"name":"(anonymous_4)","decl":{"start":{"line":28,"column":43},"end":{"line":28,"column":44}},"loc":{"start":{"line":28,"column":60},"end":{"line":32,"column":9}},"line":28},"5":{"name":"(anonymous_5)","decl":{"start":{"line":36,"column":4},"end":{"line":36,"column":5}},"loc":{"start":{"line":36,"column":31},"end":{"line":75,"column":5}},"line":36},"6":{"name":"(anonymous_6)","decl":{"start":{"line":67,"column":41},"end":{"line":67,"column":42}},"loc":{"start":{"line":67,"column":47},"end":{"line":72,"column":9}},"line":67},"7":{"name":"(anonymous_7)","decl":{"start":{"line":78,"column":4},"end":{"line":78,"column":5}},"loc":{"start":{"line":78,"column":49},"end":{"line":101,"column":5}},"line":78},"8":{"name":"(anonymous_8)","decl":{"start":{"line":103,"column":4},"end":{"line":103,"column":5}},"loc":{"start":{"line":103,"column":39},"end":{"line":120,"column":5}},"line":103}},"branchMap":{"0":{"loc":{"start":{"line":20,"column":12},"end":{"line":22,"column":13}},"type":"if","locations":[{"start":{"line":20,"column":12},"end":{"line":22,"column":13}},{"start":{},"end":{}}],"line":20},"1":{"loc":{"start":{"line":20,"column":15},"end":{"line":20,"column":76}},"type":"binary-expr","locations":[{"start":{"line":20,"column":15},"end":{"line":20,"column":46}},{"start":{"line":20,"column":50},"end":{"line":20,"column":76}}],"line":20},"2":{"loc":{"start":{"line":29,"column":12},"end":{"line":31,"column":13}},"type":"if","locations":[{"start":{"line":29,"column":12},"end":{"line":31,"column":13}},{"start":{},"end":{}}],"line":29},"3":{"loc":{"start":{"line":29,"column":15},"end":{"line":29,"column":77}},"type":"binary-expr","locations":[{"start":{"line":29,"column":15},"end":{"line":29,"column":46}},{"start":{"line":29,"column":50},"end":{"line":29,"column":77}}],"line":29},"4":{"loc":{"start":{"line":44,"column":25},"end":{"line":44,"column":56}},"type":"cond-expr","locations":[{"start":{"line":44,"column":43},"end":{"line":44,"column":50}},{"start":{"line":44,"column":53},"end":{"line":44,"column":56}}],"line":44},"5":{"loc":{"start":{"line":45,"column":22},"end":{"line":45,"column":57}},"type":"cond-expr","locations":[{"start":{"line":45,"column":40},"end":{"line":45,"column":47}},{"start":{"line":45,"column":50},"end":{"line":45,"column":57}}],"line":45},"6":{"loc":{"start":{"line":46,"column":21},"end":{"line":46,"column":56}},"type":"cond-expr","locations":[{"start":{"line":46,"column":39},"end":{"line":46,"column":46}},{"start":{"line":46,"column":49},"end":{"line":46,"column":56}}],"line":46},"7":{"loc":{"start":{"line":49,"column":8},"end":{"line":51,"column":9}},"type":"if","locations":[{"start":{"line":49,"column":8},"end":{"line":51,"column":9}},{"start":{},"end":{}}],"line":49},"8":{"loc":{"start":{"line":54,"column":8},"end":{"line":56,"column":9}},"type":"if","locations":[{"start":{"line":54,"column":8},"end":{"line":56,"column":9}},{"start":{},"end":{}}],"line":54},"9":{"loc":{"start":{"line":59,"column":8},"end":{"line":61,"column":9}},"type":"if","locations":[{"start":{"line":59,"column":8},"end":{"line":61,"column":9}},{"start":{},"end":{}}],"line":59},"10":{"loc":{"start":{"line":69,"column":12},"end":{"line":71,"column":13}},"type":"if","locations":[{"start":{"line":69,"column":12},"end":{"line":71,"column":13}},{"start":{},"end":{}}],"line":69},"11":{"loc":{"start":{"line":79,"column":8},"end":{"line":81,"column":9}},"type":"if","locations":[{"start":{"line":79,"column":8},"end":{"line":81,"column":9}},{"start":{},"end":{}}],"line":79},"12":{"loc":{"start":{"line":79,"column":12},"end":{"line":79,"column":60}},"type":"binary-expr","locations":[{"start":{"line":79,"column":12},"end":{"line":79,"column":30}},{"start":{"line":79,"column":34},"end":{"line":79,"column":60}}],"line":79},"13":{"loc":{"start":{"line":87,"column":8},"end":{"line":100,"column":9}},"type":"switch","locations":[{"start":{"line":88,"column":12},"end":{"line":89,"column":67}},{"start":{"line":90,"column":12},"end":{"line":91,"column":66}},{"start":{"line":92,"column":12},"end":{"line":93,"column":67}},{"start":{"line":94,"column":12},"end":{"line":95,"column":66}},{"start":{"line":96,"column":12},"end":{"line":97,"column":67}},{"start":{"line":98,"column":12},"end":{"line":99,"column":29}}],"line":87},"14":{"loc":{"start":{"line":104,"column":8},"end":{"line":119,"column":9}},"type":"switch","locations":[{"start":{"line":105,"column":12},"end":{"line":105,"column":21}},{"start":{"line":106,"column":12},"end":{"line":106,"column":23}},{"start":{"line":107,"column":12},"end":{"line":107,"column":24}},{"start":{"line":108,"column":12},"end":{"line":108,"column":26}},{"start":{"line":109,"column":12},"end":{"line":110,"column":41}},{"start":{"line":111,"column":12},"end":{"line":111,"column":21}},{"start":{"line":112,"column":12},"end":{"line":112,"column":22}},{"start":{"line":113,"column":12},"end":{"line":113,"column":23}},{"start":{"line":114,"column":12},"end":{"line":114,"column":24}},{"start":{"line":115,"column":12},"end":{"line":116,"column":46}},{"start":{"line":117,"column":12},"end":{"line":118,"column":25}}],"line":104}},"s":{"0":0,"1":0,"2":0,"3":0,"4":0,"5":0,"6":0,"7":0,"8":0,"9":0,"10":0,"11":0,"12":0,"13":0,"14":0,"15":0,"16":0,"17":0,"18":0,"19":0,"20":0,"21":0,"22":0,"23":0,"24":0,"25":0,"26":0,"27":0,"28":0,"29":0,"30":0,"31":0,"32":0,"33":0,"34":0,"35":0,"36":0,"37":0,"38":0,"39":0,"40":0,"41":0,"42":0,"43":1},"f":{"0":0,"1":0,"2":0,"3":0,"4":0,"5":0,"6":0,"7":0,"8":0},"b":{"0":[0,0],"1":[0,0],"2":[0,0],"3":[0,0],"4":[0,0],"5":[0,0],"6":[0,0],"7":[0,0],"8":[0,0],"9":[0,0],"10":[0,0],"11":[0,0],"12":[0,0],"13":[0,0,0,0,0,0],"14":[0,0,0,0,0,0,0,0,0,0,0]},"_coverageSchema":"1a1c01bbd47fc00a2c39e90264f33305004495a9","hash":"1f4eddff3f54145ee73861466c630eb915761a69"}
,"/home/darren/Dev/HomeIot/ApiV2/FluentIot/src/components/scene/scene.js": {"path":"/home/darren/Dev/HomeIot/ApiV2/FluentIot/src/components/scene/scene.js","statementMap":{"0":{"start":{"line":1,"column":15},"end":{"line":1,"column":46}},"1":{"start":{"line":6,"column":8},"end":{"line":6,"column":29}},"2":{"start":{"line":7,"column":8},"end":{"line":7,"column":25}},"3":{"start":{"line":8,"column":8},"end":{"line":8,"column":33}},"4":{"start":{"line":12,"column":8},"end":{"line":12,"column":61}},"5":{"start":{"line":13,"column":8},"end":{"line":13,"column":49}},"6":{"start":{"line":14,"column":8},"end":{"line":14,"column":24}},"7":{"start":{"line":19,"column":0},"end":{"line":19,"column":23}}},"fnMap":{"0":{"name":"(anonymous_0)","decl":{"start":{"line":5,"column":4},"end":{"line":5,"column":5}},"loc":{"start":{"line":5,"column":40},"end":{"line":9,"column":5}},"line":5},"1":{"name":"(anonymous_1)","decl":{"start":{"line":11,"column":4},"end":{"line":11,"column":5}},"loc":{"start":{"line":11,"column":10},"end":{"line":15,"column":5}},"line":11}},"branchMap":{},"s":{"0":1,"1":3,"2":3,"3":3,"4":1,"5":1,"6":1,"7":1},"f":{"0":3,"1":1},"b":{},"_coverageSchema":"1a1c01bbd47fc00a2c39e90264f33305004495a9","hash":"5fe11393aa21917c1d9508344304891537994a3f"}
,"/home/darren/Dev/HomeIot/ApiV2/FluentIot/src/components/scene/scene_component.js": {"path":"/home/darren/Dev/HomeIot/ApiV2/FluentIot/src/components/scene/scene_component.js","statementMap":{"0":{"start":{"line":1,"column":18},"end":{"line":1,"column":43}},"1":{"start":{"line":2,"column":14},"end":{"line":2,"column":32}},"2":{"start":{"line":11,"column":8},"end":{"line":11,"column":22}},"3":{"start":{"line":12,"column":8},"end":{"line":12,"column":25}},"4":{"start":{"line":22,"column":8},"end":{"line":24,"column":9}},"5":{"start":{"line":23,"column":12},"end":{"line":23,"column":62}},"6":{"start":{"line":25,"column":25},"end":{"line":25,"column":56}},"7":{"start":{"line":26,"column":8},"end":{"line":26,"column":37}},"8":{"start":{"line":27,"column":8},"end":{"line":27,"column":24}},"9":{"start":{"line":36,"column":8},"end":{"line":38,"column":9}},"10":{"start":{"line":37,"column":12},"end":{"line":37,"column":25}},"11":{"start":{"line":39,"column":22},"end":{"line":39,"column":39}},"12":{"start":{"line":40,"column":8},"end":{"line":40,"column":21}},"13":{"start":{"line":45,"column":0},"end":{"line":45,"column":32}}},"fnMap":{"0":{"name":"(anonymous_0)","decl":{"start":{"line":10,"column":4},"end":{"line":10,"column":5}},"loc":{"start":{"line":10,"column":24},"end":{"line":13,"column":5}},"line":10},"1":{"name":"(anonymous_1)","decl":{"start":{"line":21,"column":4},"end":{"line":21,"column":5}},"loc":{"start":{"line":21,"column":24},"end":{"line":28,"column":5}},"line":21},"2":{"name":"(anonymous_2)","decl":{"start":{"line":35,"column":4},"end":{"line":35,"column":5}},"loc":{"start":{"line":35,"column":14},"end":{"line":41,"column":5}},"line":35}},"branchMap":{"0":{"loc":{"start":{"line":22,"column":8},"end":{"line":24,"column":9}},"type":"if","locations":[{"start":{"line":22,"column":8},"end":{"line":24,"column":9}},{"start":{},"end":{}}],"line":22},"1":{"loc":{"start":{"line":36,"column":8},"end":{"line":38,"column":9}},"type":"if","locations":[{"start":{"line":36,"column":8},"end":{"line":38,"column":9}},{"start":{},"end":{}}],"line":36}},"s":{"0":1,"1":1,"2":5,"3":5,"4":4,"5":1,"6":3,"7":3,"8":3,"9":3,"10":1,"11":2,"12":2,"13":1},"f":{"0":5,"1":4,"2":3},"b":{"0":[1,3],"1":[1,2]},"_coverageSchema":"1a1c01bbd47fc00a2c39e90264f33305004495a9","hash":"33e22eee975880f8361637fee768caf8d637b277"}
,"/home/darren/Dev/HomeIot/ApiV2/FluentIot/src/components/variable/variable_component.js": {"path":"/home/darren/Dev/HomeIot/ApiV2/FluentIot/src/components/variable/variable_component.js","statementMap":{"0":{"start":{"line":1,"column":15},"end":{"line":1,"column":32}},"1":{"start":{"line":2,"column":15},"end":{"line":2,"column":46}},"2":{"start":{"line":3,"column":18},"end":{"line":3,"column":43}},"3":{"start":{"line":17,"column":8},"end":{"line":17,"column":22}},"4":{"start":{"line":18,"column":8},"end":{"line":18,"column":28}},"5":{"start":{"line":31,"column":8},"end":{"line":31,"column":50}},"6":{"start":{"line":32,"column":8},"end":{"line":32,"column":47}},"7":{"start":{"line":35,"column":8},"end":{"line":43,"column":9}},"8":{"start":{"line":36,"column":33},"end":{"line":36,"column":66}},"9":{"start":{"line":37,"column":12},"end":{"line":42,"column":13}},"10":{"start":{"line":38,"column":16},"end":{"line":38,"column":46}},"11":{"start":{"line":40,"column":16},"end":{"line":40,"column":108}},"12":{"start":{"line":41,"column":16},"end":{"line":41,"column":29}},"13":{"start":{"line":45,"column":8},"end":{"line":45,"column":20}},"14":{"start":{"line":55,"column":8},"end":{"line":57,"column":9}},"15":{"start":{"line":56,"column":12},"end":{"line":56,"column":25}},"16":{"start":{"line":58,"column":8},"end":{"line":58,"column":36}},"17":{"start":{"line":59,"column":8},"end":{"line":59,"column":47}},"18":{"start":{"line":60,"column":8},"end":{"line":60,"column":20}},"19":{"start":{"line":70,"column":8},"end":{"line":72,"column":9}},"20":{"start":{"line":71,"column":12},"end":{"line":71,"column":24}},"21":{"start":{"line":74,"column":8},"end":{"line":77,"column":9}},"22":{"start":{"line":75,"column":12},"end":{"line":75,"column":30}},"23":{"start":{"line":76,"column":12},"end":{"line":76,"column":24}},"24":{"start":{"line":79,"column":8},"end":{"line":79,"column":42}},"25":{"start":{"line":90,"column":25},"end":{"line":90,"column":45}},"26":{"start":{"line":92,"column":8},"end":{"line":96,"column":9}},"27":{"start":{"line":93,"column":33},"end":{"line":93,"column":64}},"28":{"start":{"line":94,"column":34},"end":{"line":94,"column":42}},"29":{"start":{"line":95,"column":12},"end":{"line":95,"column":56}},"30":{"start":{"line":98,"column":8},"end":{"line":98,"column":21}},"31":{"start":{"line":109,"column":33},"end":{"line":109,"column":50}},"32":{"start":{"line":111,"column":8},"end":{"line":113,"column":9}},"33":{"start":{"line":112,"column":10},"end":{"line":112,"column":23}},"34":{"start":{"line":115,"column":8},"end":{"line":115,"column":54}},"35":{"start":{"line":125,"column":8},"end":{"line":146,"column":9}},"36":{"start":{"line":127,"column":16},"end":{"line":144,"column":18}},"37":{"start":{"line":129,"column":24},"end":{"line":133,"column":27}},"38":{"start":{"line":130,"column":28},"end":{"line":132,"column":29}},"39":{"start":{"line":131,"column":32},"end":{"line":131,"column":50}},"40":{"start":{"line":134,"column":24},"end":{"line":134,"column":49}},"41":{"start":{"line":137,"column":24},"end":{"line":141,"column":27}},"42":{"start":{"line":138,"column":28},"end":{"line":140,"column":29}},"43":{"start":{"line":139,"column":32},"end":{"line":139,"column":67}},"44":{"start":{"line":142,"column":24},"end":{"line":142,"column":49}},"45":{"start":{"line":155,"column":8},"end":{"line":164,"column":9}},"46":{"start":{"line":157,"column":16},"end":{"line":162,"column":17}},"47":{"start":{"line":159,"column":45},"end":{"line":159,"column":67}},"48":{"start":{"line":160,"column":24},"end":{"line":160,"column":62}},"49":{"start":{"line":170,"column":0},"end":{"line":170,"column":35}}},"fnMap":{"0":{"name":"(anonymous_0)","decl":{"start":{"line":16,"column":4},"end":{"line":16,"column":5}},"loc":{"start":{"line":16,"column":24},"end":{"line":19,"column":5}},"line":16},"1":{"name":"(anonymous_1)","decl":{"start":{"line":30,"column":4},"end":{"line":30,"column":5}},"loc":{"start":{"line":30,"column":35},"end":{"line":46,"column":5}},"line":30},"2":{"name":"(anonymous_2)","decl":{"start":{"line":54,"column":4},"end":{"line":54,"column":5}},"loc":{"start":{"line":54,"column":17},"end":{"line":61,"column":5}},"line":54},"3":{"name":"(anonymous_3)","decl":{"start":{"line":69,"column":4},"end":{"line":69,"column":5}},"loc":{"start":{"line":69,"column":14},"end":{"line":80,"column":5}},"line":69},"4":{"name":"(anonymous_4)","decl":{"start":{"line":89,"column":4},"end":{"line":89,"column":5}},"loc":{"start":{"line":89,"column":26},"end":{"line":99,"column":5}},"line":89},"5":{"name":"(anonymous_5)","decl":{"start":{"line":108,"column":4},"end":{"line":108,"column":5}},"loc":{"start":{"line":108,"column":25},"end":{"line":116,"column":5}},"line":108},"6":{"name":"(anonymous_6)","decl":{"start":{"line":124,"column":4},"end":{"line":124,"column":5}},"loc":{"start":{"line":124,"column":23},"end":{"line":147,"column":5}},"line":124},"7":{"name":"(anonymous_7)","decl":{"start":{"line":126,"column":22},"end":{"line":126,"column":23}},"loc":{"start":{"line":126,"column":40},"end":{"line":145,"column":13}},"line":126},"8":{"name":"(anonymous_8)","decl":{"start":{"line":128,"column":24},"end":{"line":128,"column":25}},"loc":{"start":{"line":128,"column":43},"end":{"line":135,"column":21}},"line":128},"9":{"name":"(anonymous_9)","decl":{"start":{"line":129,"column":52},"end":{"line":129,"column":53}},"loc":{"start":{"line":129,"column":69},"end":{"line":133,"column":25}},"line":129},"10":{"name":"(anonymous_10)","decl":{"start":{"line":136,"column":29},"end":{"line":136,"column":30}},"loc":{"start":{"line":136,"column":35},"end":{"line":143,"column":21}},"line":136},"11":{"name":"(anonymous_11)","decl":{"start":{"line":137,"column":52},"end":{"line":137,"column":53}},"loc":{"start":{"line":137,"column":69},"end":{"line":141,"column":25}},"line":137},"12":{"name":"(anonymous_12)","decl":{"start":{"line":154,"column":4},"end":{"line":154,"column":5}},"loc":{"start":{"line":154,"column":18},"end":{"line":165,"column":5}},"line":154},"13":{"name":"(anonymous_13)","decl":{"start":{"line":156,"column":22},"end":{"line":156,"column":23}},"loc":{"start":{"line":156,"column":40},"end":{"line":163,"column":13}},"line":156},"14":{"name":"(anonymous_14)","decl":{"start":{"line":158,"column":24},"end":{"line":158,"column":25}},"loc":{"start":{"line":158,"column":43},"end":{"line":161,"column":21}},"line":158}},"branchMap":{"0":{"loc":{"start":{"line":30,"column":21},"end":{"line":30,"column":33}},"type":"default-arg","locations":[{"start":{"line":30,"column":31},"end":{"line":30,"column":33}}],"line":30},"1":{"loc":{"start":{"line":35,"column":8},"end":{"line":43,"column":9}},"type":"if","locations":[{"start":{"line":35,"column":8},"end":{"line":43,"column":9}},{"start":{},"end":{}}],"line":35},"2":{"loc":{"start":{"line":37,"column":12},"end":{"line":42,"column":13}},"type":"if","locations":[{"start":{"line":37,"column":12},"end":{"line":42,"column":13}},{"start":{"line":39,"column":19},"end":{"line":42,"column":13}}],"line":37},"3":{"loc":{"start":{"line":55,"column":8},"end":{"line":57,"column":9}},"type":"if","locations":[{"start":{"line":55,"column":8},"end":{"line":57,"column":9}},{"start":{},"end":{}}],"line":55},"4":{"loc":{"start":{"line":70,"column":8},"end":{"line":72,"column":9}},"type":"if","locations":[{"start":{"line":70,"column":8},"end":{"line":72,"column":9}},{"start":{},"end":{}}],"line":70},"5":{"loc":{"start":{"line":74,"column":8},"end":{"line":77,"column":9}},"type":"if","locations":[{"start":{"line":74,"column":8},"end":{"line":77,"column":9}},{"start":{},"end":{}}],"line":74},"6":{"loc":{"start":{"line":92,"column":8},"end":{"line":96,"column":9}},"type":"if","locations":[{"start":{"line":92,"column":8},"end":{"line":96,"column":9}},{"start":{},"end":{}}],"line":92},"7":{"loc":{"start":{"line":92,"column":12},"end":{"line":92,"column":67}},"type":"binary-expr","locations":[{"start":{"line":92,"column":12},"end":{"line":92,"column":20}},{"start":{"line":92,"column":24},"end":{"line":92,"column":40}},{"start":{"line":92,"column":44},"end":{"line":92,"column":67}}],"line":92},"8":{"loc":{"start":{"line":111,"column":8},"end":{"line":113,"column":9}},"type":"if","locations":[{"start":{"line":111,"column":8},"end":{"line":113,"column":9}},{"start":{},"end":{}}],"line":111},"9":{"loc":{"start":{"line":111,"column":12},"end":{"line":111,"column":59}},"type":"binary-expr","locations":[{"start":{"line":111,"column":12},"end":{"line":111,"column":21}},{"start":{"line":111,"column":25},"end":{"line":111,"column":50}},{"start":{"line":111,"column":54},"end":{"line":111,"column":59}}],"line":111},"10":{"loc":{"start":{"line":130,"column":28},"end":{"line":132,"column":29}},"type":"if","locations":[{"start":{"line":130,"column":28},"end":{"line":132,"column":29}},{"start":{},"end":{}}],"line":130},"11":{"loc":{"start":{"line":130,"column":32},"end":{"line":130,"column":104}},"type":"binary-expr","locations":[{"start":{"line":130,"column":32},"end":{"line":130,"column":65}},{"start":{"line":130,"column":69},"end":{"line":130,"column":104}}],"line":130},"12":{"loc":{"start":{"line":138,"column":28},"end":{"line":140,"column":29}},"type":"if","locations":[{"start":{"line":138,"column":28},"end":{"line":140,"column":29}},{"start":{},"end":{}}],"line":138}},"s":{"0":1,"1":1,"2":1,"3":6,"4":6,"5":0,"6":0,"7":0,"8":0,"9":0,"10":0,"11":0,"12":0,"13":0,"14":0,"15":0,"16":0,"17":0,"18":0,"19":0,"20":0,"21":0,"22":0,"23":0,"24":0,"25":0,"26":0,"27":0,"28":0,"29":0,"30":0,"31":0,"32":0,"33":0,"34":0,"35":10,"36":10,"37":8,"38":28,"39":6,"40":8,"41":2,"42":7,"43":6,"44":2,"45":0,"46":0,"47":0,"48":0,"49":1},"f":{"0":6,"1":0,"2":0,"3":0,"4":0,"5":0,"6":10,"7":10,"8":8,"9":28,"10":2,"11":7,"12":0,"13":0,"14":0},"b":{"0":[0],"1":[0,0],"2":[0,0],"3":[0,0],"4":[0,0],"5":[0,0],"6":[0,0],"7":[0,0,0],"8":[0,0],"9":[0,0,0],"10":[6,22],"11":[28,27],"12":[6,1]},"_coverageSchema":"1a1c01bbd47fc00a2c39e90264f33305004495a9","hash":"06fac3a41624b5ca3da91e7fe3c6e50d231c2e68"}
,"/home/darren/Dev/HomeIot/ApiV2/FluentIot/src/config/fluent.config.js": {"path":"/home/darren/Dev/HomeIot/ApiV2/FluentIot/src/config/fluent.config.js","statementMap":{"0":{"start":{"line":3,"column":15},"end":{"line":18,"column":1}},"1":{"start":{"line":20,"column":0},"end":{"line":20,"column":24}}},"fnMap":{},"branchMap":{},"s":{"0":6,"1":6},"f":{},"b":{},"_coverageSchema":"1a1c01bbd47fc00a2c39e90264f33305004495a9","hash":"87fe270fae64724f99d86b4a44f223229edb6f12"}
,"/home/darren/Dev/HomeIot/ApiV2/FluentIot/src/config/index.js": {"path":"/home/darren/Dev/HomeIot/ApiV2/FluentIot/src/config/index.js","statementMap":{"0":{"start":{"line":1,"column":13},"end":{"line":1,"column":28}},"1":{"start":{"line":2,"column":11},"end":{"line":2,"column":24}},"2":{"start":{"line":6,"column":4},"end":{"line":6,"column":36}},"3":{"start":{"line":11,"column":4},"end":{"line":17,"column":5}},"4":{"start":{"line":13,"column":6},"end":{"line":13,"column":47}},"5":{"start":{"line":15,"column":6},"end":{"line":15,"column":62}},"6":{"start":{"line":16,"column":6},"end":{"line":16,"column":18}},"7":{"start":{"line":23,"column":4},"end":{"line":23,"column":25}},"8":{"start":{"line":29,"column":30},"end":{"line":29,"column":82}},"9":{"start":{"line":30,"column":4},"end":{"line":32,"column":5}},"10":{"start":{"line":31,"column":6},"end":{"line":31,"column":31}},"11":{"start":{"line":35,"column":4},"end":{"line":35,"column":52}},"12":{"start":{"line":40,"column":4},"end":{"line":43,"column":5}},"13":{"start":{"line":41,"column":6},"end":{"line":41,"column":41}},"14":{"start":{"line":42,"column":6},"end":{"line":42,"column":18}},"15":{"start":{"line":45,"column":17},"end":{"line":45,"column":31}},"16":{"start":{"line":46,"column":16},"end":{"line":46,"column":27}},"17":{"start":{"line":48,"column":4},"end":{"line":55,"column":5}},"18":{"start":{"line":49,"column":6},"end":{"line":54,"column":7}},"19":{"start":{"line":50,"column":8},"end":{"line":50,"column":25}},"20":{"start":{"line":52,"column":8},"end":{"line":52,"column":47}},"21":{"start":{"line":53,"column":8},"end":{"line":53,"column":20}},"22":{"start":{"line":57,"column":4},"end":{"line":57,"column":17}},"23":{"start":{"line":61,"column":0},"end":{"line":61,"column":30}}},"fnMap":{"0":{"name":"(anonymous_0)","decl":{"start":{"line":5,"column":2},"end":{"line":5,"column":3}},"loc":{"start":{"line":5,"column":16},"end":{"line":7,"column":3}},"line":5},"1":{"name":"(anonymous_1)","decl":{"start":{"line":10,"column":2},"end":{"line":10,"column":3}},"loc":{"start":{"line":10,"column":15},"end":{"line":18,"column":3}},"line":10},"2":{"name":"(anonymous_2)","decl":{"start":{"line":21,"column":2},"end":{"line":21,"column":3}},"loc":{"start":{"line":21,"column":19},"end":{"line":24,"column":3}},"line":21},"3":{"name":"(anonymous_3)","decl":{"start":{"line":27,"column":2},"end":{"line":27,"column":3}},"loc":{"start":{"line":27,"column":22},"end":{"line":36,"column":3}},"line":27},"4":{"name":"(anonymous_4)","decl":{"start":{"line":39,"column":2},"end":{"line":39,"column":3}},"loc":{"start":{"line":39,"column":11},"end":{"line":58,"column":3}},"line":39}},"branchMap":{"0":{"loc":{"start":{"line":30,"column":4},"end":{"line":32,"column":5}},"type":"if","locations":[{"start":{"line":30,"column":4},"end":{"line":32,"column":5}},{"start":{},"end":{}}],"line":30},"1":{"loc":{"start":{"line":40,"column":4},"end":{"line":43,"column":5}},"type":"if","locations":[{"start":{"line":40,"column":4},"end":{"line":43,"column":5}},{"start":{},"end":{}}],"line":40},"2":{"loc":{"start":{"line":49,"column":6},"end":{"line":54,"column":7}},"type":"if","locations":[{"start":{"line":49,"column":6},"end":{"line":54,"column":7}},{"start":{"line":51,"column":13},"end":{"line":54,"column":7}}],"line":49},"3":{"loc":{"start":{"line":49,"column":10},"end":{"line":49,"column":58}},"type":"binary-expr","locations":[{"start":{"line":49,"column":10},"end":{"line":49,"column":15}},{"start":{"line":49,"column":19},"end":{"line":49,"column":44}},{"start":{"line":49,"column":48},"end":{"line":49,"column":58}}],"line":49}},"s":{"0":6,"1":6,"2":6,"3":6,"4":6,"5":0,"6":0,"7":6,"8":6,"9":6,"10":0,"11":6,"12":4,"13":0,"14":0,"15":4,"16":4,"17":4,"18":4,"19":4,"20":0,"21":0,"22":4,"23":6},"f":{"0":6,"1":6,"2":6,"3":6,"4":4},"b":{"0":[0,6],"1":[0,4],"2":[4,0],"3":[4,4,4]},"_coverageSchema":"1a1c01bbd47fc00a2c39e90264f33305004495a9","hash":"dae6364f3c50b39dc1763952bc2e038182ce8c83"}
,"/home/darren/Dev/HomeIot/ApiV2/FluentIot/src/utils/logger.js": {"path":"/home/darren/Dev/HomeIot/ApiV2/FluentIot/src/utils/logger.js","statementMap":{"0":{"start":{"line":1,"column":15},"end":{"line":1,"column":37}},"1":{"start":{"line":5,"column":8},"end":{"line":11,"column":10}},"2":{"start":{"line":13,"column":8},"end":{"line":15,"column":11}},"3":{"start":{"line":14,"column":12},"end":{"line":14,"column":67}},"4":{"start":{"line":14,"column":40},"end":{"line":14,"column":65}},"5":{"start":{"line":18,"column":8},"end":{"line":18,"column":83}},"6":{"start":{"line":22,"column":20},"end":{"line":22,"column":30}},"7":{"start":{"line":23,"column":22},"end":{"line":23,"column":64}},"8":{"start":{"line":24,"column":24},"end":{"line":24,"column":68}},"9":{"start":{"line":25,"column":24},"end":{"line":25,"column":68}},"10":{"start":{"line":26,"column":8},"end":{"line":26,"column":48}},"11":{"start":{"line":30,"column":29},"end":{"line":30,"column":47}},"12":{"start":{"line":31,"column":21},"end":{"line":31,"column":93}},"13":{"start":{"line":34,"column":8},"end":{"line":39,"column":9}},"14":{"start":{"line":35,"column":30},"end":{"line":35,"column":57}},"15":{"start":{"line":36,"column":32},"end":{"line":36,"column":76}},"16":{"start":{"line":37,"column":12},"end":{"line":37,"column":105}},"17":{"start":{"line":38,"column":12},"end":{"line":38,"column":42}},"18":{"start":{"line":41,"column":8},"end":{"line":41,"column":38}},"19":{"start":{"line":45,"column":26},"end":{"line":45,"column":53}},"20":{"start":{"line":46,"column":28},"end":{"line":46,"column":83}},"21":{"start":{"line":47,"column":25},"end":{"line":47,"column":53}},"22":{"start":{"line":49,"column":8},"end":{"line":57,"column":9}},"23":{"start":{"line":50,"column":37},"end":{"line":50,"column":100}},"24":{"start":{"line":51,"column":12},"end":{"line":56,"column":13}},"25":{"start":{"line":52,"column":16},"end":{"line":52,"column":83}},"26":{"start":{"line":55,"column":16},"end":{"line":55,"column":98}},"27":{"start":{"line":61,"column":0},"end":{"line":61,"column":30}}},"fnMap":{"0":{"name":"(anonymous_0)","decl":{"start":{"line":4,"column":4},"end":{"line":4,"column":5}},"loc":{"start":{"line":4,"column":18},"end":{"line":19,"column":5}},"line":4},"1":{"name":"(anonymous_1)","decl":{"start":{"line":13,"column":40},"end":{"line":13,"column":41}},"loc":{"start":{"line":13,"column":50},"end":{"line":15,"column":9}},"line":13},"2":{"name":"(anonymous_2)","decl":{"start":{"line":14,"column":25},"end":{"line":14,"column":26}},"loc":{"start":{"line":14,"column":38},"end":{"line":14,"column":67}},"line":14},"3":{"name":"(anonymous_3)","decl":{"start":{"line":21,"column":4},"end":{"line":21,"column":5}},"loc":{"start":{"line":21,"column":27},"end":{"line":27,"column":5}},"line":21},"4":{"name":"(anonymous_4)","decl":{"start":{"line":29,"column":4},"end":{"line":29,"column":5}},"loc":{"start":{"line":29,"column":28},"end":{"line":42,"column":5}},"line":29},"5":{"name":"(anonymous_5)","decl":{"start":{"line":44,"column":4},"end":{"line":44,"column":5}},"loc":{"start":{"line":44,"column":47},"end":{"line":58,"column":5}},"line":44}},"branchMap":{"0":{"loc":{"start":{"line":18,"column":22},"end":{"line":18,"column":82}},"type":"binary-expr","locations":[{"start":{"line":18,"column":22},"end":{"line":18,"column":43}},{"start":{"line":18,"column":47},"end":{"line":18,"column":82}}],"line":18},"1":{"loc":{"start":{"line":31,"column":21},"end":{"line":31,"column":93}},"type":"cond-expr","locations":[{"start":{"line":31,"column":47},"end":{"line":31,"column":70}},{"start":{"line":31,"column":73},"end":{"line":31,"column":93}}],"line":31},"2":{"loc":{"start":{"line":34,"column":8},"end":{"line":39,"column":9}},"type":"if","locations":[{"start":{"line":34,"column":8},"end":{"line":39,"column":9}},{"start":{},"end":{}}],"line":34},"3":{"loc":{"start":{"line":44,"column":24},"end":{"line":44,"column":45}},"type":"default-arg","locations":[{"start":{"line":44,"column":36},"end":{"line":44,"column":45}}],"line":44},"4":{"loc":{"start":{"line":49,"column":8},"end":{"line":57,"column":9}},"type":"if","locations":[{"start":{"line":49,"column":8},"end":{"line":57,"column":9}},{"start":{},"end":{}}],"line":49},"5":{"loc":{"start":{"line":50,"column":37},"end":{"line":50,"column":100}},"type":"cond-expr","locations":[{"start":{"line":50,"column":67},"end":{"line":50,"column":90}},{"start":{"line":50,"column":93},"end":{"line":50,"column":100}}],"line":50},"6":{"loc":{"start":{"line":51,"column":12},"end":{"line":56,"column":13}},"type":"if","locations":[{"start":{"line":51,"column":12},"end":{"line":56,"column":13}},{"start":{"line":54,"column":17},"end":{"line":56,"column":13}}],"line":51}},"s":{"0":6,"1":6,"2":6,"3":30,"4":31,"5":6,"6":33,"7":33,"8":33,"9":33,"10":33,"11":36,"12":36,"13":36,"14":1,"15":1,"16":1,"17":1,"18":35,"19":31,"20":31,"21":31,"22":31,"23":21,"24":21,"25":5,"26":16,"27":6},"f":{"0":6,"1":30,"2":31,"3":33,"4":36,"5":31},"b":{"0":[6,2],"1":[33,3],"2":[1,35],"3":[5],"4":[21,10],"5":[0,21],"6":[5,16]},"_coverageSchema":"1a1c01bbd47fc00a2c39e90264f33305004495a9","hash":"fb81b6100a0d3bd94468ded9738e154ad3431b19"}
,"/home/darren/Dev/HomeIot/ApiV2/FluentIot/tests/components/foobar/foobar_component.js": {"path":"/home/darren/Dev/HomeIot/ApiV2/FluentIot/tests/components/foobar/foobar_component.js","statementMap":{"0":{"start":{"line":9,"column":0},"end":{"line":9,"column":33}}},"fnMap":{"0":{"name":"(anonymous_0)","decl":{"start":{"line":4,"column":4},"end":{"line":4,"column":5}},"loc":{"start":{"line":4,"column":11},"end":{"line":5,"column":5}},"line":4}},"branchMap":{},"s":{"0":1},"f":{"0":0},"b":{},"_coverageSchema":"1a1c01bbd47fc00a2c39e90264f33305004495a9","hash":"df4485e253b9b4243d286c5251d778c95a3cb953"}
,"/home/darren/Dev/HomeIot/ApiV2/FluentIot/tests/components/popcorn/popcorn_component.js": {"path":"/home/darren/Dev/HomeIot/ApiV2/FluentIot/tests/components/popcorn/popcorn_component.js","statementMap":{"0":{"start":{"line":9,"column":0},"end":{"line":9,"column":34}}},"fnMap":{"0":{"name":"(anonymous_0)","decl":{"start":{"line":4,"column":4},"end":{"line":4,"column":5}},"loc":{"start":{"line":4,"column":11},"end":{"line":5,"column":5}},"line":4}},"branchMap":{},"s":{"0":1},"f":{"0":0},"b":{},"_coverageSchema":"1a1c01bbd47fc00a2c39e90264f33305004495a9","hash":"61b59b7bebd1cc58d9dd9be3fde1ca00a29c1d0e"}
,"/home/darren/Dev/HomeIot/ApiV2/FluentIot/tests/helpers/component_helper.js": {"path":"/home/darren/Dev/HomeIot/ApiV2/FluentIot/tests/helpers/component_helper.js","statementMap":{"0":{"start":{"line":2,"column":21},"end":{"line":2,"column":38}},"1":{"start":{"line":4,"column":25},"end":{"line":17,"column":1}},"2":{"start":{"line":5,"column":4},"end":{"line":5,"column":32}},"3":{"start":{"line":6,"column":4},"end":{"line":6,"column":38}},"4":{"start":{"line":7,"column":4},"end":{"line":7,"column":40}},"5":{"start":{"line":10,"column":18},"end":{"line":10,"column":37}},"6":{"start":{"line":12,"column":4},"end":{"line":14,"column":7}},"7":{"start":{"line":13,"column":8},"end":{"line":13,"column":21}},"8":{"start":{"line":16,"column":4},"end":{"line":16,"column":26}},"9":{"start":{"line":20,"column":0},"end":{"line":22,"column":1}}},"fnMap":{"0":{"name":"(anonymous_0)","decl":{"start":{"line":4,"column":25},"end":{"line":4,"column":26}},"loc":{"start":{"line":4,"column":37},"end":{"line":17,"column":1}},"line":4},"1":{"name":"(anonymous_1)","decl":{"start":{"line":12,"column":27},"end":{"line":12,"column":28}},"loc":{"start":{"line":12,"column":33},"end":{"line":14,"column":5}},"line":12}},"branchMap":{},"s":{"0":1,"1":1,"2":6,"3":6,"4":6,"5":6,"6":6,"7":25,"8":6,"9":1},"f":{"0":6,"1":25},"b":{},"_coverageSchema":"1a1c01bbd47fc00a2c39e90264f33305004495a9","hash":"1ef9b6439e520d9460ff483efc3ba1d6db143cb7"}
}
