{"/home/darren/Dev/HomeIot/ApiV2/FluentIot/src/fluent.js": {"path":"/home/darren/Dev/HomeIot/ApiV2/FluentIot/src/fluent.js","statementMap":{"0":{"start":{"line":1,"column":11},"end":{"line":1,"column":24}},"1":{"start":{"line":2,"column":13},"end":{"line":2,"column":28}},"2":{"start":{"line":3,"column":16},"end":{"line":3,"column":40}},"3":{"start":{"line":5,"column":17},"end":{"line":5,"column":38}},"4":{"start":{"line":6,"column":15},"end":{"line":6,"column":40}},"5":{"start":{"line":7,"column":15},"end":{"line":7,"column":34}},"6":{"start":{"line":15,"column":8},"end":{"line":15,"column":27}},"7":{"start":{"line":16,"column":8},"end":{"line":16,"column":31}},"8":{"start":{"line":17,"column":8},"end":{"line":17,"column":30}},"9":{"start":{"line":18,"column":8},"end":{"line":18,"column":34}},"10":{"start":{"line":21,"column":25},"end":{"line":21,"column":55}},"11":{"start":{"line":22,"column":8},"end":{"line":22,"column":47}},"12":{"start":{"line":25,"column":8},"end":{"line":29,"column":9}},"13":{"start":{"line":26,"column":12},"end":{"line":28,"column":13}},"14":{"start":{"line":27,"column":16},"end":{"line":27,"column":51}},"15":{"start":{"line":38,"column":28},"end":{"line":38,"column":40}},"16":{"start":{"line":41,"column":8},"end":{"line":55,"column":11}},"17":{"start":{"line":42,"column":34},"end":{"line":42,"column":48}},"18":{"start":{"line":43,"column":32},"end":{"line":43,"column":99}},"19":{"start":{"line":45,"column":12},"end":{"line":45,"column":73}},"20":{"start":{"line":47,"column":26},"end":{"line":47,"column":55}},"21":{"start":{"line":48,"column":12},"end":{"line":53,"column":15}},"22":{"start":{"line":49,"column":16},"end":{"line":52,"column":17}},"23":{"start":{"line":50,"column":33},"end":{"line":50,"column":69}},"24":{"start":{"line":51,"column":20},"end":{"line":51,"column":64}},"25":{"start":{"line":63,"column":21},"end":{"line":77,"column":9}},"26":{"start":{"line":64,"column":25},"end":{"line":64,"column":64}},"27":{"start":{"line":66,"column":12},"end":{"line":68,"column":13}},"28":{"start":{"line":67,"column":16},"end":{"line":67,"column":76}},"29":{"start":{"line":70,"column":35},"end":{"line":70,"column":48}},"30":{"start":{"line":71,"column":38},"end":{"line":71,"column":62}},"31":{"start":{"line":72,"column":12},"end":{"line":72,"column":56}},"32":{"start":{"line":74,"column":12},"end":{"line":74,"column":54}},"33":{"start":{"line":76,"column":12},"end":{"line":76,"column":37}},"34":{"start":{"line":79,"column":8},"end":{"line":92,"column":9}},"35":{"start":{"line":81,"column":16},"end":{"line":81,"column":49}},"36":{"start":{"line":84,"column":16},"end":{"line":86,"column":17}},"37":{"start":{"line":85,"column":20},"end":{"line":85,"column":69}},"38":{"start":{"line":87,"column":16},"end":{"line":87,"column":47}},"39":{"start":{"line":90,"column":16},"end":{"line":90,"column":41}},"40":{"start":{"line":101,"column":23},"end":{"line":121,"column":9}},"41":{"start":{"line":103,"column":12},"end":{"line":105,"column":13}},"42":{"start":{"line":104,"column":16},"end":{"line":104,"column":72}},"43":{"start":{"line":108,"column":12},"end":{"line":112,"column":13}},"44":{"start":{"line":109,"column":16},"end":{"line":111,"column":17}},"45":{"start":{"line":110,"column":20},"end":{"line":110,"column":97}},"46":{"start":{"line":114,"column":29},"end":{"line":114,"column":60}},"47":{"start":{"line":115,"column":12},"end":{"line":115,"column":44}},"48":{"start":{"line":118,"column":12},"end":{"line":118,"column":36}},"49":{"start":{"line":120,"column":12},"end":{"line":120,"column":28}},"50":{"start":{"line":123,"column":8},"end":{"line":130,"column":9}},"51":{"start":{"line":125,"column":16},"end":{"line":125,"column":43}},"52":{"start":{"line":128,"column":16},"end":{"line":128,"column":40}},"53":{"start":{"line":140,"column":8},"end":{"line":143,"column":9}},"54":{"start":{"line":141,"column":12},"end":{"line":141,"column":37}},"55":{"start":{"line":142,"column":12},"end":{"line":142,"column":69}},"56":{"start":{"line":145,"column":8},"end":{"line":147,"column":9}},"57":{"start":{"line":146,"column":12},"end":{"line":146,"column":19}},"58":{"start":{"line":149,"column":8},"end":{"line":151,"column":11}},"59":{"start":{"line":150,"column":12},"end":{"line":150,"column":65}},"60":{"start":{"line":156,"column":0},"end":{"line":156,"column":15}},"61":{"start":{"line":158,"column":0},"end":{"line":158,"column":24}}},"fnMap":{"0":{"name":"(anonymous_0)","decl":{"start":{"line":14,"column":4},"end":{"line":14,"column":5}},"loc":{"start":{"line":14,"column":19},"end":{"line":30,"column":5}},"line":14},"1":{"name":"(anonymous_1)","decl":{"start":{"line":36,"column":4},"end":{"line":36,"column":5}},"loc":{"start":{"line":36,"column":43},"end":{"line":56,"column":5}},"line":36},"2":{"name":"(anonymous_2)","decl":{"start":{"line":41,"column":27},"end":{"line":41,"column":28}},"loc":{"start":{"line":41,"column":42},"end":{"line":55,"column":9}},"line":41},"3":{"name":"(anonymous_3)","decl":{"start":{"line":48,"column":26},"end":{"line":48,"column":27}},"loc":{"start":{"line":48,"column":34},"end":{"line":53,"column":13}},"line":48},"4":{"name":"(anonymous_4)","decl":{"start":{"line":62,"column":4},"end":{"line":62,"column":5}},"loc":{"start":{"line":62,"column":23},"end":{"line":93,"column":5}},"line":62},"5":{"name":"(anonymous_5)","decl":{"start":{"line":63,"column":21},"end":{"line":63,"column":22}},"loc":{"start":{"line":63,"column":46},"end":{"line":77,"column":9}},"line":63},"6":{"name":"(anonymous_6)","decl":{"start":{"line":80,"column":17},"end":{"line":80,"column":18}},"loc":{"start":{"line":80,"column":42},"end":{"line":82,"column":13}},"line":80},"7":{"name":"(anonymous_7)","decl":{"start":{"line":83,"column":17},"end":{"line":83,"column":18}},"loc":{"start":{"line":83,"column":27},"end":{"line":88,"column":13}},"line":83},"8":{"name":"(anonymous_8)","decl":{"start":{"line":89,"column":17},"end":{"line":89,"column":18}},"loc":{"start":{"line":89,"column":23},"end":{"line":91,"column":13}},"line":89},"9":{"name":"(anonymous_9)","decl":{"start":{"line":100,"column":4},"end":{"line":100,"column":5}},"loc":{"start":{"line":100,"column":22},"end":{"line":131,"column":5}},"line":100},"10":{"name":"(anonymous_10)","decl":{"start":{"line":101,"column":23},"end":{"line":101,"column":24}},"loc":{"start":{"line":101,"column":40},"end":{"line":121,"column":9}},"line":101},"11":{"name":"(anonymous_11)","decl":{"start":{"line":124,"column":20},"end":{"line":124,"column":21}},"loc":{"start":{"line":124,"column":37},"end":{"line":126,"column":13}},"line":124},"12":{"name":"(anonymous_12)","decl":{"start":{"line":127,"column":17},"end":{"line":127,"column":18}},"loc":{"start":{"line":127,"column":23},"end":{"line":129,"column":13}},"line":127},"13":{"name":"(anonymous_13)","decl":{"start":{"line":139,"column":4},"end":{"line":139,"column":5}},"loc":{"start":{"line":139,"column":36},"end":{"line":152,"column":5}},"line":139},"14":{"name":"(anonymous_14)","decl":{"start":{"line":149,"column":33},"end":{"line":149,"column":34}},"loc":{"start":{"line":149,"column":47},"end":{"line":151,"column":9}},"line":149}},"branchMap":{"0":{"loc":{"start":{"line":21,"column":25},"end":{"line":21,"column":55}},"type":"binary-expr","locations":[{"start":{"line":21,"column":25},"end":{"line":21,"column":49}},{"start":{"line":21,"column":53},"end":{"line":21,"column":55}}],"line":21},"1":{"loc":{"start":{"line":26,"column":12},"end":{"line":28,"column":13}},"type":"if","locations":[{"start":{"line":26,"column":12},"end":{"line":28,"column":13}},{"start":{},"end":{}}],"line":26},"2":{"loc":{"start":{"line":43,"column":32},"end":{"line":43,"column":99}},"type":"binary-expr","locations":[{"start":{"line":43,"column":32},"end":{"line":43,"column":46}},{"start":{"line":43,"column":50},"end":{"line":43,"column":99}}],"line":43},"3":{"loc":{"start":{"line":49,"column":16},"end":{"line":52,"column":17}},"type":"if","locations":[{"start":{"line":49,"column":16},"end":{"line":52,"column":17}},{"start":{},"end":{}}],"line":49},"4":{"loc":{"start":{"line":66,"column":12},"end":{"line":68,"column":13}},"type":"if","locations":[{"start":{"line":66,"column":12},"end":{"line":68,"column":13}},{"start":{},"end":{}}],"line":66},"5":{"loc":{"start":{"line":84,"column":16},"end":{"line":86,"column":17}},"type":"if","locations":[{"start":{"line":84,"column":16},"end":{"line":86,"column":17}},{"start":{},"end":{}}],"line":84},"6":{"loc":{"start":{"line":103,"column":12},"end":{"line":105,"column":13}},"type":"if","locations":[{"start":{"line":103,"column":12},"end":{"line":105,"column":13}},{"start":{},"end":{}}],"line":103},"7":{"loc":{"start":{"line":109,"column":16},"end":{"line":111,"column":17}},"type":"if","locations":[{"start":{"line":109,"column":16},"end":{"line":111,"column":17}},{"start":{},"end":{}}],"line":109},"8":{"loc":{"start":{"line":140,"column":8},"end":{"line":143,"column":9}},"type":"if","locations":[{"start":{"line":140,"column":8},"end":{"line":143,"column":9}},{"start":{},"end":{}}],"line":140},"9":{"loc":{"start":{"line":145,"column":8},"end":{"line":147,"column":9}},"type":"if","locations":[{"start":{"line":145,"column":8},"end":{"line":147,"column":9}},{"start":{},"end":{}}],"line":145},"10":{"loc":{"start":{"line":145,"column":11},"end":{"line":145,"column":42}},"type":"binary-expr","locations":[{"start":{"line":145,"column":11},"end":{"line":145,"column":20}},{"start":{"line":145,"column":24},"end":{"line":145,"column":42}}],"line":145},"11":{"loc":{"start":{"line":150,"column":32},"end":{"line":150,"column":64}},"type":"cond-expr","locations":[{"start":{"line":150,"column":52},"end":{"line":150,"column":56}},{"start":{"line":150,"column":59},"end":{"line":150,"column":64}}],"line":150}},"s":{"0":1,"1":1,"2":1,"3":1,"4":1,"5":1,"6":1,"7":1,"8":1,"9":1,"10":1,"11":1,"12":1,"13":0,"14":0,"15":2,"16":2,"17":1,"18":1,"19":1,"20":1,"21":1,"22":1,"23":1,"24":1,"25":9,"26":3,"27":3,"28":1,"29":2,"30":2,"31":2,"32":2,"33":2,"34":9,"35":3,"36":3,"37":1,"38":2,"39":3,"40":15,"41":13,"42":1,"43":12,"44":11,"45":1,"46":11,"47":11,"48":11,"49":11,"50":15,"51":13,"52":2,"53":13,"54":2,"55":2,"56":13,"57":9,"58":4,"59":8,"60":1,"61":1},"f":{"0":1,"1":2,"2":1,"3":1,"4":9,"5":3,"6":3,"7":3,"8":3,"9":15,"10":13,"11":13,"12":2,"13":13,"14":8},"b":{"0":[1,1],"1":[0,0],"2":[1,0],"3":[1,0],"4":[1,2],"5":[1,2],"6":[1,12],"7":[1,10],"8":[2,11],"9":[9,4],"10":[13,11],"11":[4,4]},"_coverageSchema":"1a1c01bbd47fc00a2c39e90264f33305004495a9","hash":"bf3cada941be3a4cee4b39138e911f46f71bf769"}
,"/home/darren/Dev/HomeIot/ApiV2/FluentIot/src/scenario.js": {"path":"/home/darren/Dev/HomeIot/ApiV2/FluentIot/src/scenario.js","statementMap":{"0":{"start":{"line":2,"column":15},"end":{"line":2,"column":40}},"1":{"start":{"line":13,"column":8},"end":{"line":15,"column":9}},"2":{"start":{"line":14,"column":12},"end":{"line":14,"column":93}},"3":{"start":{"line":16,"column":8},"end":{"line":18,"column":9}},"4":{"start":{"line":17,"column":12},"end":{"line":17,"column":70}},"5":{"start":{"line":20,"column":8},"end":{"line":20,"column":29}},"6":{"start":{"line":21,"column":8},"end":{"line":21,"column":39}},"7":{"start":{"line":23,"column":8},"end":{"line":23,"column":30}},"8":{"start":{"line":24,"column":8},"end":{"line":24,"column":29}},"9":{"start":{"line":25,"column":8},"end":{"line":25,"column":27}},"10":{"start":{"line":26,"column":8},"end":{"line":26,"column":28}},"11":{"start":{"line":27,"column":8},"end":{"line":27,"column":24}},"12":{"start":{"line":29,"column":8},"end":{"line":29,"column":56}},"13":{"start":{"line":31,"column":8},"end":{"line":31,"column":30}},"14":{"start":{"line":33,"column":8},"end":{"line":33,"column":56}},"15":{"start":{"line":43,"column":8},"end":{"line":45,"column":10}},"16":{"start":{"line":44,"column":12},"end":{"line":44,"column":31}},"17":{"start":{"line":46,"column":8},"end":{"line":48,"column":10}},"18":{"start":{"line":47,"column":12},"end":{"line":47,"column":44}},"19":{"start":{"line":49,"column":8},"end":{"line":51,"column":10}},"20":{"start":{"line":50,"column":12},"end":{"line":50,"column":39}},"21":{"start":{"line":54,"column":8},"end":{"line":59,"column":9}},"22":{"start":{"line":55,"column":30},"end":{"line":55,"column":60}},"23":{"start":{"line":56,"column":12},"end":{"line":58,"column":13}},"24":{"start":{"line":57,"column":16},"end":{"line":57,"column":71}},"25":{"start":{"line":69,"column":8},"end":{"line":71,"column":9}},"26":{"start":{"line":70,"column":12},"end":{"line":70,"column":34}},"27":{"start":{"line":72,"column":8},"end":{"line":72,"column":29}},"28":{"start":{"line":84,"column":8},"end":{"line":84,"column":46}},"29":{"start":{"line":84,"column":27},"end":{"line":84,"column":44}},"30":{"start":{"line":87,"column":24},"end":{"line":87,"column":26}},"31":{"start":{"line":88,"column":8},"end":{"line":90,"column":10}},"32":{"start":{"line":89,"column":12},"end":{"line":89,"column":52}},"33":{"start":{"line":92,"column":8},"end":{"line":98,"column":9}},"34":{"start":{"line":93,"column":30},"end":{"line":93,"column":60}},"35":{"start":{"line":94,"column":12},"end":{"line":94,"column":72}},"36":{"start":{"line":94,"column":63},"end":{"line":94,"column":70}},"37":{"start":{"line":96,"column":41},"end":{"line":96,"column":81}},"38":{"start":{"line":97,"column":12},"end":{"line":97,"column":57}},"39":{"start":{"line":101,"column":29},"end":{"line":101,"column":81}},"40":{"start":{"line":103,"column":8},"end":{"line":103,"column":28}},"41":{"start":{"line":113,"column":32},"end":{"line":143,"column":5}},"42":{"start":{"line":114,"column":8},"end":{"line":142,"column":11}},"43":{"start":{"line":116,"column":12},"end":{"line":138,"column":13}},"44":{"start":{"line":117,"column":14},"end":{"line":134,"column":16}},"45":{"start":{"line":118,"column":31},"end":{"line":118,"column":63}},"46":{"start":{"line":121,"column":16},"end":{"line":124,"column":17}},"47":{"start":{"line":123,"column":20},"end":{"line":123,"column":79}},"48":{"start":{"line":127,"column":16},"end":{"line":131,"column":17}},"49":{"start":{"line":129,"column":20},"end":{"line":129,"column":45}},"50":{"start":{"line":130,"column":20},"end":{"line":130,"column":56}},"51":{"start":{"line":133,"column":16},"end":{"line":133,"column":30}},"52":{"start":{"line":135,"column":19},"end":{"line":138,"column":13}},"53":{"start":{"line":137,"column":16},"end":{"line":137,"column":81}},"54":{"start":{"line":140,"column":12},"end":{"line":140,"column":32}},"55":{"start":{"line":151,"column":8},"end":{"line":155,"column":9}},"56":{"start":{"line":153,"column":16},"end":{"line":153,"column":43}},"57":{"start":{"line":165,"column":8},"end":{"line":168,"column":11}},"58":{"start":{"line":169,"column":8},"end":{"line":169,"column":20}},"59":{"start":{"line":176,"column":8},"end":{"line":176,"column":29}},"60":{"start":{"line":177,"column":8},"end":{"line":177,"column":41}},"61":{"start":{"line":178,"column":8},"end":{"line":178,"column":20}},"62":{"start":{"line":188,"column":8},"end":{"line":190,"column":9}},"63":{"start":{"line":189,"column":12},"end":{"line":189,"column":25}},"64":{"start":{"line":193,"column":26},"end":{"line":193,"column":31}},"65":{"start":{"line":194,"column":40},"end":{"line":194,"column":41}},"66":{"start":{"line":196,"column":8},"end":{"line":212,"column":11}},"67":{"start":{"line":197,"column":32},"end":{"line":197,"column":62}},"68":{"start":{"line":198,"column":35},"end":{"line":198,"column":108}},"69":{"start":{"line":198,"column":95},"end":{"line":198,"column":107}},"70":{"start":{"line":202,"column":12},"end":{"line":204,"column":13}},"71":{"start":{"line":203,"column":16},"end":{"line":203,"column":35}},"72":{"start":{"line":207,"column":12},"end":{"line":211,"column":13}},"73":{"start":{"line":208,"column":16},"end":{"line":208,"column":35}},"74":{"start":{"line":209,"column":16},"end":{"line":209,"column":52}},"75":{"start":{"line":210,"column":16},"end":{"line":210,"column":75}},"76":{"start":{"line":210,"column":45},"end":{"line":210,"column":73}},"77":{"start":{"line":214,"column":8},"end":{"line":214,"column":27}},"78":{"start":{"line":219,"column":0},"end":{"line":219,"column":26}}},"fnMap":{"0":{"name":"(anonymous_0)","decl":{"start":{"line":11,"column":4},"end":{"line":11,"column":5}},"loc":{"start":{"line":11,"column":37},"end":{"line":34,"column":5}},"line":11},"1":{"name":"(anonymous_1)","decl":{"start":{"line":41,"column":4},"end":{"line":41,"column":5}},"loc":{"start":{"line":41,"column":21},"end":{"line":60,"column":5}},"line":41},"2":{"name":"(anonymous_2)","decl":{"start":{"line":43,"column":30},"end":{"line":43,"column":31}},"loc":{"start":{"line":43,"column":36},"end":{"line":45,"column":9}},"line":43},"3":{"name":"(anonymous_3)","decl":{"start":{"line":46,"column":35},"end":{"line":46,"column":36}},"loc":{"start":{"line":46,"column":48},"end":{"line":48,"column":9}},"line":46},"4":{"name":"(anonymous_4)","decl":{"start":{"line":49,"column":29},"end":{"line":49,"column":30}},"loc":{"start":{"line":49,"column":43},"end":{"line":51,"column":9}},"line":49},"5":{"name":"(anonymous_5)","decl":{"start":{"line":68,"column":4},"end":{"line":68,"column":5}},"loc":{"start":{"line":68,"column":19},"end":{"line":73,"column":5}},"line":68},"6":{"name":"(anonymous_6)","decl":{"start":{"line":82,"column":4},"end":{"line":82,"column":5}},"loc":{"start":{"line":82,"column":28},"end":{"line":104,"column":5}},"line":82},"7":{"name":"(anonymous_7)","decl":{"start":{"line":88,"column":23},"end":{"line":88,"column":24}},"loc":{"start":{"line":88,"column":37},"end":{"line":90,"column":9}},"line":88},"8":{"name":"(anonymous_8)","decl":{"start":{"line":113,"column":32},"end":{"line":113,"column":33}},"loc":{"start":{"line":113,"column":54},"end":{"line":143,"column":5}},"line":113},"9":{"name":"(anonymous_9)","decl":{"start":{"line":115,"column":15},"end":{"line":115,"column":16}},"loc":{"start":{"line":115,"column":43},"end":{"line":141,"column":11}},"line":115},"10":{"name":"(anonymous_10)","decl":{"start":{"line":117,"column":21},"end":{"line":117,"column":22}},"loc":{"start":{"line":117,"column":34},"end":{"line":134,"column":15}},"line":117},"11":{"name":"(anonymous_11)","decl":{"start":{"line":150,"column":4},"end":{"line":150,"column":5}},"loc":{"start":{"line":150,"column":11},"end":{"line":156,"column":5}},"line":150},"12":{"name":"(anonymous_12)","decl":{"start":{"line":152,"column":18},"end":{"line":152,"column":19}},"loc":{"start":{"line":152,"column":32},"end":{"line":154,"column":13}},"line":152},"13":{"name":"(anonymous_13)","decl":{"start":{"line":164,"column":4},"end":{"line":164,"column":5}},"loc":{"start":{"line":164,"column":32},"end":{"line":170,"column":5}},"line":164},"14":{"name":"(anonymous_14)","decl":{"start":{"line":175,"column":4},"end":{"line":175,"column":5}},"loc":{"start":{"line":175,"column":11},"end":{"line":179,"column":5}},"line":175},"15":{"name":"(anonymous_15)","decl":{"start":{"line":186,"column":4},"end":{"line":186,"column":5}},"loc":{"start":{"line":186,"column":19},"end":{"line":215,"column":5}},"line":186},"16":{"name":"(anonymous_16)","decl":{"start":{"line":196,"column":31},"end":{"line":196,"column":32}},"loc":{"start":{"line":196,"column":47},"end":{"line":212,"column":9}},"line":196},"17":{"name":"(anonymous_17)","decl":{"start":{"line":198,"column":81},"end":{"line":198,"column":82}},"loc":{"start":{"line":198,"column":95},"end":{"line":198,"column":107}},"line":198}},"branchMap":{"0":{"loc":{"start":{"line":13,"column":8},"end":{"line":15,"column":9}},"type":"if","locations":[{"start":{"line":13,"column":8},"end":{"line":15,"column":9}},{"start":{},"end":{}}],"line":13},"1":{"loc":{"start":{"line":16,"column":8},"end":{"line":18,"column":9}},"type":"if","locations":[{"start":{"line":16,"column":8},"end":{"line":18,"column":9}},{"start":{},"end":{}}],"line":16},"2":{"loc":{"start":{"line":56,"column":12},"end":{"line":58,"column":13}},"type":"if","locations":[{"start":{"line":56,"column":12},"end":{"line":58,"column":13}},{"start":{},"end":{}}],"line":56},"3":{"loc":{"start":{"line":69,"column":8},"end":{"line":71,"column":9}},"type":"if","locations":[{"start":{"line":69,"column":8},"end":{"line":71,"column":9}},{"start":{},"end":{}}],"line":69},"4":{"loc":{"start":{"line":84,"column":8},"end":{"line":84,"column":46}},"type":"if","locations":[{"start":{"line":84,"column":8},"end":{"line":84,"column":46}},{"start":{},"end":{}}],"line":84},"5":{"loc":{"start":{"line":94,"column":12},"end":{"line":94,"column":72}},"type":"if","locations":[{"start":{"line":94,"column":12},"end":{"line":94,"column":72}},{"start":{},"end":{}}],"line":94},"6":{"loc":{"start":{"line":116,"column":12},"end":{"line":138,"column":13}},"type":"if","locations":[{"start":{"line":116,"column":12},"end":{"line":138,"column":13}},{"start":{"line":135,"column":19},"end":{"line":138,"column":13}}],"line":116},"7":{"loc":{"start":{"line":121,"column":16},"end":{"line":124,"column":17}},"type":"if","locations":[{"start":{"line":121,"column":16},"end":{"line":124,"column":17}},{"start":{},"end":{}}],"line":121},"8":{"loc":{"start":{"line":121,"column":20},"end":{"line":121,"column":90}},"type":"binary-expr","locations":[{"start":{"line":121,"column":20},"end":{"line":121,"column":26}},{"start":{"line":121,"column":30},"end":{"line":121,"column":56}},{"start":{"line":121,"column":60},"end":{"line":121,"column":90}}],"line":121},"9":{"loc":{"start":{"line":127,"column":16},"end":{"line":131,"column":17}},"type":"if","locations":[{"start":{"line":127,"column":16},"end":{"line":131,"column":17}},{"start":{},"end":{}}],"line":127},"10":{"loc":{"start":{"line":135,"column":19},"end":{"line":138,"column":13}},"type":"if","locations":[{"start":{"line":135,"column":19},"end":{"line":138,"column":13}},{"start":{},"end":{}}],"line":135},"11":{"loc":{"start":{"line":135,"column":23},"end":{"line":135,"column":80}},"type":"binary-expr","locations":[{"start":{"line":135,"column":23},"end":{"line":135,"column":55}},{"start":{"line":135,"column":59},"end":{"line":135,"column":80}}],"line":135},"12":{"loc":{"start":{"line":188,"column":8},"end":{"line":190,"column":9}},"type":"if","locations":[{"start":{"line":188,"column":8},"end":{"line":190,"column":9}},{"start":{},"end":{}}],"line":188},"13":{"loc":{"start":{"line":197,"column":32},"end":{"line":197,"column":62}},"type":"binary-expr","locations":[{"start":{"line":197,"column":32},"end":{"line":197,"column":56}},{"start":{"line":197,"column":60},"end":{"line":197,"column":62}}],"line":197},"14":{"loc":{"start":{"line":198,"column":35},"end":{"line":198,"column":108}},"type":"binary-expr","locations":[{"start":{"line":198,"column":35},"end":{"line":198,"column":59}},{"start":{"line":198,"column":63},"end":{"line":198,"column":108}}],"line":198},"15":{"loc":{"start":{"line":202,"column":12},"end":{"line":204,"column":13}},"type":"if","locations":[{"start":{"line":202,"column":12},"end":{"line":204,"column":13}},{"start":{},"end":{}}],"line":202},"16":{"loc":{"start":{"line":202,"column":15},"end":{"line":202,"column":72}},"type":"binary-expr","locations":[{"start":{"line":202,"column":15},"end":{"line":202,"column":44}},{"start":{"line":202,"column":48},"end":{"line":202,"column":72}}],"line":202},"17":{"loc":{"start":{"line":207,"column":12},"end":{"line":211,"column":13}},"type":"if","locations":[{"start":{"line":207,"column":12},"end":{"line":211,"column":13}},{"start":{},"end":{}}],"line":207},"18":{"loc":{"start":{"line":210,"column":16},"end":{"line":210,"column":75}},"type":"if","locations":[{"start":{"line":210,"column":16},"end":{"line":210,"column":75}},{"start":{},"end":{}}],"line":210}},"s":{"0":1,"1":22,"2":3,"3":19,"4":1,"5":18,"6":18,"7":18,"8":18,"9":18,"10":18,"11":18,"12":18,"13":18,"14":18,"15":18,"16":12,"17":18,"18":7,"19":18,"20":9,"21":18,"22":18,"23":18,"24":18,"25":28,"26":1,"27":27,"28":27,"29":13,"30":27,"31":27,"32":13,"33":27,"34":27,"35":27,"36":0,"37":27,"38":27,"39":27,"40":27,"41":22,"42":94,"43":138,"44":138,"45":94,"46":94,"47":67,"48":27,"49":14,"50":14,"51":13,"52":0,"53":0,"54":0,"55":2,"56":2,"57":24,"58":24,"59":1,"60":1,"61":1,"62":19,"63":1,"64":18,"65":18,"66":18,"67":25,"68":25,"69":14,"70":25,"71":1,"72":24,"73":17,"74":17,"75":17,"76":6,"77":18,"78":1},"f":{"0":22,"1":18,"2":12,"3":7,"4":9,"5":28,"6":27,"7":13,"8":94,"9":138,"10":94,"11":2,"12":2,"13":24,"14":1,"15":19,"16":25,"17":14},"b":{"0":[3,19],"1":[1,18],"2":[18,0],"3":[1,27],"4":[13,14],"5":[0,27],"6":[138,0],"7":[67,27],"8":[94,93,67],"9":[14,13],"10":[0,0],"11":[0,0],"12":[1,18],"13":[25,12],"14":[25,13],"15":[1,24],"16":[25,2],"17":[17,7],"18":[6,11]},"_coverageSchema":"1a1c01bbd47fc00a2c39e90264f33305004495a9","hash":"41918488ed8d5d669c7d712f168470f705927878"}
,"/home/darren/Dev/HomeIot/ApiV2/FluentIot/src/components/component.js": {"path":"/home/darren/Dev/HomeIot/ApiV2/FluentIot/src/components/component.js","statementMap":{"0":{"start":{"line":5,"column":8},"end":{"line":5,"column":29}},"1":{"start":{"line":6,"column":8},"end":{"line":6,"column":27}},"2":{"start":{"line":10,"column":8},"end":{"line":12,"column":9}},"3":{"start":{"line":11,"column":12},"end":{"line":11,"column":63}},"4":{"start":{"line":13,"column":8},"end":{"line":13,"column":27}},"5":{"start":{"line":17,"column":8},"end":{"line":17,"column":35}},"6":{"start":{"line":22,"column":0},"end":{"line":22,"column":27}}},"fnMap":{"0":{"name":"(anonymous_0)","decl":{"start":{"line":4,"column":4},"end":{"line":4,"column":5}},"loc":{"start":{"line":4,"column":24},"end":{"line":7,"column":5}},"line":4},"1":{"name":"(anonymous_1)","decl":{"start":{"line":9,"column":4},"end":{"line":9,"column":5}},"loc":{"start":{"line":9,"column":12},"end":{"line":14,"column":5}},"line":9},"2":{"name":"(anonymous_2)","decl":{"start":{"line":16,"column":4},"end":{"line":16,"column":5}},"loc":{"start":{"line":16,"column":18},"end":{"line":18,"column":5}},"line":16}},"branchMap":{"0":{"loc":{"start":{"line":10,"column":8},"end":{"line":12,"column":9}},"type":"if","locations":[{"start":{"line":10,"column":8},"end":{"line":12,"column":9}},{"start":{},"end":{}}],"line":10}},"s":{"0":57,"1":57,"2":50,"3":19,"4":50,"5":53,"6":4},"f":{"0":57,"1":50,"2":53},"b":{"0":[19,31]},"_coverageSchema":"1a1c01bbd47fc00a2c39e90264f33305004495a9","hash":"d56bfec34d175f7c5c05b031592bd234cf270316"}
,"/home/darren/Dev/HomeIot/ApiV2/FluentIot/src/components/_mixins/attribute_dsl.js": {"path":"/home/darren/Dev/HomeIot/ApiV2/FluentIot/src/components/_mixins/attribute_dsl.js","statementMap":{"0":{"start":{"line":2,"column":15},"end":{"line":2,"column":46}},"1":{"start":{"line":4,"column":26},"end":{"line":29,"column":1}},"2":{"start":{"line":6,"column":4},"end":{"line":27,"column":5}},"3":{"start":{"line":9,"column":16},"end":{"line":11,"column":17}},"4":{"start":{"line":10,"column":20},"end":{"line":10,"column":32}},"5":{"start":{"line":12,"column":16},"end":{"line":12,"column":56}},"6":{"start":{"line":15,"column":16},"end":{"line":15,"column":66}},"7":{"start":{"line":16,"column":16},"end":{"line":16,"column":28}},"8":{"start":{"line":19,"column":16},"end":{"line":21,"column":17}},"9":{"start":{"line":20,"column":20},"end":{"line":20,"column":27}},"10":{"start":{"line":22,"column":16},"end":{"line":22,"column":66}},"11":{"start":{"line":23,"column":16},"end":{"line":23,"column":99}},"12":{"start":{"line":24,"column":16},"end":{"line":24,"column":107}},"13":{"start":{"line":31,"column":0},"end":{"line":31,"column":35}}},"fnMap":{"0":{"name":"(anonymous_0)","decl":{"start":{"line":4,"column":26},"end":{"line":4,"column":27}},"loc":{"start":{"line":4,"column":44},"end":{"line":29,"column":1}},"line":4},"1":{"name":"(anonymous_1)","decl":{"start":{"line":8,"column":17},"end":{"line":8,"column":18}},"loc":{"start":{"line":8,"column":36},"end":{"line":13,"column":13}},"line":8},"2":{"name":"(anonymous_2)","decl":{"start":{"line":14,"column":17},"end":{"line":14,"column":18}},"loc":{"start":{"line":14,"column":52},"end":{"line":17,"column":13}},"line":14},"3":{"name":"(anonymous_3)","decl":{"start":{"line":18,"column":20},"end":{"line":18,"column":21}},"loc":{"start":{"line":18,"column":55},"end":{"line":25,"column":13}},"line":18}},"branchMap":{"0":{"loc":{"start":{"line":9,"column":16},"end":{"line":11,"column":17}},"type":"if","locations":[{"start":{"line":9,"column":16},"end":{"line":11,"column":17}},{"start":{},"end":{}}],"line":9},"1":{"loc":{"start":{"line":19,"column":16},"end":{"line":21,"column":17}},"type":"if","locations":[{"start":{"line":19,"column":16},"end":{"line":21,"column":17}},{"start":{},"end":{}}],"line":19}},"s":{"0":1,"1":1,"2":17,"3":39,"4":2,"5":37,"6":4,"7":4,"8":9,"9":1,"10":8,"11":8,"12":8,"13":1},"f":{"0":17,"1":39,"2":4,"3":9},"b":{"0":[2,37],"1":[1,8]},"_coverageSchema":"1a1c01bbd47fc00a2c39e90264f33305004495a9","hash":"e3c02d88d8dda59e5f55b4d3f1174e57db46836d"}
,"/home/darren/Dev/HomeIot/ApiV2/FluentIot/src/components/datetime/datetime_component.js": {"path":"/home/darren/Dev/HomeIot/ApiV2/FluentIot/src/components/datetime/datetime_component.js","statementMap":{"0":{"start":{"line":1,"column":17},"end":{"line":1,"column":41}},"1":{"start":{"line":2,"column":15},"end":{"line":2,"column":32}},"2":{"start":{"line":3,"column":15},"end":{"line":3,"column":46}},"3":{"start":{"line":5,"column":18},"end":{"line":5,"column":43}},"4":{"start":{"line":19,"column":8},"end":{"line":19,"column":22}},"5":{"start":{"line":20,"column":8},"end":{"line":20,"column":25}},"6":{"start":{"line":25,"column":8},"end":{"line":28,"column":11}},"7":{"start":{"line":26,"column":12},"end":{"line":26,"column":41}},"8":{"start":{"line":27,"column":12},"end":{"line":27,"column":65}},"9":{"start":{"line":31,"column":8},"end":{"line":33,"column":11}},"10":{"start":{"line":32,"column":12},"end":{"line":32,"column":39}},"11":{"start":{"line":36,"column":8},"end":{"line":38,"column":11}},"12":{"start":{"line":37,"column":12},"end":{"line":37,"column":41}},"13":{"start":{"line":42,"column":8},"end":{"line":61,"column":9}},"14":{"start":{"line":45,"column":20},"end":{"line":47,"column":23}},"15":{"start":{"line":46,"column":24},"end":{"line":46,"column":71}},"16":{"start":{"line":46,"column":51},"end":{"line":46,"column":69}},"17":{"start":{"line":48,"column":20},"end":{"line":48,"column":45}},"18":{"start":{"line":51,"column":43},"end":{"line":51,"column":76}},"19":{"start":{"line":52,"column":20},"end":{"line":54,"column":21}},"20":{"start":{"line":53,"column":24},"end":{"line":53,"column":85}},"21":{"start":{"line":55,"column":20},"end":{"line":57,"column":23}},"22":{"start":{"line":56,"column":24},"end":{"line":56,"column":42}},"23":{"start":{"line":58,"column":20},"end":{"line":58,"column":45}},"24":{"start":{"line":65,"column":8},"end":{"line":87,"column":9}},"25":{"start":{"line":68,"column":39},"end":{"line":68,"column":64}},"26":{"start":{"line":69,"column":34},"end":{"line":69,"column":57}},"27":{"start":{"line":70,"column":20},"end":{"line":70,"column":107}},"28":{"start":{"line":70,"column":58},"end":{"line":70,"column":105}},"29":{"start":{"line":75,"column":20},"end":{"line":78,"column":21}},"30":{"start":{"line":76,"column":24},"end":{"line":76,"column":117}},"31":{"start":{"line":77,"column":24},"end":{"line":77,"column":37}},"32":{"start":{"line":79,"column":20},"end":{"line":82,"column":21}},"33":{"start":{"line":80,"column":24},"end":{"line":80,"column":117}},"34":{"start":{"line":81,"column":24},"end":{"line":81,"column":37}},"35":{"start":{"line":83,"column":40},"end":{"line":83,"column":64}},"36":{"start":{"line":84,"column":20},"end":{"line":84,"column":82}},"37":{"start":{"line":91,"column":24},"end":{"line":91,"column":26}},"38":{"start":{"line":93,"column":31},"end":{"line":128,"column":9}},"39":{"start":{"line":94,"column":28},"end":{"line":94,"column":30}},"40":{"start":{"line":95,"column":12},"end":{"line":95,"column":36}},"41":{"start":{"line":98,"column":12},"end":{"line":101,"column":13}},"42":{"start":{"line":99,"column":16},"end":{"line":99,"column":43}},"43":{"start":{"line":100,"column":16},"end":{"line":100,"column":41}},"44":{"start":{"line":104,"column":12},"end":{"line":110,"column":13}},"45":{"start":{"line":105,"column":16},"end":{"line":105,"column":41}},"46":{"start":{"line":106,"column":16},"end":{"line":106,"column":42}},"47":{"start":{"line":107,"column":16},"end":{"line":107,"column":44}},"48":{"start":{"line":108,"column":16},"end":{"line":108,"column":43}},"49":{"start":{"line":109,"column":16},"end":{"line":109,"column":41}},"50":{"start":{"line":113,"column":12},"end":{"line":115,"column":13}},"51":{"start":{"line":114,"column":16},"end":{"line":114,"column":66}},"52":{"start":{"line":118,"column":12},"end":{"line":120,"column":13}},"53":{"start":{"line":119,"column":16},"end":{"line":119,"column":67}},"54":{"start":{"line":123,"column":12},"end":{"line":127,"column":13}},"55":{"start":{"line":124,"column":16},"end":{"line":124,"column":60}},"56":{"start":{"line":126,"column":16},"end":{"line":126,"column":43}},"57":{"start":{"line":130,"column":8},"end":{"line":136,"column":9}},"58":{"start":{"line":131,"column":12},"end":{"line":131,"column":56}},"59":{"start":{"line":131,"column":35},"end":{"line":131,"column":54}},"60":{"start":{"line":132,"column":15},"end":{"line":136,"column":9}},"61":{"start":{"line":133,"column":12},"end":{"line":133,"column":34}},"62":{"start":{"line":135,"column":12},"end":{"line":135,"column":97}},"63":{"start":{"line":138,"column":8},"end":{"line":138,"column":23}},"64":{"start":{"line":142,"column":22},"end":{"line":142,"column":88}},"65":{"start":{"line":144,"column":8},"end":{"line":164,"column":9}},"66":{"start":{"line":145,"column":26},"end":{"line":145,"column":59}},"67":{"start":{"line":146,"column":25},"end":{"line":146,"column":65}},"68":{"start":{"line":148,"column":12},"end":{"line":163,"column":13}},"69":{"start":{"line":152,"column":20},"end":{"line":152,"column":50}},"70":{"start":{"line":156,"column":20},"end":{"line":156,"column":50}},"71":{"start":{"line":160,"column":20},"end":{"line":160,"column":50}},"72":{"start":{"line":162,"column":20},"end":{"line":162,"column":32}},"73":{"start":{"line":166,"column":8},"end":{"line":166,"column":20}},"74":{"start":{"line":171,"column":0},"end":{"line":171,"column":35}}},"fnMap":{"0":{"name":"(anonymous_0)","decl":{"start":{"line":18,"column":4},"end":{"line":18,"column":5}},"loc":{"start":{"line":18,"column":24},"end":{"line":21,"column":5}},"line":18},"1":{"name":"(anonymous_1)","decl":{"start":{"line":23,"column":4},"end":{"line":23,"column":5}},"loc":{"start":{"line":23,"column":16},"end":{"line":39,"column":5}},"line":23},"2":{"name":"(anonymous_2)","decl":{"start":{"line":25,"column":44},"end":{"line":25,"column":45}},"loc":{"start":{"line":25,"column":50},"end":{"line":28,"column":9}},"line":25},"3":{"name":"(anonymous_3)","decl":{"start":{"line":31,"column":42},"end":{"line":31,"column":43}},"loc":{"start":{"line":31,"column":48},"end":{"line":33,"column":9}},"line":31},"4":{"name":"(anonymous_4)","decl":{"start":{"line":36,"column":44},"end":{"line":36,"column":45}},"loc":{"start":{"line":36,"column":50},"end":{"line":38,"column":9}},"line":36},"5":{"name":"(anonymous_5)","decl":{"start":{"line":41,"column":4},"end":{"line":41,"column":5}},"loc":{"start":{"line":41,"column":23},"end":{"line":62,"column":5}},"line":41},"6":{"name":"(anonymous_6)","decl":{"start":{"line":44,"column":20},"end":{"line":44,"column":21}},"loc":{"start":{"line":44,"column":36},"end":{"line":49,"column":17}},"line":44},"7":{"name":"(anonymous_7)","decl":{"start":{"line":45,"column":53},"end":{"line":45,"column":54}},"loc":{"start":{"line":45,"column":63},"end":{"line":47,"column":21}},"line":45},"8":{"name":"(anonymous_8)","decl":{"start":{"line":50,"column":23},"end":{"line":50,"column":24}},"loc":{"start":{"line":50,"column":35},"end":{"line":59,"column":17}},"line":50},"9":{"name":"(anonymous_9)","decl":{"start":{"line":55,"column":57},"end":{"line":55,"column":58}},"loc":{"start":{"line":55,"column":63},"end":{"line":57,"column":21}},"line":55},"10":{"name":"(anonymous_10)","decl":{"start":{"line":64,"column":4},"end":{"line":64,"column":5}},"loc":{"start":{"line":64,"column":18},"end":{"line":88,"column":5}},"line":64},"11":{"name":"(anonymous_11)","decl":{"start":{"line":67,"column":20},"end":{"line":67,"column":21}},"loc":{"start":{"line":67,"column":35},"end":{"line":71,"column":17}},"line":67},"12":{"name":"(anonymous_12)","decl":{"start":{"line":70,"column":43},"end":{"line":70,"column":44}},"loc":{"start":{"line":70,"column":58},"end":{"line":70,"column":105}},"line":70},"13":{"name":"(anonymous_13)","decl":{"start":{"line":74,"column":25},"end":{"line":74,"column":26}},"loc":{"start":{"line":74,"column":53},"end":{"line":85,"column":17}},"line":74},"14":{"name":"(anonymous_14)","decl":{"start":{"line":90,"column":4},"end":{"line":90,"column":5}},"loc":{"start":{"line":90,"column":21},"end":{"line":139,"column":5}},"line":90},"15":{"name":"(anonymous_15)","decl":{"start":{"line":93,"column":31},"end":{"line":93,"column":32}},"loc":{"start":{"line":93,"column":40},"end":{"line":128,"column":9}},"line":93},"16":{"name":"(anonymous_16)","decl":{"start":{"line":131,"column":26},"end":{"line":131,"column":27}},"loc":{"start":{"line":131,"column":35},"end":{"line":131,"column":54}},"line":131},"17":{"name":"(anonymous_17)","decl":{"start":{"line":141,"column":4},"end":{"line":141,"column":5}},"loc":{"start":{"line":141,"column":33},"end":{"line":167,"column":5}},"line":141}},"branchMap":{"0":{"loc":{"start":{"line":46,"column":24},"end":{"line":46,"column":71}},"type":"if","locations":[{"start":{"line":46,"column":24},"end":{"line":46,"column":71}},{"start":{},"end":{}}],"line":46},"1":{"loc":{"start":{"line":52,"column":20},"end":{"line":54,"column":21}},"type":"if","locations":[{"start":{"line":52,"column":20},"end":{"line":54,"column":21}},{"start":{},"end":{}}],"line":52},"2":{"loc":{"start":{"line":75,"column":20},"end":{"line":78,"column":21}},"type":"if","locations":[{"start":{"line":75,"column":20},"end":{"line":78,"column":21}},{"start":{},"end":{}}],"line":75},"3":{"loc":{"start":{"line":79,"column":20},"end":{"line":82,"column":21}},"type":"if","locations":[{"start":{"line":79,"column":20},"end":{"line":82,"column":21}},{"start":{},"end":{}}],"line":79},"4":{"loc":{"start":{"line":84,"column":27},"end":{"line":84,"column":81}},"type":"binary-expr","locations":[{"start":{"line":84,"column":27},"end":{"line":84,"column":53}},{"start":{"line":84,"column":57},"end":{"line":84,"column":81}}],"line":84},"5":{"loc":{"start":{"line":98,"column":12},"end":{"line":101,"column":13}},"type":"if","locations":[{"start":{"line":98,"column":12},"end":{"line":101,"column":13}},{"start":{},"end":{}}],"line":98},"6":{"loc":{"start":{"line":104,"column":12},"end":{"line":110,"column":13}},"type":"if","locations":[{"start":{"line":104,"column":12},"end":{"line":110,"column":13}},{"start":{},"end":{}}],"line":104},"7":{"loc":{"start":{"line":104,"column":15},"end":{"line":104,"column":58}},"type":"binary-expr","locations":[{"start":{"line":104,"column":15},"end":{"line":104,"column":37}},{"start":{"line":104,"column":41},"end":{"line":104,"column":58}}],"line":104},"8":{"loc":{"start":{"line":113,"column":12},"end":{"line":115,"column":13}},"type":"if","locations":[{"start":{"line":113,"column":12},"end":{"line":115,"column":13}},{"start":{},"end":{}}],"line":113},"9":{"loc":{"start":{"line":113,"column":16},"end":{"line":113,"column":76}},"type":"binary-expr","locations":[{"start":{"line":113,"column":16},"end":{"line":113,"column":38}},{"start":{"line":113,"column":42},"end":{"line":113,"column":76}}],"line":113},"10":{"loc":{"start":{"line":118,"column":12},"end":{"line":120,"column":13}},"type":"if","locations":[{"start":{"line":118,"column":12},"end":{"line":120,"column":13}},{"start":{},"end":{}}],"line":118},"11":{"loc":{"start":{"line":118,"column":16},"end":{"line":118,"column":77}},"type":"binary-expr","locations":[{"start":{"line":118,"column":16},"end":{"line":118,"column":38}},{"start":{"line":118,"column":42},"end":{"line":118,"column":77}}],"line":118},"12":{"loc":{"start":{"line":123,"column":12},"end":{"line":127,"column":13}},"type":"if","locations":[{"start":{"line":123,"column":12},"end":{"line":127,"column":13}},{"start":{"line":125,"column":19},"end":{"line":127,"column":13}}],"line":123},"13":{"loc":{"start":{"line":130,"column":8},"end":{"line":136,"column":9}},"type":"if","locations":[{"start":{"line":130,"column":8},"end":{"line":136,"column":9}},{"start":{"line":132,"column":15},"end":{"line":136,"column":9}}],"line":130},"14":{"loc":{"start":{"line":132,"column":15},"end":{"line":136,"column":9}},"type":"if","locations":[{"start":{"line":132,"column":15},"end":{"line":136,"column":9}},{"start":{"line":134,"column":15},"end":{"line":136,"column":9}}],"line":132},"15":{"loc":{"start":{"line":144,"column":8},"end":{"line":164,"column":9}},"type":"if","locations":[{"start":{"line":144,"column":8},"end":{"line":164,"column":9}},{"start":{},"end":{}}],"line":144},"16":{"loc":{"start":{"line":145,"column":26},"end":{"line":145,"column":59}},"type":"cond-expr","locations":[{"start":{"line":145,"column":37},"end":{"line":145,"column":55}},{"start":{"line":145,"column":58},"end":{"line":145,"column":59}}],"line":145},"17":{"loc":{"start":{"line":146,"column":25},"end":{"line":146,"column":65}},"type":"cond-expr","locations":[{"start":{"line":146,"column":36},"end":{"line":146,"column":58}},{"start":{"line":146,"column":61},"end":{"line":146,"column":65}}],"line":146},"18":{"loc":{"start":{"line":148,"column":12},"end":{"line":163,"column":13}},"type":"switch","locations":[{"start":{"line":149,"column":16},"end":{"line":149,"column":27}},{"start":{"line":150,"column":16},"end":{"line":150,"column":30}},{"start":{"line":151,"column":16},"end":{"line":152,"column":50}},{"start":{"line":153,"column":16},"end":{"line":153,"column":27}},{"start":{"line":154,"column":16},"end":{"line":154,"column":30}},{"start":{"line":155,"column":16},"end":{"line":156,"column":50}},{"start":{"line":157,"column":16},"end":{"line":157,"column":26}},{"start":{"line":158,"column":16},"end":{"line":158,"column":28}},{"start":{"line":159,"column":16},"end":{"line":160,"column":50}},{"start":{"line":161,"column":16},"end":{"line":162,"column":32}}],"line":148}},"s":{"0":1,"1":1,"2":1,"3":1,"4":17,"5":17,"6":17,"7":5,"8":5,"9":17,"10":5,"11":17,"12":5,"13":18,"14":2,"15":2,"16":1,"17":2,"18":16,"19":16,"20":4,"21":12,"22":12,"23":12,"24":12,"25":7,"26":7,"27":7,"28":5,"29":5,"30":1,"31":1,"32":4,"33":1,"34":1,"35":3,"36":3,"37":7,"38":7,"39":8,"40":8,"41":8,"42":1,"43":1,"44":8,"45":1,"46":1,"47":1,"48":1,"49":1,"50":8,"51":1,"52":8,"53":4,"54":8,"55":1,"56":7,"57":7,"58":2,"59":4,"60":5,"61":4,"62":1,"63":7,"64":16,"65":16,"66":13,"67":13,"68":13,"69":4,"70":4,"71":4,"72":1,"73":3,"74":1},"f":{"0":17,"1":17,"2":5,"3":5,"4":5,"5":18,"6":2,"7":2,"8":16,"9":12,"10":12,"11":7,"12":5,"13":5,"14":7,"15":8,"16":4,"17":16},"b":{"0":[1,1],"1":[4,12],"2":[1,4],"3":[1,3],"4":[3,3],"5":[1,7],"6":[1,7],"7":[8,7],"8":[1,7],"9":[8,6],"10":[4,4],"11":[8,5],"12":[1,7],"13":[2,5],"14":[4,1],"15":[13,3],"16":[10,3],"17":[12,1],"18":[1,4,4,1,4,4,1,4,4,1]},"_coverageSchema":"1a1c01bbd47fc00a2c39e90264f33305004495a9","hash":"d82734a57e9ef3d7a79051cf772ce2fac024e6ae"}
,"/home/darren/Dev/HomeIot/ApiV2/FluentIot/src/components/room/room.js": {"path":"/home/darren/Dev/HomeIot/ApiV2/FluentIot/src/components/room/room.js","statementMap":{"0":{"start":{"line":1,"column":15},"end":{"line":1,"column":32}},"1":{"start":{"line":2,"column":15},"end":{"line":2,"column":46}},"2":{"start":{"line":3,"column":26},"end":{"line":3,"column":63}},"3":{"start":{"line":7,"column":8},"end":{"line":7,"column":29}},"4":{"start":{"line":8,"column":8},"end":{"line":8,"column":25}},"5":{"start":{"line":11,"column":8},"end":{"line":11,"column":61}},"6":{"start":{"line":14,"column":8},"end":{"line":18,"column":10}},"7":{"start":{"line":21,"column":8},"end":{"line":23,"column":44}},"8":{"start":{"line":28,"column":8},"end":{"line":28,"column":33}},"9":{"start":{"line":29,"column":8},"end":{"line":29,"column":36}},"10":{"start":{"line":33,"column":8},"end":{"line":35,"column":9}},"11":{"start":{"line":34,"column":12},"end":{"line":34,"column":47}},"12":{"start":{"line":38,"column":8},"end":{"line":38,"column":86}},"13":{"start":{"line":38,"column":52},"end":{"line":38,"column":73}},"14":{"start":{"line":48,"column":8},"end":{"line":53,"column":9}},"15":{"start":{"line":49,"column":12},"end":{"line":49,"column":44}},"16":{"start":{"line":50,"column":12},"end":{"line":52,"column":13}},"17":{"start":{"line":51,"column":16},"end":{"line":51,"column":56}},"18":{"start":{"line":56,"column":8},"end":{"line":56,"column":40}},"19":{"start":{"line":60,"column":8},"end":{"line":62,"column":9}},"20":{"start":{"line":61,"column":12},"end":{"line":61,"column":34}},"21":{"start":{"line":71,"column":8},"end":{"line":73,"column":9}},"22":{"start":{"line":72,"column":12},"end":{"line":72,"column":19}},"23":{"start":{"line":76,"column":8},"end":{"line":78,"column":9}},"24":{"start":{"line":77,"column":12},"end":{"line":77,"column":19}},"25":{"start":{"line":81,"column":20},"end":{"line":81,"column":28}},"26":{"start":{"line":82,"column":8},"end":{"line":84,"column":9}},"27":{"start":{"line":83,"column":12},"end":{"line":83,"column":19}},"28":{"start":{"line":87,"column":8},"end":{"line":87,"column":37}},"29":{"start":{"line":88,"column":8},"end":{"line":88,"column":60}},"30":{"start":{"line":89,"column":8},"end":{"line":89,"column":49}},"31":{"start":{"line":97,"column":8},"end":{"line":97,"column":46}},"32":{"start":{"line":102,"column":0},"end":{"line":102,"column":22}}},"fnMap":{"0":{"name":"(anonymous_0)","decl":{"start":{"line":6,"column":4},"end":{"line":6,"column":5}},"loc":{"start":{"line":6,"column":42},"end":{"line":39,"column":5}},"line":6},"1":{"name":"(anonymous_1)","decl":{"start":{"line":38,"column":46},"end":{"line":38,"column":47}},"loc":{"start":{"line":38,"column":52},"end":{"line":38,"column":73}},"line":38},"2":{"name":"(anonymous_2)","decl":{"start":{"line":45,"column":4},"end":{"line":45,"column":5}},"loc":{"start":{"line":45,"column":41},"end":{"line":63,"column":5}},"line":45},"3":{"name":"(anonymous_3)","decl":{"start":{"line":69,"column":4},"end":{"line":69,"column":5}},"loc":{"start":{"line":69,"column":21},"end":{"line":90,"column":5}},"line":69},"4":{"name":"(anonymous_4)","decl":{"start":{"line":96,"column":4},"end":{"line":96,"column":5}},"loc":{"start":{"line":96,"column":17},"end":{"line":98,"column":5}},"line":96}},"branchMap":{"0":{"loc":{"start":{"line":21,"column":26},"end":{"line":23,"column":43}},"type":"cond-expr","locations":[{"start":{"line":22,"column":14},"end":{"line":22,"column":58}},{"start":{"line":23,"column":14},"end":{"line":23,"column":43}}],"line":21},"1":{"loc":{"start":{"line":21,"column":26},"end":{"line":21,"column":79}},"type":"binary-expr","locations":[{"start":{"line":21,"column":26},"end":{"line":21,"column":45}},{"start":{"line":21,"column":49},"end":{"line":21,"column":79}}],"line":21},"2":{"loc":{"start":{"line":33,"column":8},"end":{"line":35,"column":9}},"type":"if","locations":[{"start":{"line":33,"column":8},"end":{"line":35,"column":9}},{"start":{},"end":{}}],"line":33},"3":{"loc":{"start":{"line":48,"column":8},"end":{"line":53,"column":9}},"type":"if","locations":[{"start":{"line":48,"column":8},"end":{"line":53,"column":9}},{"start":{},"end":{}}],"line":48},"4":{"loc":{"start":{"line":50,"column":12},"end":{"line":52,"column":13}},"type":"if","locations":[{"start":{"line":50,"column":12},"end":{"line":52,"column":13}},{"start":{},"end":{}}],"line":50},"5":{"loc":{"start":{"line":60,"column":8},"end":{"line":62,"column":9}},"type":"if","locations":[{"start":{"line":60,"column":8},"end":{"line":62,"column":9}},{"start":{},"end":{}}],"line":60},"6":{"loc":{"start":{"line":71,"column":8},"end":{"line":73,"column":9}},"type":"if","locations":[{"start":{"line":71,"column":8},"end":{"line":73,"column":9}},{"start":{},"end":{}}],"line":71},"7":{"loc":{"start":{"line":76,"column":8},"end":{"line":78,"column":9}},"type":"if","locations":[{"start":{"line":76,"column":8},"end":{"line":78,"column":9}},{"start":{},"end":{}}],"line":76},"8":{"loc":{"start":{"line":82,"column":8},"end":{"line":84,"column":9}},"type":"if","locations":[{"start":{"line":82,"column":8},"end":{"line":84,"column":9}},{"start":{},"end":{}}],"line":82}},"s":{"0":1,"1":1,"2":1,"3":17,"4":17,"5":17,"6":17,"7":17,"8":17,"9":17,"10":17,"11":1,"12":17,"13":0,"14":9,"15":6,"16":6,"17":5,"18":9,"19":9,"20":4,"21":5,"22":0,"23":5,"24":2,"25":3,"26":3,"27":1,"28":2,"29":2,"30":2,"31":4,"32":1},"f":{"0":17,"1":0,"2":9,"3":5,"4":4},"b":{"0":[3,14],"1":[17,17],"2":[1,16],"3":[6,3],"4":[5,1],"5":[4,5],"6":[0,5],"7":[2,3],"8":[1,2]},"_coverageSchema":"1a1c01bbd47fc00a2c39e90264f33305004495a9","hash":"ea83bd8e63795d5f27a323c0ccaa2a8d43a781a3"}
,"/home/darren/Dev/HomeIot/ApiV2/FluentIot/src/components/room/room_component.js": {"path":"/home/darren/Dev/HomeIot/ApiV2/FluentIot/src/components/room/room_component.js","statementMap":{"0":{"start":{"line":1,"column":18},"end":{"line":1,"column":43}},"1":{"start":{"line":2,"column":13},"end":{"line":2,"column":30}},"2":{"start":{"line":3,"column":15},"end":{"line":3,"column":46}},"3":{"start":{"line":17,"column":8},"end":{"line":17,"column":22}},"4":{"start":{"line":18,"column":8},"end":{"line":18,"column":24}},"5":{"start":{"line":28,"column":8},"end":{"line":31,"column":9}},"6":{"start":{"line":29,"column":12},"end":{"line":29,"column":56}},"7":{"start":{"line":30,"column":12},"end":{"line":30,"column":25}},"8":{"start":{"line":32,"column":24},"end":{"line":32,"column":56}},"9":{"start":{"line":33,"column":8},"end":{"line":33,"column":35}},"10":{"start":{"line":34,"column":8},"end":{"line":34,"column":23}},"11":{"start":{"line":43,"column":8},"end":{"line":45,"column":9}},"12":{"start":{"line":44,"column":12},"end":{"line":44,"column":25}},"13":{"start":{"line":46,"column":21},"end":{"line":46,"column":37}},"14":{"start":{"line":47,"column":8},"end":{"line":47,"column":20}},"15":{"start":{"line":51,"column":8},"end":{"line":79,"column":9}},"16":{"start":{"line":53,"column":29},"end":{"line":53,"column":43}},"17":{"start":{"line":54,"column":16},"end":{"line":56,"column":17}},"18":{"start":{"line":55,"column":20},"end":{"line":55,"column":75}},"19":{"start":{"line":58,"column":16},"end":{"line":77,"column":18}},"20":{"start":{"line":61,"column":28},"end":{"line":65,"column":31}},"21":{"start":{"line":62,"column":32},"end":{"line":64,"column":33}},"22":{"start":{"line":63,"column":36},"end":{"line":63,"column":54}},"23":{"start":{"line":66,"column":28},"end":{"line":66,"column":53}},"24":{"start":{"line":69,"column":28},"end":{"line":73,"column":31}},"25":{"start":{"line":70,"column":32},"end":{"line":72,"column":33}},"26":{"start":{"line":71,"column":36},"end":{"line":71,"column":54}},"27":{"start":{"line":74,"column":28},"end":{"line":74,"column":53}},"28":{"start":{"line":84,"column":0},"end":{"line":84,"column":31}}},"fnMap":{"0":{"name":"(anonymous_0)","decl":{"start":{"line":16,"column":4},"end":{"line":16,"column":5}},"loc":{"start":{"line":16,"column":24},"end":{"line":19,"column":5}},"line":16},"1":{"name":"(anonymous_1)","decl":{"start":{"line":27,"column":4},"end":{"line":27,"column":5}},"loc":{"start":{"line":27,"column":26},"end":{"line":35,"column":5}},"line":27},"2":{"name":"(anonymous_2)","decl":{"start":{"line":42,"column":4},"end":{"line":42,"column":5}},"loc":{"start":{"line":42,"column":14},"end":{"line":48,"column":5}},"line":42},"3":{"name":"(anonymous_3)","decl":{"start":{"line":50,"column":4},"end":{"line":50,"column":5}},"loc":{"start":{"line":50,"column":23},"end":{"line":80,"column":5}},"line":50},"4":{"name":"(anonymous_4)","decl":{"start":{"line":52,"column":18},"end":{"line":52,"column":19}},"loc":{"start":{"line":52,"column":28},"end":{"line":78,"column":13}},"line":52},"5":{"name":"(anonymous_5)","decl":{"start":{"line":60,"column":34},"end":{"line":60,"column":35}},"loc":{"start":{"line":60,"column":40},"end":{"line":67,"column":25}},"line":60},"6":{"name":"(anonymous_6)","decl":{"start":{"line":61,"column":65},"end":{"line":61,"column":66}},"loc":{"start":{"line":61,"column":82},"end":{"line":65,"column":29}},"line":61},"7":{"name":"(anonymous_7)","decl":{"start":{"line":68,"column":32},"end":{"line":68,"column":33}},"loc":{"start":{"line":68,"column":38},"end":{"line":75,"column":25}},"line":68},"8":{"name":"(anonymous_8)","decl":{"start":{"line":69,"column":65},"end":{"line":69,"column":66}},"loc":{"start":{"line":69,"column":82},"end":{"line":73,"column":29}},"line":69}},"branchMap":{"0":{"loc":{"start":{"line":28,"column":8},"end":{"line":31,"column":9}},"type":"if","locations":[{"start":{"line":28,"column":8},"end":{"line":31,"column":9}},{"start":{},"end":{}}],"line":28},"1":{"loc":{"start":{"line":43,"column":8},"end":{"line":45,"column":9}},"type":"if","locations":[{"start":{"line":43,"column":8},"end":{"line":45,"column":9}},{"start":{},"end":{}}],"line":43},"2":{"loc":{"start":{"line":54,"column":16},"end":{"line":56,"column":17}},"type":"if","locations":[{"start":{"line":54,"column":16},"end":{"line":56,"column":17}},{"start":{},"end":{}}],"line":54},"3":{"loc":{"start":{"line":62,"column":32},"end":{"line":64,"column":33}},"type":"if","locations":[{"start":{"line":62,"column":32},"end":{"line":64,"column":33}},{"start":{},"end":{}}],"line":62},"4":{"loc":{"start":{"line":62,"column":35},"end":{"line":62,"column":96}},"type":"binary-expr","locations":[{"start":{"line":62,"column":35},"end":{"line":62,"column":66}},{"start":{"line":62,"column":70},"end":{"line":62,"column":96}}],"line":62},"5":{"loc":{"start":{"line":70,"column":32},"end":{"line":72,"column":33}},"type":"if","locations":[{"start":{"line":70,"column":32},"end":{"line":72,"column":33}},{"start":{},"end":{}}],"line":70},"6":{"loc":{"start":{"line":70,"column":35},"end":{"line":70,"column":97}},"type":"binary-expr","locations":[{"start":{"line":70,"column":35},"end":{"line":70,"column":66}},{"start":{"line":70,"column":70},"end":{"line":70,"column":97}}],"line":70}},"s":{"0":1,"1":1,"2":1,"3":17,"4":17,"5":18,"6":1,"7":1,"8":17,"9":17,"10":17,"11":21,"12":2,"13":19,"14":19,"15":3,"16":3,"17":3,"18":1,"19":2,"20":1,"21":1,"22":1,"23":1,"24":1,"25":2,"26":1,"27":1,"28":1},"f":{"0":17,"1":18,"2":21,"3":3,"4":3,"5":1,"6":1,"7":1,"8":2},"b":{"0":[1,17],"1":[2,19],"2":[1,2],"3":[1,0],"4":[1,1],"5":[1,1],"6":[2,2]},"_coverageSchema":"1a1c01bbd47fc00a2c39e90264f33305004495a9","hash":"a0412c49dbdae718e69c14de1add129d90e6f42b"}
,"/home/darren/Dev/HomeIot/ApiV2/FluentIot/src/components/scene/scene.js": {"path":"/home/darren/Dev/HomeIot/ApiV2/FluentIot/src/components/scene/scene.js","statementMap":{"0":{"start":{"line":1,"column":15},"end":{"line":1,"column":46}},"1":{"start":{"line":6,"column":8},"end":{"line":6,"column":29}},"2":{"start":{"line":7,"column":8},"end":{"line":7,"column":25}},"3":{"start":{"line":8,"column":8},"end":{"line":8,"column":33}},"4":{"start":{"line":12,"column":8},"end":{"line":12,"column":61}},"5":{"start":{"line":13,"column":8},"end":{"line":13,"column":49}},"6":{"start":{"line":14,"column":8},"end":{"line":14,"column":24}},"7":{"start":{"line":19,"column":0},"end":{"line":19,"column":23}}},"fnMap":{"0":{"name":"(anonymous_0)","decl":{"start":{"line":5,"column":4},"end":{"line":5,"column":5}},"loc":{"start":{"line":5,"column":40},"end":{"line":9,"column":5}},"line":5},"1":{"name":"(anonymous_1)","decl":{"start":{"line":11,"column":4},"end":{"line":11,"column":5}},"loc":{"start":{"line":11,"column":10},"end":{"line":15,"column":5}},"line":11}},"branchMap":{},"s":{"0":1,"1":3,"2":3,"3":3,"4":1,"5":1,"6":1,"7":1},"f":{"0":3,"1":1},"b":{},"_coverageSchema":"1a1c01bbd47fc00a2c39e90264f33305004495a9","hash":"5fe11393aa21917c1d9508344304891537994a3f"}
,"/home/darren/Dev/HomeIot/ApiV2/FluentIot/src/components/scene/scene_component.js": {"path":"/home/darren/Dev/HomeIot/ApiV2/FluentIot/src/components/scene/scene_component.js","statementMap":{"0":{"start":{"line":1,"column":18},"end":{"line":1,"column":43}},"1":{"start":{"line":2,"column":14},"end":{"line":2,"column":32}},"2":{"start":{"line":11,"column":8},"end":{"line":11,"column":22}},"3":{"start":{"line":12,"column":8},"end":{"line":12,"column":25}},"4":{"start":{"line":22,"column":8},"end":{"line":24,"column":9}},"5":{"start":{"line":23,"column":12},"end":{"line":23,"column":62}},"6":{"start":{"line":25,"column":25},"end":{"line":25,"column":56}},"7":{"start":{"line":26,"column":8},"end":{"line":26,"column":37}},"8":{"start":{"line":27,"column":8},"end":{"line":27,"column":24}},"9":{"start":{"line":36,"column":8},"end":{"line":38,"column":9}},"10":{"start":{"line":37,"column":12},"end":{"line":37,"column":25}},"11":{"start":{"line":39,"column":22},"end":{"line":39,"column":39}},"12":{"start":{"line":40,"column":8},"end":{"line":40,"column":21}},"13":{"start":{"line":45,"column":0},"end":{"line":45,"column":32}}},"fnMap":{"0":{"name":"(anonymous_0)","decl":{"start":{"line":10,"column":4},"end":{"line":10,"column":5}},"loc":{"start":{"line":10,"column":24},"end":{"line":13,"column":5}},"line":10},"1":{"name":"(anonymous_1)","decl":{"start":{"line":21,"column":4},"end":{"line":21,"column":5}},"loc":{"start":{"line":21,"column":24},"end":{"line":28,"column":5}},"line":21},"2":{"name":"(anonymous_2)","decl":{"start":{"line":35,"column":4},"end":{"line":35,"column":5}},"loc":{"start":{"line":35,"column":14},"end":{"line":41,"column":5}},"line":35}},"branchMap":{"0":{"loc":{"start":{"line":22,"column":8},"end":{"line":24,"column":9}},"type":"if","locations":[{"start":{"line":22,"column":8},"end":{"line":24,"column":9}},{"start":{},"end":{}}],"line":22},"1":{"loc":{"start":{"line":36,"column":8},"end":{"line":38,"column":9}},"type":"if","locations":[{"start":{"line":36,"column":8},"end":{"line":38,"column":9}},{"start":{},"end":{}}],"line":36}},"s":{"0":1,"1":1,"2":5,"3":5,"4":4,"5":1,"6":3,"7":3,"8":3,"9":3,"10":1,"11":2,"12":2,"13":1},"f":{"0":5,"1":4,"2":3},"b":{"0":[1,3],"1":[1,2]},"_coverageSchema":"1a1c01bbd47fc00a2c39e90264f33305004495a9","hash":"33e22eee975880f8361637fee768caf8d637b277"}
,"/home/darren/Dev/HomeIot/ApiV2/FluentIot/src/components/variable/variable_component.js": {"path":"/home/darren/Dev/HomeIot/ApiV2/FluentIot/src/components/variable/variable_component.js","statementMap":{"0":{"start":{"line":1,"column":15},"end":{"line":1,"column":32}},"1":{"start":{"line":2,"column":15},"end":{"line":2,"column":46}},"2":{"start":{"line":3,"column":18},"end":{"line":3,"column":43}},"3":{"start":{"line":17,"column":8},"end":{"line":17,"column":22}},"4":{"start":{"line":18,"column":8},"end":{"line":18,"column":28}},"5":{"start":{"line":31,"column":8},"end":{"line":31,"column":50}},"6":{"start":{"line":32,"column":8},"end":{"line":32,"column":47}},"7":{"start":{"line":35,"column":8},"end":{"line":43,"column":9}},"8":{"start":{"line":36,"column":33},"end":{"line":36,"column":66}},"9":{"start":{"line":37,"column":12},"end":{"line":42,"column":13}},"10":{"start":{"line":38,"column":16},"end":{"line":38,"column":46}},"11":{"start":{"line":40,"column":16},"end":{"line":40,"column":108}},"12":{"start":{"line":41,"column":16},"end":{"line":41,"column":29}},"13":{"start":{"line":45,"column":8},"end":{"line":45,"column":20}},"14":{"start":{"line":55,"column":8},"end":{"line":57,"column":9}},"15":{"start":{"line":56,"column":12},"end":{"line":56,"column":25}},"16":{"start":{"line":58,"column":8},"end":{"line":58,"column":36}},"17":{"start":{"line":59,"column":8},"end":{"line":59,"column":47}},"18":{"start":{"line":60,"column":8},"end":{"line":60,"column":20}},"19":{"start":{"line":70,"column":8},"end":{"line":72,"column":9}},"20":{"start":{"line":71,"column":12},"end":{"line":71,"column":24}},"21":{"start":{"line":74,"column":8},"end":{"line":77,"column":9}},"22":{"start":{"line":75,"column":12},"end":{"line":75,"column":30}},"23":{"start":{"line":76,"column":12},"end":{"line":76,"column":24}},"24":{"start":{"line":79,"column":8},"end":{"line":79,"column":42}},"25":{"start":{"line":90,"column":25},"end":{"line":90,"column":45}},"26":{"start":{"line":92,"column":8},"end":{"line":96,"column":9}},"27":{"start":{"line":93,"column":33},"end":{"line":93,"column":64}},"28":{"start":{"line":94,"column":34},"end":{"line":94,"column":42}},"29":{"start":{"line":95,"column":12},"end":{"line":95,"column":56}},"30":{"start":{"line":98,"column":8},"end":{"line":98,"column":21}},"31":{"start":{"line":109,"column":33},"end":{"line":109,"column":50}},"32":{"start":{"line":111,"column":8},"end":{"line":113,"column":9}},"33":{"start":{"line":112,"column":10},"end":{"line":112,"column":23}},"34":{"start":{"line":115,"column":8},"end":{"line":115,"column":54}},"35":{"start":{"line":125,"column":8},"end":{"line":146,"column":9}},"36":{"start":{"line":127,"column":16},"end":{"line":144,"column":18}},"37":{"start":{"line":129,"column":24},"end":{"line":133,"column":27}},"38":{"start":{"line":130,"column":28},"end":{"line":132,"column":29}},"39":{"start":{"line":131,"column":32},"end":{"line":131,"column":50}},"40":{"start":{"line":134,"column":24},"end":{"line":134,"column":49}},"41":{"start":{"line":137,"column":24},"end":{"line":141,"column":27}},"42":{"start":{"line":138,"column":28},"end":{"line":140,"column":29}},"43":{"start":{"line":139,"column":32},"end":{"line":139,"column":67}},"44":{"start":{"line":142,"column":24},"end":{"line":142,"column":49}},"45":{"start":{"line":155,"column":8},"end":{"line":164,"column":9}},"46":{"start":{"line":157,"column":16},"end":{"line":162,"column":17}},"47":{"start":{"line":159,"column":45},"end":{"line":159,"column":67}},"48":{"start":{"line":160,"column":24},"end":{"line":160,"column":62}},"49":{"start":{"line":170,"column":0},"end":{"line":170,"column":35}}},"fnMap":{"0":{"name":"(anonymous_0)","decl":{"start":{"line":16,"column":4},"end":{"line":16,"column":5}},"loc":{"start":{"line":16,"column":24},"end":{"line":19,"column":5}},"line":16},"1":{"name":"(anonymous_1)","decl":{"start":{"line":30,"column":4},"end":{"line":30,"column":5}},"loc":{"start":{"line":30,"column":35},"end":{"line":46,"column":5}},"line":30},"2":{"name":"(anonymous_2)","decl":{"start":{"line":54,"column":4},"end":{"line":54,"column":5}},"loc":{"start":{"line":54,"column":17},"end":{"line":61,"column":5}},"line":54},"3":{"name":"(anonymous_3)","decl":{"start":{"line":69,"column":4},"end":{"line":69,"column":5}},"loc":{"start":{"line":69,"column":14},"end":{"line":80,"column":5}},"line":69},"4":{"name":"(anonymous_4)","decl":{"start":{"line":89,"column":4},"end":{"line":89,"column":5}},"loc":{"start":{"line":89,"column":26},"end":{"line":99,"column":5}},"line":89},"5":{"name":"(anonymous_5)","decl":{"start":{"line":108,"column":4},"end":{"line":108,"column":5}},"loc":{"start":{"line":108,"column":25},"end":{"line":116,"column":5}},"line":108},"6":{"name":"(anonymous_6)","decl":{"start":{"line":124,"column":4},"end":{"line":124,"column":5}},"loc":{"start":{"line":124,"column":23},"end":{"line":147,"column":5}},"line":124},"7":{"name":"(anonymous_7)","decl":{"start":{"line":126,"column":22},"end":{"line":126,"column":23}},"loc":{"start":{"line":126,"column":40},"end":{"line":145,"column":13}},"line":126},"8":{"name":"(anonymous_8)","decl":{"start":{"line":128,"column":24},"end":{"line":128,"column":25}},"loc":{"start":{"line":128,"column":43},"end":{"line":135,"column":21}},"line":128},"9":{"name":"(anonymous_9)","decl":{"start":{"line":129,"column":52},"end":{"line":129,"column":53}},"loc":{"start":{"line":129,"column":69},"end":{"line":133,"column":25}},"line":129},"10":{"name":"(anonymous_10)","decl":{"start":{"line":136,"column":29},"end":{"line":136,"column":30}},"loc":{"start":{"line":136,"column":35},"end":{"line":143,"column":21}},"line":136},"11":{"name":"(anonymous_11)","decl":{"start":{"line":137,"column":52},"end":{"line":137,"column":53}},"loc":{"start":{"line":137,"column":69},"end":{"line":141,"column":25}},"line":137},"12":{"name":"(anonymous_12)","decl":{"start":{"line":154,"column":4},"end":{"line":154,"column":5}},"loc":{"start":{"line":154,"column":18},"end":{"line":165,"column":5}},"line":154},"13":{"name":"(anonymous_13)","decl":{"start":{"line":156,"column":22},"end":{"line":156,"column":23}},"loc":{"start":{"line":156,"column":40},"end":{"line":163,"column":13}},"line":156},"14":{"name":"(anonymous_14)","decl":{"start":{"line":158,"column":24},"end":{"line":158,"column":25}},"loc":{"start":{"line":158,"column":43},"end":{"line":161,"column":21}},"line":158}},"branchMap":{"0":{"loc":{"start":{"line":30,"column":21},"end":{"line":30,"column":33}},"type":"default-arg","locations":[{"start":{"line":30,"column":31},"end":{"line":30,"column":33}}],"line":30},"1":{"loc":{"start":{"line":35,"column":8},"end":{"line":43,"column":9}},"type":"if","locations":[{"start":{"line":35,"column":8},"end":{"line":43,"column":9}},{"start":{},"end":{}}],"line":35},"2":{"loc":{"start":{"line":37,"column":12},"end":{"line":42,"column":13}},"type":"if","locations":[{"start":{"line":37,"column":12},"end":{"line":42,"column":13}},{"start":{"line":39,"column":19},"end":{"line":42,"column":13}}],"line":37},"3":{"loc":{"start":{"line":55,"column":8},"end":{"line":57,"column":9}},"type":"if","locations":[{"start":{"line":55,"column":8},"end":{"line":57,"column":9}},{"start":{},"end":{}}],"line":55},"4":{"loc":{"start":{"line":70,"column":8},"end":{"line":72,"column":9}},"type":"if","locations":[{"start":{"line":70,"column":8},"end":{"line":72,"column":9}},{"start":{},"end":{}}],"line":70},"5":{"loc":{"start":{"line":74,"column":8},"end":{"line":77,"column":9}},"type":"if","locations":[{"start":{"line":74,"column":8},"end":{"line":77,"column":9}},{"start":{},"end":{}}],"line":74},"6":{"loc":{"start":{"line":92,"column":8},"end":{"line":96,"column":9}},"type":"if","locations":[{"start":{"line":92,"column":8},"end":{"line":96,"column":9}},{"start":{},"end":{}}],"line":92},"7":{"loc":{"start":{"line":92,"column":12},"end":{"line":92,"column":67}},"type":"binary-expr","locations":[{"start":{"line":92,"column":12},"end":{"line":92,"column":20}},{"start":{"line":92,"column":24},"end":{"line":92,"column":40}},{"start":{"line":92,"column":44},"end":{"line":92,"column":67}}],"line":92},"8":{"loc":{"start":{"line":111,"column":8},"end":{"line":113,"column":9}},"type":"if","locations":[{"start":{"line":111,"column":8},"end":{"line":113,"column":9}},{"start":{},"end":{}}],"line":111},"9":{"loc":{"start":{"line":111,"column":12},"end":{"line":111,"column":59}},"type":"binary-expr","locations":[{"start":{"line":111,"column":12},"end":{"line":111,"column":21}},{"start":{"line":111,"column":25},"end":{"line":111,"column":50}},{"start":{"line":111,"column":54},"end":{"line":111,"column":59}}],"line":111},"10":{"loc":{"start":{"line":130,"column":28},"end":{"line":132,"column":29}},"type":"if","locations":[{"start":{"line":130,"column":28},"end":{"line":132,"column":29}},{"start":{},"end":{}}],"line":130},"11":{"loc":{"start":{"line":130,"column":32},"end":{"line":130,"column":104}},"type":"binary-expr","locations":[{"start":{"line":130,"column":32},"end":{"line":130,"column":65}},{"start":{"line":130,"column":69},"end":{"line":130,"column":104}}],"line":130},"12":{"loc":{"start":{"line":138,"column":28},"end":{"line":140,"column":29}},"type":"if","locations":[{"start":{"line":138,"column":28},"end":{"line":140,"column":29}},{"start":{},"end":{}}],"line":138}},"s":{"0":1,"1":1,"2":1,"3":18,"4":18,"5":22,"6":22,"7":22,"8":16,"9":16,"10":15,"11":1,"12":1,"13":21,"14":3,"15":1,"16":2,"17":2,"18":2,"19":10,"20":4,"21":6,"22":1,"23":1,"24":5,"25":6,"26":6,"27":2,"28":2,"29":2,"30":4,"31":16,"32":16,"33":1,"34":15,"35":10,"36":10,"37":8,"38":28,"39":6,"40":8,"41":2,"42":7,"43":6,"44":2,"45":4,"46":4,"47":4,"48":4,"49":1},"f":{"0":18,"1":22,"2":3,"3":10,"4":6,"5":16,"6":10,"7":10,"8":8,"9":28,"10":2,"11":7,"12":4,"13":4,"14":4},"b":{"0":[6],"1":[16,6],"2":[15,1],"3":[1,2],"4":[4,6],"5":[1,5],"6":[2,4],"7":[6,6,6],"8":[1,15],"9":[16,16,15],"10":[6,22],"11":[28,27],"12":[6,1]},"_coverageSchema":"1a1c01bbd47fc00a2c39e90264f33305004495a9","hash":"06fac3a41624b5ca3da91e7fe3c6e50d231c2e68"}
,"/home/darren/Dev/HomeIot/ApiV2/FluentIot/src/config/fluent.config.js": {"path":"/home/darren/Dev/HomeIot/ApiV2/FluentIot/src/config/fluent.config.js","statementMap":{"0":{"start":{"line":3,"column":15},"end":{"line":18,"column":1}},"1":{"start":{"line":20,"column":0},"end":{"line":20,"column":24}}},"fnMap":{},"branchMap":{},"s":{"0":7,"1":7},"f":{},"b":{},"_coverageSchema":"1a1c01bbd47fc00a2c39e90264f33305004495a9","hash":"87fe270fae64724f99d86b4a44f223229edb6f12"}
,"/home/darren/Dev/HomeIot/ApiV2/FluentIot/src/config/index.js": {"path":"/home/darren/Dev/HomeIot/ApiV2/FluentIot/src/config/index.js","statementMap":{"0":{"start":{"line":1,"column":13},"end":{"line":1,"column":28}},"1":{"start":{"line":2,"column":11},"end":{"line":2,"column":24}},"2":{"start":{"line":6,"column":4},"end":{"line":6,"column":36}},"3":{"start":{"line":11,"column":4},"end":{"line":17,"column":5}},"4":{"start":{"line":13,"column":6},"end":{"line":13,"column":47}},"5":{"start":{"line":15,"column":6},"end":{"line":15,"column":62}},"6":{"start":{"line":16,"column":6},"end":{"line":16,"column":18}},"7":{"start":{"line":23,"column":4},"end":{"line":23,"column":25}},"8":{"start":{"line":29,"column":30},"end":{"line":29,"column":82}},"9":{"start":{"line":30,"column":4},"end":{"line":32,"column":5}},"10":{"start":{"line":31,"column":6},"end":{"line":31,"column":31}},"11":{"start":{"line":35,"column":4},"end":{"line":35,"column":52}},"12":{"start":{"line":40,"column":4},"end":{"line":43,"column":5}},"13":{"start":{"line":41,"column":6},"end":{"line":41,"column":41}},"14":{"start":{"line":42,"column":6},"end":{"line":42,"column":18}},"15":{"start":{"line":45,"column":17},"end":{"line":45,"column":31}},"16":{"start":{"line":46,"column":16},"end":{"line":46,"column":27}},"17":{"start":{"line":48,"column":4},"end":{"line":55,"column":5}},"18":{"start":{"line":49,"column":6},"end":{"line":54,"column":7}},"19":{"start":{"line":50,"column":8},"end":{"line":50,"column":25}},"20":{"start":{"line":52,"column":8},"end":{"line":52,"column":47}},"21":{"start":{"line":53,"column":8},"end":{"line":53,"column":20}},"22":{"start":{"line":57,"column":4},"end":{"line":57,"column":17}},"23":{"start":{"line":61,"column":0},"end":{"line":61,"column":30}}},"fnMap":{"0":{"name":"(anonymous_0)","decl":{"start":{"line":5,"column":2},"end":{"line":5,"column":3}},"loc":{"start":{"line":5,"column":16},"end":{"line":7,"column":3}},"line":5},"1":{"name":"(anonymous_1)","decl":{"start":{"line":10,"column":2},"end":{"line":10,"column":3}},"loc":{"start":{"line":10,"column":15},"end":{"line":18,"column":3}},"line":10},"2":{"name":"(anonymous_2)","decl":{"start":{"line":21,"column":2},"end":{"line":21,"column":3}},"loc":{"start":{"line":21,"column":19},"end":{"line":24,"column":3}},"line":21},"3":{"name":"(anonymous_3)","decl":{"start":{"line":27,"column":2},"end":{"line":27,"column":3}},"loc":{"start":{"line":27,"column":22},"end":{"line":36,"column":3}},"line":27},"4":{"name":"(anonymous_4)","decl":{"start":{"line":39,"column":2},"end":{"line":39,"column":3}},"loc":{"start":{"line":39,"column":11},"end":{"line":58,"column":3}},"line":39}},"branchMap":{"0":{"loc":{"start":{"line":30,"column":4},"end":{"line":32,"column":5}},"type":"if","locations":[{"start":{"line":30,"column":4},"end":{"line":32,"column":5}},{"start":{},"end":{}}],"line":30},"1":{"loc":{"start":{"line":40,"column":4},"end":{"line":43,"column":5}},"type":"if","locations":[{"start":{"line":40,"column":4},"end":{"line":43,"column":5}},{"start":{},"end":{}}],"line":40},"2":{"loc":{"start":{"line":49,"column":6},"end":{"line":54,"column":7}},"type":"if","locations":[{"start":{"line":49,"column":6},"end":{"line":54,"column":7}},{"start":{"line":51,"column":13},"end":{"line":54,"column":7}}],"line":49},"3":{"loc":{"start":{"line":49,"column":10},"end":{"line":49,"column":58}},"type":"binary-expr","locations":[{"start":{"line":49,"column":10},"end":{"line":49,"column":15}},{"start":{"line":49,"column":19},"end":{"line":49,"column":44}},{"start":{"line":49,"column":48},"end":{"line":49,"column":58}}],"line":49}},"s":{"0":7,"1":7,"2":7,"3":7,"4":7,"5":0,"6":0,"7":7,"8":7,"9":7,"10":0,"11":7,"12":5,"13":0,"14":0,"15":5,"16":5,"17":5,"18":5,"19":5,"20":0,"21":0,"22":5,"23":7},"f":{"0":7,"1":7,"2":7,"3":7,"4":5},"b":{"0":[0,7],"1":[0,5],"2":[5,0],"3":[5,5,5]},"_coverageSchema":"1a1c01bbd47fc00a2c39e90264f33305004495a9","hash":"dae6364f3c50b39dc1763952bc2e038182ce8c83"}
,"/home/darren/Dev/HomeIot/ApiV2/FluentIot/src/utils/logger.js": {"path":"/home/darren/Dev/HomeIot/ApiV2/FluentIot/src/utils/logger.js","statementMap":{"0":{"start":{"line":1,"column":15},"end":{"line":1,"column":37}},"1":{"start":{"line":5,"column":8},"end":{"line":11,"column":10}},"2":{"start":{"line":13,"column":8},"end":{"line":15,"column":11}},"3":{"start":{"line":14,"column":12},"end":{"line":14,"column":67}},"4":{"start":{"line":14,"column":40},"end":{"line":14,"column":65}},"5":{"start":{"line":18,"column":8},"end":{"line":18,"column":83}},"6":{"start":{"line":22,"column":20},"end":{"line":22,"column":30}},"7":{"start":{"line":23,"column":22},"end":{"line":23,"column":64}},"8":{"start":{"line":24,"column":24},"end":{"line":24,"column":68}},"9":{"start":{"line":25,"column":24},"end":{"line":25,"column":68}},"10":{"start":{"line":26,"column":8},"end":{"line":26,"column":48}},"11":{"start":{"line":30,"column":29},"end":{"line":30,"column":47}},"12":{"start":{"line":31,"column":21},"end":{"line":31,"column":93}},"13":{"start":{"line":34,"column":8},"end":{"line":39,"column":9}},"14":{"start":{"line":35,"column":30},"end":{"line":35,"column":57}},"15":{"start":{"line":36,"column":32},"end":{"line":36,"column":76}},"16":{"start":{"line":37,"column":12},"end":{"line":37,"column":105}},"17":{"start":{"line":38,"column":12},"end":{"line":38,"column":42}},"18":{"start":{"line":41,"column":8},"end":{"line":41,"column":38}},"19":{"start":{"line":45,"column":26},"end":{"line":45,"column":53}},"20":{"start":{"line":46,"column":28},"end":{"line":46,"column":83}},"21":{"start":{"line":47,"column":25},"end":{"line":47,"column":53}},"22":{"start":{"line":49,"column":8},"end":{"line":57,"column":9}},"23":{"start":{"line":50,"column":37},"end":{"line":50,"column":100}},"24":{"start":{"line":51,"column":12},"end":{"line":56,"column":13}},"25":{"start":{"line":52,"column":16},"end":{"line":52,"column":83}},"26":{"start":{"line":55,"column":16},"end":{"line":55,"column":98}},"27":{"start":{"line":61,"column":0},"end":{"line":61,"column":30}}},"fnMap":{"0":{"name":"(anonymous_0)","decl":{"start":{"line":4,"column":4},"end":{"line":4,"column":5}},"loc":{"start":{"line":4,"column":18},"end":{"line":19,"column":5}},"line":4},"1":{"name":"(anonymous_1)","decl":{"start":{"line":13,"column":40},"end":{"line":13,"column":41}},"loc":{"start":{"line":13,"column":50},"end":{"line":15,"column":9}},"line":13},"2":{"name":"(anonymous_2)","decl":{"start":{"line":14,"column":25},"end":{"line":14,"column":26}},"loc":{"start":{"line":14,"column":38},"end":{"line":14,"column":67}},"line":14},"3":{"name":"(anonymous_3)","decl":{"start":{"line":21,"column":4},"end":{"line":21,"column":5}},"loc":{"start":{"line":21,"column":27},"end":{"line":27,"column":5}},"line":21},"4":{"name":"(anonymous_4)","decl":{"start":{"line":29,"column":4},"end":{"line":29,"column":5}},"loc":{"start":{"line":29,"column":28},"end":{"line":42,"column":5}},"line":29},"5":{"name":"(anonymous_5)","decl":{"start":{"line":44,"column":4},"end":{"line":44,"column":5}},"loc":{"start":{"line":44,"column":47},"end":{"line":58,"column":5}},"line":44}},"branchMap":{"0":{"loc":{"start":{"line":18,"column":22},"end":{"line":18,"column":82}},"type":"binary-expr","locations":[{"start":{"line":18,"column":22},"end":{"line":18,"column":43}},{"start":{"line":18,"column":47},"end":{"line":18,"column":82}}],"line":18},"1":{"loc":{"start":{"line":31,"column":21},"end":{"line":31,"column":93}},"type":"cond-expr","locations":[{"start":{"line":31,"column":47},"end":{"line":31,"column":70}},{"start":{"line":31,"column":73},"end":{"line":31,"column":93}}],"line":31},"2":{"loc":{"start":{"line":34,"column":8},"end":{"line":39,"column":9}},"type":"if","locations":[{"start":{"line":34,"column":8},"end":{"line":39,"column":9}},{"start":{},"end":{}}],"line":34},"3":{"loc":{"start":{"line":44,"column":24},"end":{"line":44,"column":45}},"type":"default-arg","locations":[{"start":{"line":44,"column":36},"end":{"line":44,"column":45}}],"line":44},"4":{"loc":{"start":{"line":49,"column":8},"end":{"line":57,"column":9}},"type":"if","locations":[{"start":{"line":49,"column":8},"end":{"line":57,"column":9}},{"start":{},"end":{}}],"line":49},"5":{"loc":{"start":{"line":50,"column":37},"end":{"line":50,"column":100}},"type":"cond-expr","locations":[{"start":{"line":50,"column":67},"end":{"line":50,"column":90}},{"start":{"line":50,"column":93},"end":{"line":50,"column":100}}],"line":50},"6":{"loc":{"start":{"line":51,"column":12},"end":{"line":56,"column":13}},"type":"if","locations":[{"start":{"line":51,"column":12},"end":{"line":56,"column":13}},{"start":{"line":54,"column":17},"end":{"line":56,"column":13}}],"line":51}},"s":{"0":7,"1":7,"2":7,"3":35,"4":31,"5":7,"6":33,"7":33,"8":33,"9":33,"10":33,"11":36,"12":36,"13":36,"14":1,"15":1,"16":1,"17":1,"18":35,"19":31,"20":31,"21":31,"22":31,"23":21,"24":21,"25":5,"26":16,"27":7},"f":{"0":7,"1":35,"2":31,"3":33,"4":36,"5":31},"b":{"0":[7,2],"1":[33,3],"2":[1,35],"3":[5],"4":[21,10],"5":[0,21],"6":[5,16]},"_coverageSchema":"1a1c01bbd47fc00a2c39e90264f33305004495a9","hash":"fb81b6100a0d3bd94468ded9738e154ad3431b19"}
,"/home/darren/Dev/HomeIot/ApiV2/FluentIot/tests/components/foobar/foobar_component.js": {"path":"/home/darren/Dev/HomeIot/ApiV2/FluentIot/tests/components/foobar/foobar_component.js","statementMap":{"0":{"start":{"line":9,"column":0},"end":{"line":9,"column":33}}},"fnMap":{"0":{"name":"(anonymous_0)","decl":{"start":{"line":4,"column":4},"end":{"line":4,"column":5}},"loc":{"start":{"line":4,"column":11},"end":{"line":5,"column":5}},"line":4}},"branchMap":{},"s":{"0":1},"f":{"0":0},"b":{},"_coverageSchema":"1a1c01bbd47fc00a2c39e90264f33305004495a9","hash":"df4485e253b9b4243d286c5251d778c95a3cb953"}
,"/home/darren/Dev/HomeIot/ApiV2/FluentIot/tests/components/popcorn/popcorn_component.js": {"path":"/home/darren/Dev/HomeIot/ApiV2/FluentIot/tests/components/popcorn/popcorn_component.js","statementMap":{"0":{"start":{"line":9,"column":0},"end":{"line":9,"column":34}}},"fnMap":{"0":{"name":"(anonymous_0)","decl":{"start":{"line":4,"column":4},"end":{"line":4,"column":5}},"loc":{"start":{"line":4,"column":11},"end":{"line":5,"column":5}},"line":4}},"branchMap":{},"s":{"0":1},"f":{"0":0},"b":{},"_coverageSchema":"1a1c01bbd47fc00a2c39e90264f33305004495a9","hash":"61b59b7bebd1cc58d9dd9be3fde1ca00a29c1d0e"}
,"/home/darren/Dev/HomeIot/ApiV2/FluentIot/tests/helpers/component_helper.js": {"path":"/home/darren/Dev/HomeIot/ApiV2/FluentIot/tests/helpers/component_helper.js","statementMap":{"0":{"start":{"line":2,"column":21},"end":{"line":2,"column":38}},"1":{"start":{"line":4,"column":25},"end":{"line":17,"column":1}},"2":{"start":{"line":5,"column":4},"end":{"line":5,"column":32}},"3":{"start":{"line":6,"column":4},"end":{"line":6,"column":38}},"4":{"start":{"line":7,"column":4},"end":{"line":7,"column":40}},"5":{"start":{"line":10,"column":18},"end":{"line":10,"column":37}},"6":{"start":{"line":12,"column":4},"end":{"line":14,"column":7}},"7":{"start":{"line":13,"column":8},"end":{"line":13,"column":21}},"8":{"start":{"line":16,"column":4},"end":{"line":16,"column":26}},"9":{"start":{"line":20,"column":0},"end":{"line":22,"column":1}}},"fnMap":{"0":{"name":"(anonymous_0)","decl":{"start":{"line":4,"column":25},"end":{"line":4,"column":26}},"loc":{"start":{"line":4,"column":37},"end":{"line":17,"column":1}},"line":4},"1":{"name":"(anonymous_1)","decl":{"start":{"line":12,"column":27},"end":{"line":12,"column":28}},"loc":{"start":{"line":12,"column":33},"end":{"line":14,"column":5}},"line":12}},"branchMap":{},"s":{"0":3,"1":3,"2":15,"3":15,"4":15,"5":15,"6":15,"7":34,"8":15,"9":3},"f":{"0":15,"1":34},"b":{},"_coverageSchema":"1a1c01bbd47fc00a2c39e90264f33305004495a9","hash":"1ef9b6439e520d9460ff483efc3ba1d6db143cb7"}
}
