TN:
SF:src/fluent.js
FN:14,(anonymous_0)
FN:36,(anonymous_1)
FN:41,(anonymous_2)
FN:48,(anonymous_3)
FN:62,(anonymous_4)
FN:63,(anonymous_5)
FN:80,(anonymous_6)
FN:83,(anonymous_7)
FN:89,(anonymous_8)
FN:100,(anonymous_9)
FN:101,(anonymous_10)
FN:124,(anonymous_11)
FN:127,(anonymous_12)
FN:139,(anonymous_13)
FN:149,(anonymous_14)
FNF:15
FNH:15
FNDA:1,(anonymous_0)
FNDA:2,(anonymous_1)
FNDA:1,(anonymous_2)
FNDA:1,(anonymous_3)
FNDA:9,(anonymous_4)
FNDA:3,(anonymous_5)
FNDA:3,(anonymous_6)
FNDA:3,(anonymous_7)
FNDA:3,(anonymous_8)
FNDA:15,(anonymous_9)
FNDA:13,(anonymous_10)
FNDA:13,(anonymous_11)
FNDA:2,(anonymous_12)
FNDA:13,(anonymous_13)
FNDA:8,(anonymous_14)
DA:1,1
DA:2,1
DA:3,1
DA:5,1
DA:6,1
DA:7,1
DA:15,1
DA:16,1
DA:17,1
DA:18,1
DA:21,1
DA:22,1
DA:25,1
DA:26,0
DA:27,0
DA:38,2
DA:41,2
DA:42,1
DA:43,1
DA:45,1
DA:47,1
DA:48,1
DA:49,1
DA:50,1
DA:51,1
DA:63,9
DA:64,3
DA:66,3
DA:67,1
DA:70,2
DA:71,2
DA:72,2
DA:74,2
DA:76,2
DA:79,9
DA:81,3
DA:84,3
DA:85,1
DA:87,2
DA:90,3
DA:101,15
DA:103,13
DA:104,1
DA:108,12
DA:109,11
DA:110,1
DA:114,11
DA:115,11
DA:118,11
DA:120,11
DA:123,15
DA:125,13
DA:128,2
DA:140,13
DA:141,2
DA:142,2
DA:145,13
DA:146,9
DA:149,4
DA:150,8
DA:156,1
DA:158,1
LF:62
LH:60
BRDA:21,0,0,1
BRDA:21,0,1,1
BRDA:26,1,0,0
BRDA:26,1,1,0
BRDA:43,2,0,1
BRDA:43,2,1,0
BRDA:49,3,0,1
BRDA:49,3,1,0
BRDA:66,4,0,1
BRDA:66,4,1,2
BRDA:84,5,0,1
BRDA:84,5,1,2
BRDA:103,6,0,1
BRDA:103,6,1,12
BRDA:109,7,0,1
BRDA:109,7,1,10
BRDA:140,8,0,2
BRDA:140,8,1,11
BRDA:145,9,0,9
BRDA:145,9,1,4
BRDA:145,10,0,13
BRDA:145,10,1,11
BRDA:150,11,0,4
BRDA:150,11,1,4
BRF:24
BRH:20
end_of_record
TN:
SF:src/scenario.js
FN:11,(anonymous_0)
FN:41,(anonymous_1)
FN:43,(anonymous_2)
FN:46,(anonymous_3)
FN:49,(anonymous_4)
FN:68,(anonymous_5)
FN:82,(anonymous_6)
FN:88,(anonymous_7)
FN:113,(anonymous_8)
FN:115,(anonymous_9)
FN:117,(anonymous_10)
FN:150,(anonymous_11)
FN:152,(anonymous_12)
FN:164,(anonymous_13)
FN:175,(anonymous_14)
FN:186,(anonymous_15)
FN:196,(anonymous_16)
FN:198,(anonymous_17)
FNF:18
FNH:18
FNDA:22,(anonymous_0)
FNDA:18,(anonymous_1)
FNDA:12,(anonymous_2)
FNDA:7,(anonymous_3)
FNDA:9,(anonymous_4)
FNDA:28,(anonymous_5)
FNDA:27,(anonymous_6)
FNDA:13,(anonymous_7)
FNDA:94,(anonymous_8)
FNDA:138,(anonymous_9)
FNDA:94,(anonymous_10)
FNDA:2,(anonymous_11)
FNDA:2,(anonymous_12)
FNDA:24,(anonymous_13)
FNDA:1,(anonymous_14)
FNDA:19,(anonymous_15)
FNDA:25,(anonymous_16)
FNDA:14,(anonymous_17)
DA:2,1
DA:13,22
DA:14,3
DA:16,19
DA:17,1
DA:20,18
DA:21,18
DA:23,18
DA:24,18
DA:25,18
DA:26,18
DA:27,18
DA:29,18
DA:31,18
DA:33,18
DA:43,18
DA:44,12
DA:46,18
DA:47,7
DA:49,18
DA:50,9
DA:54,18
DA:55,18
DA:56,18
DA:57,18
DA:69,28
DA:70,1
DA:72,27
DA:84,27
DA:87,27
DA:88,27
DA:89,13
DA:92,27
DA:93,27
DA:94,27
DA:96,27
DA:97,27
DA:101,27
DA:103,27
DA:113,22
DA:114,94
DA:116,138
DA:117,138
DA:118,94
DA:121,94
DA:123,67
DA:127,27
DA:129,14
DA:130,14
DA:133,13
DA:135,0
DA:137,0
DA:140,0
DA:151,2
DA:153,2
DA:165,24
DA:169,24
DA:176,1
DA:177,1
DA:178,1
DA:188,19
DA:189,1
DA:193,18
DA:194,18
DA:196,18
DA:197,25
DA:198,25
DA:202,25
DA:203,1
DA:207,24
DA:208,17
DA:209,17
DA:210,17
DA:214,18
DA:219,1
LF:75
LH:72
BRDA:13,0,0,3
BRDA:13,0,1,19
BRDA:16,1,0,1
BRDA:16,1,1,18
BRDA:56,2,0,18
BRDA:56,2,1,0
BRDA:69,3,0,1
BRDA:69,3,1,27
BRDA:84,4,0,13
BRDA:84,4,1,14
BRDA:94,5,0,0
BRDA:94,5,1,27
BRDA:116,6,0,138
BRDA:116,6,1,0
BRDA:121,7,0,67
BRDA:121,7,1,27
BRDA:121,8,0,94
BRDA:121,8,1,93
BRDA:121,8,2,67
BRDA:127,9,0,14
BRDA:127,9,1,13
BRDA:135,10,0,0
BRDA:135,10,1,0
BRDA:135,11,0,0
BRDA:135,11,1,0
BRDA:188,12,0,1
BRDA:188,12,1,18
BRDA:197,13,0,25
BRDA:197,13,1,12
BRDA:198,14,0,25
BRDA:198,14,1,13
BRDA:202,15,0,1
BRDA:202,15,1,24
BRDA:202,16,0,25
BRDA:202,16,1,2
BRDA:207,17,0,17
BRDA:207,17,1,7
BRDA:210,18,0,6
BRDA:210,18,1,11
BRF:39
BRH:32
end_of_record
TN:
SF:src/components/component.js
FN:4,(anonymous_0)
FN:9,(anonymous_1)
FN:16,(anonymous_2)
FNF:3
FNH:3
FNDA:57,(anonymous_0)
FNDA:50,(anonymous_1)
FNDA:53,(anonymous_2)
DA:5,57
DA:6,57
DA:10,50
DA:11,19
DA:13,50
DA:17,53
DA:22,4
LF:7
LH:7
BRDA:10,0,0,19
BRDA:10,0,1,31
BRF:2
BRH:2
end_of_record
TN:
SF:src/components/_mixins/attribute_dsl.js
FN:4,(anonymous_0)
FN:8,(anonymous_1)
FN:14,(anonymous_2)
FN:18,(anonymous_3)
FNF:4
FNH:4
FNDA:17,(anonymous_0)
FNDA:39,(anonymous_1)
FNDA:4,(anonymous_2)
FNDA:9,(anonymous_3)
DA:2,1
DA:4,1
DA:6,17
DA:9,39
DA:10,2
DA:12,37
DA:15,4
DA:16,4
DA:19,9
DA:20,1
DA:22,8
DA:23,8
DA:24,8
DA:31,1
LF:14
LH:14
BRDA:9,0,0,2
BRDA:9,0,1,37
BRDA:19,1,0,1
BRDA:19,1,1,8
BRF:4
BRH:4
end_of_record
TN:
SF:src/components/datetime/datetime_component.js
FN:18,(anonymous_0)
FN:23,(anonymous_1)
FN:25,(anonymous_2)
FN:31,(anonymous_3)
FN:36,(anonymous_4)
FN:41,(anonymous_5)
FN:44,(anonymous_6)
FN:45,(anonymous_7)
FN:50,(anonymous_8)
FN:55,(anonymous_9)
FN:64,(anonymous_10)
FN:67,(anonymous_11)
FN:70,(anonymous_12)
FN:74,(anonymous_13)
FN:90,(anonymous_14)
FN:93,(anonymous_15)
FN:131,(anonymous_16)
FN:141,(anonymous_17)
FNF:18
FNH:18
FNDA:17,(anonymous_0)
FNDA:17,(anonymous_1)
FNDA:5,(anonymous_2)
FNDA:5,(anonymous_3)
FNDA:5,(anonymous_4)
FNDA:18,(anonymous_5)
FNDA:2,(anonymous_6)
FNDA:2,(anonymous_7)
FNDA:16,(anonymous_8)
FNDA:12,(anonymous_9)
FNDA:12,(anonymous_10)
FNDA:7,(anonymous_11)
FNDA:5,(anonymous_12)
FNDA:5,(anonymous_13)
FNDA:7,(anonymous_14)
FNDA:8,(anonymous_15)
FNDA:4,(anonymous_16)
FNDA:16,(anonymous_17)
DA:1,1
DA:2,1
DA:3,1
DA:5,1
DA:19,17
DA:20,17
DA:25,17
DA:26,5
DA:27,5
DA:31,17
DA:32,5
DA:36,17
DA:37,5
DA:42,18
DA:45,2
DA:46,2
DA:48,2
DA:51,16
DA:52,16
DA:53,4
DA:55,12
DA:56,12
DA:58,12
DA:65,12
DA:68,7
DA:69,7
DA:70,7
DA:75,5
DA:76,1
DA:77,1
DA:79,4
DA:80,1
DA:81,1
DA:83,3
DA:84,3
DA:91,7
DA:93,7
DA:94,8
DA:95,8
DA:98,8
DA:99,1
DA:100,1
DA:104,8
DA:105,1
DA:106,1
DA:107,1
DA:108,1
DA:109,1
DA:113,8
DA:114,1
DA:118,8
DA:119,4
DA:123,8
DA:124,1
DA:126,7
DA:130,7
DA:131,4
DA:132,5
DA:133,4
DA:135,1
DA:138,7
DA:142,16
DA:144,16
DA:145,13
DA:146,13
DA:148,13
DA:152,4
DA:156,4
DA:160,4
DA:162,1
DA:166,3
DA:171,1
LF:72
LH:72
BRDA:46,0,0,1
BRDA:46,0,1,1
BRDA:52,1,0,4
BRDA:52,1,1,12
BRDA:75,2,0,1
BRDA:75,2,1,4
BRDA:79,3,0,1
BRDA:79,3,1,3
BRDA:84,4,0,3
BRDA:84,4,1,3
BRDA:98,5,0,1
BRDA:98,5,1,7
BRDA:104,6,0,1
BRDA:104,6,1,7
BRDA:104,7,0,8
BRDA:104,7,1,7
BRDA:113,8,0,1
BRDA:113,8,1,7
BRDA:113,9,0,8
BRDA:113,9,1,6
BRDA:118,10,0,4
BRDA:118,10,1,4
BRDA:118,11,0,8
BRDA:118,11,1,5
BRDA:123,12,0,1
BRDA:123,12,1,7
BRDA:130,13,0,2
BRDA:130,13,1,5
BRDA:132,14,0,4
BRDA:132,14,1,1
BRDA:144,15,0,13
BRDA:144,15,1,3
BRDA:145,16,0,10
BRDA:145,16,1,3
BRDA:146,17,0,12
BRDA:146,17,1,1
BRDA:148,18,0,1
BRDA:148,18,1,4
BRDA:148,18,2,4
BRDA:148,18,3,1
BRDA:148,18,4,4
BRDA:148,18,5,4
BRDA:148,18,6,1
BRDA:148,18,7,4
BRDA:148,18,8,4
BRDA:148,18,9,1
BRF:46
BRH:46
end_of_record
TN:
SF:src/components/room/room.js
FN:6,(anonymous_0)
FN:38,(anonymous_1)
FN:45,(anonymous_2)
FN:69,(anonymous_3)
FN:96,(anonymous_4)
FNF:5
FNH:4
FNDA:17,(anonymous_0)
FNDA:0,(anonymous_1)
FNDA:9,(anonymous_2)
FNDA:5,(anonymous_3)
FNDA:4,(anonymous_4)
DA:1,1
DA:2,1
DA:3,1
DA:7,17
DA:8,17
DA:11,17
DA:14,17
DA:21,17
DA:28,17
DA:29,17
DA:33,17
DA:34,1
DA:38,17
DA:48,9
DA:49,6
DA:50,6
DA:51,5
DA:56,9
DA:60,9
DA:61,4
DA:71,5
DA:72,0
DA:76,5
DA:77,2
DA:81,3
DA:82,3
DA:83,1
DA:87,2
DA:88,2
DA:89,2
DA:97,4
DA:102,1
LF:32
LH:31
BRDA:21,0,0,3
BRDA:21,0,1,14
BRDA:21,1,0,17
BRDA:21,1,1,17
BRDA:33,2,0,1
BRDA:33,2,1,16
BRDA:48,3,0,6
BRDA:48,3,1,3
BRDA:50,4,0,5
BRDA:50,4,1,1
BRDA:60,5,0,4
BRDA:60,5,1,5
BRDA:71,6,0,0
BRDA:71,6,1,5
BRDA:76,7,0,2
BRDA:76,7,1,3
BRDA:82,8,0,1
BRDA:82,8,1,2
BRF:18
BRH:17
end_of_record
TN:
SF:src/components/room/room_component.js
FN:16,(anonymous_0)
FN:27,(anonymous_1)
FN:42,(anonymous_2)
FN:50,(anonymous_3)
FN:52,(anonymous_4)
FN:60,(anonymous_5)
FN:61,(anonymous_6)
FN:68,(anonymous_7)
FN:69,(anonymous_8)
FNF:9
FNH:9
FNDA:17,(anonymous_0)
FNDA:18,(anonymous_1)
FNDA:21,(anonymous_2)
FNDA:3,(anonymous_3)
FNDA:3,(anonymous_4)
FNDA:1,(anonymous_5)
FNDA:1,(anonymous_6)
FNDA:1,(anonymous_7)
FNDA:2,(anonymous_8)
DA:1,1
DA:2,1
DA:3,1
DA:17,17
DA:18,17
DA:28,18
DA:29,1
DA:30,1
DA:32,17
DA:33,17
DA:34,17
DA:43,21
DA:44,2
DA:46,19
DA:47,19
DA:51,3
DA:53,3
DA:54,3
DA:55,1
DA:58,2
DA:61,1
DA:62,1
DA:63,1
DA:66,1
DA:69,1
DA:70,2
DA:71,1
DA:74,1
DA:84,1
LF:29
LH:29
BRDA:28,0,0,1
BRDA:28,0,1,17
BRDA:43,1,0,2
BRDA:43,1,1,19
BRDA:54,2,0,1
BRDA:54,2,1,2
BRDA:62,3,0,1
BRDA:62,3,1,0
BRDA:62,4,0,1
BRDA:62,4,1,1
BRDA:70,5,0,1
BRDA:70,5,1,1
BRDA:70,6,0,2
BRDA:70,6,1,2
BRF:14
BRH:13
end_of_record
TN:
SF:src/components/scene/scene.js
FN:5,(anonymous_0)
FN:11,(anonymous_1)
FNF:2
FNH:2
FNDA:3,(anonymous_0)
FNDA:1,(anonymous_1)
DA:1,1
DA:6,3
DA:7,3
DA:8,3
DA:12,1
DA:13,1
DA:14,1
DA:19,1
LF:8
LH:8
BRF:0
BRH:0
end_of_record
TN:
SF:src/components/scene/scene_component.js
FN:10,(anonymous_0)
FN:21,(anonymous_1)
FN:35,(anonymous_2)
FNF:3
FNH:3
FNDA:5,(anonymous_0)
FNDA:4,(anonymous_1)
FNDA:3,(anonymous_2)
DA:1,1
DA:2,1
DA:11,5
DA:12,5
DA:22,4
DA:23,1
DA:25,3
DA:26,3
DA:27,3
DA:36,3
DA:37,1
DA:39,2
DA:40,2
DA:45,1
LF:14
LH:14
BRDA:22,0,0,1
BRDA:22,0,1,3
BRDA:36,1,0,1
BRDA:36,1,1,2
BRF:4
BRH:4
end_of_record
TN:
SF:src/components/variable/variable_component.js
FN:16,(anonymous_0)
FN:30,(anonymous_1)
FN:54,(anonymous_2)
FN:69,(anonymous_3)
FN:89,(anonymous_4)
FN:108,(anonymous_5)
FN:124,(anonymous_6)
FN:126,(anonymous_7)
FN:128,(anonymous_8)
FN:129,(anonymous_9)
FN:136,(anonymous_10)
FN:137,(anonymous_11)
FN:154,(anonymous_12)
FN:156,(anonymous_13)
FN:158,(anonymous_14)
FNF:15
FNH:15
FNDA:18,(anonymous_0)
FNDA:22,(anonymous_1)
FNDA:3,(anonymous_2)
FNDA:10,(anonymous_3)
FNDA:6,(anonymous_4)
FNDA:16,(anonymous_5)
FNDA:10,(anonymous_6)
FNDA:10,(anonymous_7)
FNDA:8,(anonymous_8)
FNDA:28,(anonymous_9)
FNDA:2,(anonymous_10)
FNDA:7,(anonymous_11)
FNDA:4,(anonymous_12)
FNDA:4,(anonymous_13)
FNDA:4,(anonymous_14)
DA:1,1
DA:2,1
DA:3,1
DA:17,18
DA:18,18
DA:31,22
DA:32,22
DA:35,22
DA:36,16
DA:37,16
DA:38,15
DA:40,1
DA:41,1
DA:45,21
DA:55,3
DA:56,1
DA:58,2
DA:59,2
DA:60,2
DA:70,10
DA:71,4
DA:74,6
DA:75,1
DA:76,1
DA:79,5
DA:90,6
DA:92,6
DA:93,2
DA:94,2
DA:95,2
DA:98,4
DA:109,16
DA:111,16
DA:112,1
DA:115,15
DA:125,10
DA:127,10
DA:129,8
DA:130,28
DA:131,6
DA:134,8
DA:137,2
DA:138,7
DA:139,6
DA:142,2
DA:155,4
DA:157,4
DA:159,4
DA:160,4
DA:170,1
LF:50
LH:50
BRDA:30,0,0,6
BRDA:35,1,0,16
BRDA:35,1,1,6
BRDA:37,2,0,15
BRDA:37,2,1,1
BRDA:55,3,0,1
BRDA:55,3,1,2
BRDA:70,4,0,4
BRDA:70,4,1,6
BRDA:74,5,0,1
BRDA:74,5,1,5
BRDA:92,6,0,2
BRDA:92,6,1,4
BRDA:92,7,0,6
BRDA:92,7,1,6
BRDA:92,7,2,6
BRDA:111,8,0,1
BRDA:111,8,1,15
BRDA:111,9,0,16
BRDA:111,9,1,16
BRDA:111,9,2,15
BRDA:130,10,0,6
BRDA:130,10,1,22
BRDA:130,11,0,28
BRDA:130,11,1,27
BRDA:138,12,0,6
BRDA:138,12,1,1
BRF:27
BRH:27
end_of_record
TN:
SF:src/config/fluent.config.js
FNF:0
FNH:0
DA:3,7
DA:20,7
LF:2
LH:2
BRF:0
BRH:0
end_of_record
TN:
SF:src/config/index.js
FN:5,(anonymous_0)
FN:10,(anonymous_1)
FN:21,(anonymous_2)
FN:27,(anonymous_3)
FN:39,(anonymous_4)
FNF:5
FNH:5
FNDA:7,(anonymous_0)
FNDA:7,(anonymous_1)
FNDA:7,(anonymous_2)
FNDA:7,(anonymous_3)
FNDA:5,(anonymous_4)
DA:1,7
DA:2,7
DA:6,7
DA:11,7
DA:13,7
DA:15,0
DA:16,0
DA:23,7
DA:29,7
DA:30,7
DA:31,0
DA:35,7
DA:40,5
DA:41,0
DA:42,0
DA:45,5
DA:46,5
DA:48,5
DA:49,5
DA:50,5
DA:52,0
DA:53,0
DA:57,5
DA:61,7
LF:24
LH:17
BRDA:30,0,0,0
BRDA:30,0,1,7
BRDA:40,1,0,0
BRDA:40,1,1,5
BRDA:49,2,0,5
BRDA:49,2,1,0
BRDA:49,3,0,5
BRDA:49,3,1,5
BRDA:49,3,2,5
BRF:9
BRH:6
end_of_record
TN:
SF:src/utils/logger.js
FN:4,(anonymous_0)
FN:13,(anonymous_1)
FN:14,(anonymous_2)
FN:21,(anonymous_3)
FN:29,(anonymous_4)
FN:44,(anonymous_5)
FNF:6
FNH:6
FNDA:7,(anonymous_0)
FNDA:35,(anonymous_1)
FNDA:31,(anonymous_2)
FNDA:33,(anonymous_3)
FNDA:36,(anonymous_4)
FNDA:31,(anonymous_5)
DA:1,7
DA:5,7
DA:13,7
DA:14,35
DA:18,7
DA:22,33
DA:23,33
DA:24,33
DA:25,33
DA:26,33
DA:30,36
DA:31,36
DA:34,36
DA:35,1
DA:36,1
DA:37,1
DA:38,1
DA:41,35
DA:45,31
DA:46,31
DA:47,31
DA:49,31
DA:50,21
DA:51,21
DA:52,5
DA:55,16
DA:61,7
LF:27
LH:27
BRDA:18,0,0,7
BRDA:18,0,1,2
BRDA:31,1,0,33
BRDA:31,1,1,3
BRDA:34,2,0,1
BRDA:34,2,1,35
BRDA:44,3,0,5
BRDA:49,4,0,21
BRDA:49,4,1,10
BRDA:50,5,0,0
BRDA:50,5,1,21
BRDA:51,6,0,5
BRDA:51,6,1,16
BRF:13
BRH:12
end_of_record
TN:
SF:tests/components/foobar/foobar_component.js
FN:4,(anonymous_0)
FNF:1
FNH:0
FNDA:0,(anonymous_0)
DA:9,1
LF:1
LH:1
BRF:0
BRH:0
end_of_record
TN:
SF:tests/components/popcorn/popcorn_component.js
FN:4,(anonymous_0)
FNF:1
FNH:0
FNDA:0,(anonymous_0)
DA:9,1
LF:1
LH:1
BRF:0
BRH:0
end_of_record
TN:
SF:tests/helpers/component_helper.js
FN:4,(anonymous_0)
FN:12,(anonymous_1)
FNF:2
FNH:2
FNDA:15,(anonymous_0)
FNDA:34,(anonymous_1)
DA:2,3
DA:4,3
DA:5,15
DA:6,15
DA:7,15
DA:10,15
DA:12,15
DA:13,34
DA:16,15
DA:20,3
LF:10
LH:10
BRF:0
BRH:0
end_of_record
