TN:
SF:src/fluent.js
FN:14,(anonymous_0)
FN:36,(anonymous_1)
FN:41,(anonymous_2)
FN:48,(anonymous_3)
FN:62,(anonymous_4)
FN:63,(anonymous_5)
FN:80,(anonymous_6)
FN:83,(anonymous_7)
FN:89,(anonymous_8)
FN:100,(anonymous_9)
FN:101,(anonymous_10)
FN:124,(anonymous_11)
FN:127,(anonymous_12)
FN:139,(anonymous_13)
FN:149,(anonymous_14)
FNF:15
FNH:15
FNDA:1,(anonymous_0)
FNDA:2,(anonymous_1)
FNDA:1,(anonymous_2)
FNDA:1,(anonymous_3)
FNDA:9,(anonymous_4)
FNDA:3,(anonymous_5)
FNDA:3,(anonymous_6)
FNDA:3,(anonymous_7)
FNDA:3,(anonymous_8)
FNDA:15,(anonymous_9)
FNDA:13,(anonymous_10)
FNDA:13,(anonymous_11)
FNDA:2,(anonymous_12)
FNDA:13,(anonymous_13)
FNDA:8,(anonymous_14)
DA:1,1
DA:2,1
DA:3,1
DA:5,1
DA:6,1
DA:7,1
DA:15,1
DA:16,1
DA:17,1
DA:18,1
DA:21,1
DA:22,1
DA:25,1
DA:26,0
DA:27,0
DA:38,2
DA:41,2
DA:42,1
DA:43,1
DA:45,1
DA:47,1
DA:48,1
DA:49,1
DA:50,1
DA:51,1
DA:63,9
DA:64,3
DA:66,3
DA:67,1
DA:70,2
DA:71,2
DA:72,2
DA:74,2
DA:76,2
DA:79,9
DA:81,3
DA:84,3
DA:85,1
DA:87,2
DA:90,3
DA:101,15
DA:103,13
DA:104,1
DA:108,12
DA:109,11
DA:110,1
DA:114,11
DA:115,11
DA:118,11
DA:120,11
DA:123,15
DA:125,13
DA:128,2
DA:140,13
DA:141,2
DA:142,2
DA:145,13
DA:146,9
DA:149,4
DA:150,8
DA:156,1
DA:158,1
LF:62
LH:60
BRDA:21,0,0,1
BRDA:21,0,1,1
BRDA:26,1,0,0
BRDA:26,1,1,0
BRDA:43,2,0,1
BRDA:43,2,1,0
BRDA:49,3,0,1
BRDA:49,3,1,0
BRDA:66,4,0,1
BRDA:66,4,1,2
BRDA:84,5,0,1
BRDA:84,5,1,2
BRDA:103,6,0,1
BRDA:103,6,1,12
BRDA:109,7,0,1
BRDA:109,7,1,10
BRDA:140,8,0,2
BRDA:140,8,1,11
BRDA:145,9,0,9
BRDA:145,9,1,4
BRDA:145,10,0,13
BRDA:145,10,1,11
BRDA:150,11,0,4
BRDA:150,11,1,4
BRF:24
BRH:20
end_of_record
TN:
SF:src/scenario.js
FN:11,(anonymous_0)
FN:41,(anonymous_1)
FN:43,(anonymous_2)
FN:46,(anonymous_3)
FN:49,(anonymous_4)
FN:68,(anonymous_5)
FN:82,(anonymous_6)
FN:88,(anonymous_7)
FN:113,(anonymous_8)
FN:115,(anonymous_9)
FN:117,(anonymous_10)
FN:150,(anonymous_11)
FN:152,(anonymous_12)
FN:164,(anonymous_13)
FN:175,(anonymous_14)
FN:186,(anonymous_15)
FN:196,(anonymous_16)
FN:198,(anonymous_17)
FNF:18
FNH:18
FNDA:22,(anonymous_0)
FNDA:18,(anonymous_1)
FNDA:12,(anonymous_2)
FNDA:7,(anonymous_3)
FNDA:9,(anonymous_4)
FNDA:28,(anonymous_5)
FNDA:27,(anonymous_6)
FNDA:13,(anonymous_7)
FNDA:94,(anonymous_8)
FNDA:138,(anonymous_9)
FNDA:94,(anonymous_10)
FNDA:2,(anonymous_11)
FNDA:2,(anonymous_12)
FNDA:24,(anonymous_13)
FNDA:1,(anonymous_14)
FNDA:19,(anonymous_15)
FNDA:25,(anonymous_16)
FNDA:14,(anonymous_17)
DA:2,1
DA:13,22
DA:14,3
DA:16,19
DA:17,1
DA:20,18
DA:21,18
DA:23,18
DA:24,18
DA:25,18
DA:26,18
DA:27,18
DA:29,18
DA:31,18
DA:33,18
DA:43,18
DA:44,12
DA:46,18
DA:47,7
DA:49,18
DA:50,9
DA:54,18
DA:55,18
DA:56,18
DA:57,18
DA:69,28
DA:70,1
DA:72,27
DA:84,27
DA:87,27
DA:88,27
DA:89,13
DA:92,27
DA:93,27
DA:94,27
DA:96,27
DA:97,27
DA:101,27
DA:103,27
DA:113,22
DA:114,94
DA:116,138
DA:117,138
DA:118,94
DA:121,94
DA:123,67
DA:127,27
DA:129,14
DA:130,14
DA:133,13
DA:135,0
DA:137,0
DA:140,0
DA:151,2
DA:153,2
DA:165,24
DA:169,24
DA:176,1
DA:177,1
DA:178,1
DA:188,19
DA:189,1
DA:193,18
DA:194,18
DA:196,18
DA:197,25
DA:198,25
DA:202,25
DA:203,1
DA:207,24
DA:208,17
DA:209,17
DA:210,17
DA:214,18
DA:219,1
LF:75
LH:72
BRDA:13,0,0,3
BRDA:13,0,1,19
BRDA:16,1,0,1
BRDA:16,1,1,18
BRDA:56,2,0,18
BRDA:56,2,1,0
BRDA:69,3,0,1
BRDA:69,3,1,27
BRDA:84,4,0,13
BRDA:84,4,1,14
BRDA:94,5,0,0
BRDA:94,5,1,27
BRDA:116,6,0,138
BRDA:116,6,1,0
BRDA:121,7,0,67
BRDA:121,7,1,27
BRDA:121,8,0,94
BRDA:121,8,1,93
BRDA:121,8,2,67
BRDA:127,9,0,14
BRDA:127,9,1,13
BRDA:135,10,0,0
BRDA:135,10,1,0
BRDA:135,11,0,0
BRDA:135,11,1,0
BRDA:188,12,0,1
BRDA:188,12,1,18
BRDA:197,13,0,25
BRDA:197,13,1,12
BRDA:198,14,0,25
BRDA:198,14,1,13
BRDA:202,15,0,1
BRDA:202,15,1,24
BRDA:202,16,0,25
BRDA:202,16,1,2
BRDA:207,17,0,17
BRDA:207,17,1,7
BRDA:210,18,0,6
BRDA:210,18,1,11
BRF:39
BRH:32
end_of_record
TN:
SF:src/components/component.js
FN:4,(anonymous_0)
FN:8,(anonymous_1)
FN:12,(anonymous_2)
FNF:3
FNH:3
FNDA:14,(anonymous_0)
FNDA:2,(anonymous_1)
FNDA:1,(anonymous_2)
DA:5,14
DA:9,2
DA:13,1
DA:18,3
LF:4
LH:4
BRF:0
BRH:0
end_of_record
TN:
SF:src/components/room/room.js
FN:5,(anonymous_0)
FN:24,(anonymous_1)
FN:28,(anonymous_2)
FN:41,(anonymous_3)
FN:65,(anonymous_4)
FN:69,(anonymous_5)
FN:73,(anonymous_6)
FN:83,(anonymous_7)
FNF:8
FNH:2
FNDA:2,(anonymous_0)
FNDA:0,(anonymous_1)
FNDA:0,(anonymous_2)
FNDA:2,(anonymous_3)
FNDA:0,(anonymous_4)
FNDA:0,(anonymous_5)
FNDA:0,(anonymous_6)
FNDA:0,(anonymous_7)
DA:1,1
DA:2,1
DA:6,2
DA:7,2
DA:10,2
DA:17,2
DA:21,2
DA:24,2
DA:25,2
DA:29,0
DA:31,0
DA:33,0
DA:34,0
DA:38,0
DA:42,2
DA:45,2
DA:46,2
DA:50,0
DA:51,0
DA:55,0
DA:57,0
DA:58,0
DA:59,0
DA:61,0
DA:66,0
DA:70,0
DA:74,0
DA:75,0
DA:78,0
DA:79,0
DA:80,0
DA:84,0
DA:89,1
LF:33
LH:13
BRDA:17,0,0,0
BRDA:17,0,1,2
BRDA:17,1,0,2
BRDA:17,1,1,2
BRDA:31,2,0,0
BRDA:31,2,1,0
BRDA:45,3,0,2
BRDA:45,3,1,0
BRDA:50,4,0,0
BRDA:50,4,1,0
BRDA:55,5,0,0
BRDA:55,5,1,0
BRDA:74,6,0,0
BRDA:74,6,1,0
BRF:14
BRH:4
end_of_record
TN:
SF:src/components/room/room_component.js
FN:17,(anonymous_0)
FN:28,(anonymous_1)
FN:43,(anonymous_2)
FN:51,(anonymous_3)
FN:53,(anonymous_4)
FN:55,(anonymous_5)
FN:60,(anonymous_6)
FN:65,(anonymous_7)
FN:67,(anonymous_8)
FNF:9
FNH:3
FNDA:3,(anonymous_0)
FNDA:3,(anonymous_1)
FNDA:2,(anonymous_2)
FNDA:0,(anonymous_3)
FNDA:0,(anonymous_4)
FNDA:0,(anonymous_5)
FNDA:0,(anonymous_6)
FNDA:0,(anonymous_7)
FNDA:0,(anonymous_8)
DA:1,1
DA:2,1
DA:3,1
DA:4,1
DA:18,3
DA:19,3
DA:29,3
DA:30,1
DA:31,1
DA:33,2
DA:34,2
DA:35,2
DA:44,2
DA:45,1
DA:47,1
DA:48,1
DA:52,0
DA:54,0
DA:56,0
DA:57,0
DA:58,0
DA:61,0
DA:62,0
DA:63,0
DA:66,0
DA:68,0
DA:69,0
DA:70,0
DA:81,1
LF:29
LH:17
BRDA:29,0,0,1
BRDA:29,0,1,2
BRDA:44,1,0,1
BRDA:44,1,1,1
BRF:4
BRH:4
end_of_record
TN:
SF:src/components/room/room_triggers.js
FN:3,(anonymous_0)
FN:18,(anonymous_1)
FN:19,(anonymous_2)
FN:27,(anonymous_3)
FN:28,(anonymous_4)
FN:36,(anonymous_5)
FN:67,(anonymous_6)
FN:78,(anonymous_7)
FN:103,(anonymous_8)
FNF:9
FNH:0
FNDA:0,(anonymous_0)
FNDA:0,(anonymous_1)
FNDA:0,(anonymous_2)
FNDA:0,(anonymous_3)
FNDA:0,(anonymous_4)
FNDA:0,(anonymous_5)
FNDA:0,(anonymous_6)
FNDA:0,(anonymous_7)
FNDA:0,(anonymous_8)
DA:4,0
DA:5,0
DA:8,0
DA:11,0
DA:19,0
DA:20,0
DA:21,0
DA:24,0
DA:28,0
DA:29,0
DA:30,0
DA:33,0
DA:44,0
DA:45,0
DA:46,0
DA:49,0
DA:50,0
DA:54,0
DA:55,0
DA:59,0
DA:60,0
DA:64,0
DA:67,0
DA:68,0
DA:69,0
DA:70,0
DA:74,0
DA:79,0
DA:80,0
DA:83,0
DA:84,0
DA:85,0
DA:87,0
DA:89,0
DA:91,0
DA:93,0
DA:95,0
DA:97,0
DA:99,0
DA:104,0
DA:110,0
DA:116,0
DA:118,0
DA:125,1
LF:44
LH:1
BRDA:20,0,0,0
BRDA:20,0,1,0
BRDA:20,1,0,0
BRDA:20,1,1,0
BRDA:29,2,0,0
BRDA:29,2,1,0
BRDA:29,3,0,0
BRDA:29,3,1,0
BRDA:44,4,0,0
BRDA:44,4,1,0
BRDA:45,5,0,0
BRDA:45,5,1,0
BRDA:46,6,0,0
BRDA:46,6,1,0
BRDA:49,7,0,0
BRDA:49,7,1,0
BRDA:54,8,0,0
BRDA:54,8,1,0
BRDA:59,9,0,0
BRDA:59,9,1,0
BRDA:69,10,0,0
BRDA:69,10,1,0
BRDA:79,11,0,0
BRDA:79,11,1,0
BRDA:79,12,0,0
BRDA:79,12,1,0
BRDA:87,13,0,0
BRDA:87,13,1,0
BRDA:87,13,2,0
BRDA:87,13,3,0
BRDA:87,13,4,0
BRDA:87,13,5,0
BRDA:104,14,0,0
BRDA:104,14,1,0
BRDA:104,14,2,0
BRDA:104,14,3,0
BRDA:104,14,4,0
BRDA:104,14,5,0
BRDA:104,14,6,0
BRDA:104,14,7,0
BRDA:104,14,8,0
BRDA:104,14,9,0
BRDA:104,14,10,0
BRF:43
BRH:0
end_of_record
TN:
SF:src/components/scene/scene.js
FN:5,(anonymous_0)
FN:11,(anonymous_1)
FNF:2
FNH:2
FNDA:3,(anonymous_0)
FNDA:1,(anonymous_1)
DA:1,1
DA:6,3
DA:7,3
DA:8,3
DA:12,1
DA:13,1
DA:14,1
DA:19,1
LF:8
LH:8
BRF:0
BRH:0
end_of_record
TN:
SF:src/components/scene/scene_component.js
FN:10,(anonymous_0)
FN:21,(anonymous_1)
FN:35,(anonymous_2)
FNF:3
FNH:3
FNDA:5,(anonymous_0)
FNDA:4,(anonymous_1)
FNDA:3,(anonymous_2)
DA:1,1
DA:2,1
DA:11,5
DA:12,5
DA:22,4
DA:23,1
DA:25,3
DA:26,3
DA:27,3
DA:36,3
DA:37,1
DA:39,2
DA:40,2
DA:45,1
LF:14
LH:14
BRDA:22,0,0,1
BRDA:22,0,1,3
BRDA:36,1,0,1
BRDA:36,1,1,2
BRF:4
BRH:4
end_of_record
TN:
SF:src/components/variable/variable_component.js
FN:16,(anonymous_0)
FN:30,(anonymous_1)
FN:54,(anonymous_2)
FN:69,(anonymous_3)
FN:89,(anonymous_4)
FN:108,(anonymous_5)
FN:124,(anonymous_6)
FN:126,(anonymous_7)
FN:128,(anonymous_8)
FN:129,(anonymous_9)
FN:136,(anonymous_10)
FN:137,(anonymous_11)
FN:154,(anonymous_12)
FN:156,(anonymous_13)
FN:158,(anonymous_14)
FNF:15
FNH:7
FNDA:6,(anonymous_0)
FNDA:0,(anonymous_1)
FNDA:0,(anonymous_2)
FNDA:0,(anonymous_3)
FNDA:0,(anonymous_4)
FNDA:0,(anonymous_5)
FNDA:10,(anonymous_6)
FNDA:10,(anonymous_7)
FNDA:8,(anonymous_8)
FNDA:28,(anonymous_9)
FNDA:2,(anonymous_10)
FNDA:7,(anonymous_11)
FNDA:0,(anonymous_12)
FNDA:0,(anonymous_13)
FNDA:0,(anonymous_14)
DA:1,1
DA:2,1
DA:3,1
DA:17,6
DA:18,6
DA:31,0
DA:32,0
DA:35,0
DA:36,0
DA:37,0
DA:38,0
DA:40,0
DA:41,0
DA:45,0
DA:55,0
DA:56,0
DA:58,0
DA:59,0
DA:60,0
DA:70,0
DA:71,0
DA:74,0
DA:75,0
DA:76,0
DA:79,0
DA:90,0
DA:92,0
DA:93,0
DA:94,0
DA:95,0
DA:98,0
DA:109,0
DA:111,0
DA:112,0
DA:115,0
DA:125,10
DA:127,10
DA:129,8
DA:130,28
DA:131,6
DA:134,8
DA:137,2
DA:138,7
DA:139,6
DA:142,2
DA:155,0
DA:157,0
DA:159,0
DA:160,0
DA:170,1
LF:50
LH:16
BRDA:30,0,0,0
BRDA:35,1,0,0
BRDA:35,1,1,0
BRDA:37,2,0,0
BRDA:37,2,1,0
BRDA:55,3,0,0
BRDA:55,3,1,0
BRDA:70,4,0,0
BRDA:70,4,1,0
BRDA:74,5,0,0
BRDA:74,5,1,0
BRDA:92,6,0,0
BRDA:92,6,1,0
BRDA:92,7,0,0
BRDA:92,7,1,0
BRDA:92,7,2,0
BRDA:111,8,0,0
BRDA:111,8,1,0
BRDA:111,9,0,0
BRDA:111,9,1,0
BRDA:111,9,2,0
BRDA:130,10,0,6
BRDA:130,10,1,22
BRDA:130,11,0,28
BRDA:130,11,1,27
BRDA:138,12,0,6
BRDA:138,12,1,1
BRF:27
BRH:6
end_of_record
TN:
SF:src/config/fluent.config.js
FNF:0
FNH:0
DA:3,6
DA:20,6
LF:2
LH:2
BRF:0
BRH:0
end_of_record
TN:
SF:src/config/index.js
FN:5,(anonymous_0)
FN:10,(anonymous_1)
FN:21,(anonymous_2)
FN:27,(anonymous_3)
FN:39,(anonymous_4)
FNF:5
FNH:5
FNDA:6,(anonymous_0)
FNDA:6,(anonymous_1)
FNDA:6,(anonymous_2)
FNDA:6,(anonymous_3)
FNDA:4,(anonymous_4)
DA:1,6
DA:2,6
DA:6,6
DA:11,6
DA:13,6
DA:15,0
DA:16,0
DA:23,6
DA:29,6
DA:30,6
DA:31,0
DA:35,6
DA:40,4
DA:41,0
DA:42,0
DA:45,4
DA:46,4
DA:48,4
DA:49,4
DA:50,4
DA:52,0
DA:53,0
DA:57,4
DA:61,6
LF:24
LH:17
BRDA:30,0,0,0
BRDA:30,0,1,6
BRDA:40,1,0,0
BRDA:40,1,1,4
BRDA:49,2,0,4
BRDA:49,2,1,0
BRDA:49,3,0,4
BRDA:49,3,1,4
BRDA:49,3,2,4
BRF:9
BRH:6
end_of_record
TN:
SF:src/utils/logger.js
FN:4,(anonymous_0)
FN:13,(anonymous_1)
FN:14,(anonymous_2)
FN:21,(anonymous_3)
FN:29,(anonymous_4)
FN:44,(anonymous_5)
FNF:6
FNH:6
FNDA:6,(anonymous_0)
FNDA:30,(anonymous_1)
FNDA:31,(anonymous_2)
FNDA:33,(anonymous_3)
FNDA:36,(anonymous_4)
FNDA:31,(anonymous_5)
DA:1,6
DA:5,6
DA:13,6
DA:14,31
DA:18,6
DA:22,33
DA:23,33
DA:24,33
DA:25,33
DA:26,33
DA:30,36
DA:31,36
DA:34,36
DA:35,1
DA:36,1
DA:37,1
DA:38,1
DA:41,35
DA:45,31
DA:46,31
DA:47,31
DA:49,31
DA:50,21
DA:51,21
DA:52,5
DA:55,16
DA:61,6
LF:27
LH:27
BRDA:18,0,0,6
BRDA:18,0,1,2
BRDA:31,1,0,33
BRDA:31,1,1,3
BRDA:34,2,0,1
BRDA:34,2,1,35
BRDA:44,3,0,5
BRDA:49,4,0,21
BRDA:49,4,1,10
BRDA:50,5,0,0
BRDA:50,5,1,21
BRDA:51,6,0,5
BRDA:51,6,1,16
BRF:13
BRH:12
end_of_record
TN:
SF:tests/components/foobar/foobar_component.js
FN:4,(anonymous_0)
FNF:1
FNH:0
FNDA:0,(anonymous_0)
DA:9,1
LF:1
LH:1
BRF:0
BRH:0
end_of_record
TN:
SF:tests/components/popcorn/popcorn_component.js
FN:4,(anonymous_0)
FNF:1
FNH:0
FNDA:0,(anonymous_0)
DA:9,1
LF:1
LH:1
BRF:0
BRH:0
end_of_record
TN:
SF:tests/helpers/component_helper.js
FN:4,(anonymous_0)
FN:12,(anonymous_1)
FNF:2
FNH:2
FNDA:6,(anonymous_0)
FNDA:25,(anonymous_1)
DA:2,1
DA:4,1
DA:5,6
DA:6,6
DA:7,6
DA:10,6
DA:12,6
DA:13,25
DA:16,6
DA:20,1
LF:10
LH:10
BRF:0
BRH:0
end_of_record
